Oyster v.4.3.0
RunScript: MergePurgeRunScript.xml
Attribute: ./MergePurge/Scripts/MergePurgeAttributesMain.xml
Initializing Index...
Index Type: TalburtZhouInvertedIndex

OysterIdentityRecord Type: Map

ClusterRecord Type: UNKNOWN

Initializing EntityMap...
EntityMap Type: EntityMap

Link Output Type: TextFile
Link Output: ./MergePurge/Output/MergePurgeIndex.link

Engine Type: OysterClusterEngine

Bypassing Least Common Rule filter


Source: ./MergePurge/Input/merged_data_Final.txt

Records processed for ./MergePurge/Scripts/MergePurgeSourceDescriptor.xml: 271142(0)

# of Consolidation Steps: 0


###################
## Summary Stats ##
###################
Total Records Processed          :      271,142
Total Clusters                   :      100,444
Max Cluster Size                 :           62
Min Cluster Size > 1             :            2
Min Cluster Size                 :            1


###################
## Cluster Stats ##
###################
Cluster Size Distribution
Cluster Size     # of Clusters        # of Records
           1            66,907              66,907
           2            13,349              26,698
           3             4,160              12,480
           4             1,953               7,812
           5             1,577               7,885
           6             1,353               8,118
           7             1,146               8,022
           8             1,210               9,680
           9             1,362              12,258
          10             1,065              10,650
          11             1,026              11,286
          12               885              10,620
          13               731               9,503
          14               553               7,742
          15               515               7,725
          16               435               6,960
          17               413               7,021
          18               335               6,030
          19               274               5,206
          20               265               5,300
          21               196               4,116
          22               131               2,882
          23               115               2,645
          24               100               2,400
          25                77               1,925
          26                64               1,664
          27                43               1,161
          28                49               1,372
          29                27                 783
          30                30                 900
          31                25                 775
          32                19                 608
          33                13                 429
          34                 7                 238
          35                 8                 280
          36                 6                 216
          37                 7                 259
          38                 1                  38
          39                 2                  78
          40                 2                  80
          41                 1                  41
          43                 1                  43
          44                 1                  44
          46                 1                  46
          50                 1                  50
          51                 1                  51
          53                 1                  53
          62                 1                  62

Clusters loaded                  :            0
References loaded                :            0
Avg # of Refs/Cluster            :          NaN


Average Cluster Grouping         :           25
Average Cluster by Count         :        2,092
Average Cluster Size             :      2.69943
Number of Duplicate Recs         :      170,698
Duplication Rate                 :      0.62955


Total Candidates Size            :   15,395,047
Total DeDup Candidates Size      :    5,975,014
Total # Candidates               :      175,051
Avg Candidates per Input         :     87.94607
Total Matched Count              :      136,395
Matches per Candidates Size      :      0.00886
Matches per DeDup Candidates Size:      0.02283
Matches per Candidates           :      0.77917


#########################
##   First Rule Stats  ##
#########################
Number of Rules: 0
Rule Firing Distribution
Rule                          Counts
1                            55,481
2                             8,083
3                            56,682
4                             5,139
5                            11,010


############################
##   Complete Rule Stats  ##
############################
Rule Firing Distribution
Rule                          Counts
[1, 2, 5]                     1,589
[1, 2]                       38,074
[1, 4, 5]                       622
[1, 4]                          814
[1, 5]                        1,581
[1]                          76,232
[2, 3]                            5
[2, 5]                        1,222
[2]                          10,564
[3, 5]                       14,619
[3]                          67,033
[4, 5]                        4,860
[4]                           5,283
[5]                          11,586


###################
##  Index Stats  ##
###################
Keys                    :      204,600
Total tokens            :      520,474
Unique tokens           :      245,869
Max tokens per key      :          470
Min tokens per key      :            1
Min tokens > 1 per key  :            2

Total tokens per key    :      2.54386
Unique tokens per key   :      1.20171
Total per Unique tokens :      2.11688
Unique per Total tokens :      0.47239

Skewness                :      1.07083
Kurtosis                :      1.15627
Excess                  :     -1.84373

Max key                 : 1389

Top 10 keys             : 
470                        : 1389
432                        : 0139
431                        : 1269
414                        : 1679
410                        : 0248
404                        : 0468
401                        : 1369, 0149
399                        : 0358
395                        : 1268
394                        : 0127


Candidate Size     # of Candidates        # of Records
             0              96,091                   0
             1              28,440              28,440
             2              11,056              22,112
             3               4,885              14,655
             4               2,500              10,000
             5               2,342              11,710
             6                 800               4,800
             7                 761               5,327
             8                 734               5,872
             9                 722               6,498
            10                 710               7,100
            11                 711               7,821
            12                 705               8,460
            13                 712               9,256
            14                 703               9,842
            15                 707              10,605
            16                 701              11,216
            17                 705              11,985
            18                 700              12,600
            19                 703              13,357
            20                 693              13,860
            21                 692              14,532
            22                 702              15,444
            23                 694              15,962
            24                 694              16,656
            25                 691              17,275
            26                 684              17,784
            27                 680              18,360
            28                 692              19,376
            29                 689              19,981
            30                 689              20,670
            31                 681              21,111
            32                 678              21,696
            33                 684              22,572
            34                 684              23,256
            35                 688              24,080
            36                 679              24,444
            37                 666              24,642
            38                 670              25,460
            39                 669              26,091
            40                 668              26,720
            41                 673              27,593
            42                 656              27,552
            43                 668              28,724
            44                 664              29,216
            45                 651              29,295
            46                 655              30,130
            47                 655              30,785
            48                 636              30,528
            49                 651              31,899
            50                 641              32,050
            51                 659              33,609
            52                 638              33,176
            53                 645              34,185
            54                 645              34,830
            55                 637              35,035
            56                 631              35,336
            57                 616              35,112
            58                 625              36,250
            59                 629              37,111
            60                 621              37,260
            61                 629              38,369
            62                 610              37,820
            63                 627              39,501
            64                 611              39,104
            65                 609              39,585
            66                 613              40,458
            67                 615              41,205
            68                 618              42,024
            69                 582              40,158
            70                 605              42,350
            71                 606              43,026
            72                 607              43,704
            73                 612              44,676
            74                 618              45,732
            75                 586              43,950
            76                 592              44,992
            77                 592              45,584
            78                 594              46,332
            79                 587              46,373
            80                 594              47,520
            81                 587              47,547
            82                 591              48,462
            83                 571              47,393
            84                 563              47,292
            85                 581              49,385
            86                 573              49,278
            87                 575              50,025
            88                 553              48,664
            89                 571              50,819
            90                 583              52,470
            91                 570              51,870
            92                 567              52,164
            93                 562              52,266
            94                 569              53,486
            95                 585              55,575
            96                 547              52,512
            97                 551              53,447
            98                 543              53,214
            99                 548              54,252
           100                 546              54,600
           101                 546              55,146
           102                 579              59,058
           103                 545              56,135
           104                 557              57,928
           105                 528              55,440
           106                 553              58,618
           107                 547              58,529
           108                 539              58,212
           109                 513              55,917
           110                 541              59,510
           111                 530              58,830
           112                 545              61,040
           113                 542              61,246
           114                 515              58,710
           115                 509              58,535
           116                 520              60,320
           117                 516              60,372
           118                 534              63,012
           119                 539              64,141
           120                 537              64,440
           121                 521              63,041
           122                 486              59,292
           123                 498              61,254
           124                 516              63,984
           125                 508              63,500
           126                 476              59,976
           127                 512              65,024
           128                 509              65,152
           129                 480              61,920
           130                 490              63,700
           131                 480              62,880
           132                 501              66,132
           133                 496              65,968
           134                 493              66,062
           135                 475              64,125
           136                 470              63,920
           137                 460              63,020
           138                 454              62,652
           139                 490              68,110
           140                 448              62,720
           141                 471              66,411
           142                 455              64,610
           143                 448              64,064
           144                 428              61,632
           145                 442              64,090
           146                 451              65,846
           147                 455              66,885
           148                 436              64,528
           149                 407              60,643
           150                 430              64,500
           151                 405              61,155
           152                 423              64,296
           153                 416              63,648
           154                 409              62,986
           155                 447              69,285
           156                 349              54,444
           157                 419              65,783
           158                 393              62,094
           159                 393              62,487
           160                 376              60,160
           161                 376              60,536
           162                 374              60,588
           163                 370              60,310
           164                 361              59,204
           165                 338              55,770
           166                 346              57,436
           167                 364              60,788
           168                 349              58,632
           169                 349              58,981
           170                 331              56,270
           171                 343              58,653
           172                 340              58,480
           173                 322              55,706
           174                 320              55,680
           175                 336              58,800
           176                 317              55,792
           177                 336              59,472
           178                 299              53,222
           179                 299              53,521
           180                 323              58,140
           181                 293              53,033
           182                 298              54,236
           183                 296              54,168
           184                 327              60,168
           185                 297              54,945
           186                 298              55,428
           187                 262              48,994
           188                 277              52,076
           189                 303              57,267
           190                 297              56,430
           191                 268              51,188
           192                 266              51,072
           193                 264              50,952
           194                 285              55,290
           195                 286              55,770
           196                 258              50,568
           197                 257              50,629
           198                 244              48,312
           199                 250              49,750
           200                 234              46,800
           201                 245              49,245
           202                 261              52,722
           203                 269              54,607
           204                 243              49,572
           205                 233              47,765
           206                 253              52,118
           207                 221              45,747
           208                 226              47,008
           209                 221              46,189
           210                 246              51,660
           211                 251              52,961
           212                 228              48,336
           213                 228              48,564
           214                 242              51,788
           215                 248              53,320
           216                 214              46,224
           217                 217              47,089
           218                 210              45,780
           219                 207              45,333
           220                 245              53,900
           221                 218              48,178
           222                 243              53,946
           223                 192              42,816
           224                 214              47,936
           225                 212              47,700
           226                 214              48,364
           227                 205              46,535
           228                 226              51,528
           229                 223              51,067
           230                 202              46,460
           231                 204              47,124
           232                 190              44,080
           233                 214              49,862
           234                 210              49,140
           235                 205              48,175
           236                 196              46,256
           237                 205              48,585
           238                 228              54,264
           239                 203              48,517
           240                 202              48,480
           241                 198              47,718
           242                 177              42,834
           243                 203              49,329
           244                 208              50,752
           245                 176              43,120
           246                 203              49,938
           247                 197              48,659
           248                 178              44,144
           249                 189              47,061
           250                 160              40,000
           251                 217              54,467
           252                 188              47,376
           253                 182              46,046
           254                 193              49,022
           255                 196              49,980
           256                 174              44,544
           257                 175              44,975
           258                 184              47,472
           259                 187              48,433
           260                 190              49,400
           261                 176              45,936
           262                 173              45,326
           263                 173              45,499
           264                 167              44,088
           265                 171              45,315
           266                 194              51,604
           267                 165              44,055
           268                 169              45,292
           269                 164              44,116
           270                 177              47,790
           271                 160              43,360
           272                 178              48,416
           273                 171              46,683
           274                 163              44,662
           275                 154              42,350
           276                 170              46,920
           277                 172              47,644
           278                 144              40,032
           279                 150              41,850
           280                 160              44,800
           281                 145              40,745
           282                 145              40,890
           283                 155              43,865
           284                 139              39,476
           285                 141              40,185
           286                 130              37,180
           287                 140              40,180
           288                 152              43,776
           289                 131              37,859
           290                 116              33,640
           291                 146              42,486
           292                 118              34,456
           293                 129              37,797
           294                 125              36,750
           295                 110              32,450
           296                 106              31,376
           297                 117              34,749
           298                 136              40,528
           299                  98              29,302
           300                 102              30,600
           301                 115              34,615
           302                 109              32,918
           303                 108              32,724
           304                 111              33,744
           305                  98              29,890
           306                  91              27,846
           307                  98              30,086
           308                  88              27,104
           309                  90              27,810
           310                  93              28,830
           311                  92              28,612
           312                  87              27,144
           313                  92              28,796
           314                  77              24,178
           315                  81              25,515
           316                  73              23,068
           317                  75              23,775
           318                  74              23,532
           319                  81              25,839
           320                  73              23,360
           321                  78              25,038
           322                  82              26,404
           323                  63              20,349
           324                  82              26,568
           325                  65              21,125
           326                  65              21,190
           327                  65              21,255
           328                  59              19,352
           329                  66              21,714
           330                  67              22,110
           331                  77              25,487
           332                  63              20,916
           333                  59              19,647
           334                  58              19,372
           335                  72              24,120
           336                  60              20,160
           337                  58              19,546
           338                  63              21,294
           339                  59              20,001
           340                  71              24,140
           341                  51              17,391
           342                  68              23,256
           343                  47              16,121
           344                  52              17,888
           345                  57              19,665
           346                  50              17,300
           347                  50              17,350
           348                  56              19,488
           349                  49              17,101
           350                  54              18,900
           351                  42              14,742
           352                  43              15,136
           353                  43              15,179
           354                  61              21,594
           355                  52              18,460
           356                  44              15,664
           357                  28               9,996
           358                  36              12,888
           359                  37              13,283
           360                  46              16,560
           361                  26               9,386
           362                  40              14,480
           363                  49              17,787
           364                  35              12,740
           365                  30              10,950
           366                  26               9,516
           367                  35              12,845
           368                  33              12,144
           369                  24               8,856
           370                  30              11,100
           371                  28              10,388
           372                  23               8,556
           373                  32              11,936
           374                  22               8,228
           375                  19               7,125
           376                  26               9,776
           377                  27              10,179
           378                  21               7,938
           379                  17               6,443
           380                  24               9,120
           381                  15               5,715
           382                  23               8,786
           383                  25               9,575
           384                  15               5,760
           385                  10               3,850
           386                  23               8,878
           387                  12               4,644
           388                  24               9,312
           389                  16               6,224
           390                  14               5,460
           391                  18               7,038
           392                  13               5,096
           393                   8               3,144
           394                  10               3,940
           395                  11               4,345
           396                  10               3,960
           397                  14               5,558
           398                   5               1,990
           399                   8               3,192
           400                   8               3,200
           401                   5               2,005
           402                  10               4,020
           403                   4               1,612
           404                   3               1,212
           405                   8               3,240
           406                   9               3,654
           407                   1                 407
           408                   9               3,672
           409                   5               2,045
           410                   8               3,280
           411                   3               1,233
           412                   2                 824
           413                   4               1,652
           414                   4               1,656
           415                   4               1,660
           416                   5               2,080
           417                   3               1,251
           420                   8               3,360
           421                   3               1,263
           422                   3               1,266
           423                   3               1,269
           424                   4               1,696
           425                   2                 850
           426                   3               1,278
           427                   2                 854
           428                   4               1,712
           429                   4               1,716
           430                   1                 430
           431                   2                 862
           432                   1                 432
           433                   2                 866
           434                   3               1,302
           435                   1                 435
           436                   2                 872
           437                   1                 437
           439                   2                 878
           441                   2                 882
           442                   1                 442
           443                   1                 443
           444                   1                 444
           445                   2                 890
           448                   2                 896
           449                   1                 449
           450                   1                 450
           451                   1                 451
           452                   2                 904
           453                   1                 453
           454                   1                 454
           456                   2                 912
           459                   1                 459
           460                   2                 920
           461                   2                 922
           462                   1                 462
           464                   1                 464
           465                   1                 465
           466                   2                 932
           468                   2                 936
           469                   2                 938


   Index Group          Index Size        # of Records
             1             113,170             113,170
             2              56,537             113,074
             3               8,359              25,077
             4              12,053              48,212
             5               2,268              11,340
             6               7,665              45,990
             7               1,226               8,582
             8               1,021               8,168
             9                 524               4,716
            10                 447               4,470
            11                 220               2,420
            12                 168               2,016
            13                  99               1,287
            14                  51                 714
            15                  37                 555
            16                  25                 400
            17                   8                 136
            18                   9                 162
            19                   5                  95
            20                   3                  60
            21                   3                  63
            22                   4                  88
            23                   1                  23
            25                   3                  75
            26                   1                  26
            27                   1                  27
            28                   1                  28
            30                   2                  60
            31                   2                  62
            32                   3                  96
            34                   1                  34
            35                   1                  35
            36                   2                  72
            37                   4                 148
            38                   1                  38
            39                   3                 117
            40                   1                  40
            41                   3                 123
            42                   1                  42
            43                   5                 215
            45                   2                  90
            46                   2                  92
            47                   2                  94
            48                   3                 144
            49                   2                  98
            50                   3                 150
            51                   2                 102
            52                   4                 208
            53                   2                 106
            54                   4                 216
            55                   3                 165
            56                   1                  56
            57                   1                  57
            58                   1                  58
            59                   2                 118
            60                   3                 180
            61                   2                 122
            62                   1                  62
            63                   3                 189
            64                   2                 128
            68                   1                  68
            69                   3                 207
            71                   1                  71
            72                   1                  72
            73                   2                 146
            74                   3                 222
            75                   3                 225
            76                   3                 228
            77                   2                 154
            78                   2                 156
            79                   2                 158
            81                   2                 162
            82                   4                 328
            83                   1                  83
            86                   1                  86
            87                   2                 174
            88                   2                 176
            89                   1                  89
            90                   2                 180
            91                   1                  91
            92                   4                 368
            93                   3                 279
            94                   2                 188
            95                   3                 285
            96                   2                 192
            97                   2                 194
            98                   1                  98
           100                   2                 200
           101                   2                 202
           102                   3                 306
           103                   1                 103
           104                   1                 104
           105                   2                 210
           106                   3                 318
           107                   1                 107
           108                   2                 216
           109                   1                 109
           110                   1                 110
           111                   3                 333
           112                   5                 560
           113                   2                 226
           114                   2                 228
           115                   2                 230
           116                   1                 116
           117                   2                 234
           118                   5                 590
           121                   1                 121
           122                   2                 244
           123                   3                 369
           124                   4                 496
           125                   3                 375
           126                   6                 756
           127                   5                 635
           128                   1                 128
           129                   1                 129
           130                   2                 260
           131                   1                 131
           132                   3                 396
           133                   6                 798
           134                   2                 268
           135                   2                 270
           136                   5                 680
           137                   3                 411
           138                   1                 138
           139                   5                 695
           140                   7                 980
           141                   6                 846
           142                   4                 568
           144                   4                 576
           145                   2                 290
           146                   4                 584
           147                   1                 147
           148                   2                 296
           149                   6                 894
           150                   6                 900
           151                   4                 604
           152                   6                 912
           153                   3                 459
           154                   2                 308
           155                   2                 310
           156                   5                 780
           157                   2                 314
           158                   7               1,106
           159                   7               1,113
           160                   2                 320
           161                   4                 644
           162                   7               1,134
           163                   7               1,141
           164                   3                 492
           165                   7               1,155
           166                   3                 498
           167                   2                 334
           168                   3                 504
           169                   1                 169
           170                   5                 850
           171                   2                 342
           172                   5                 860
           173                   4                 692
           174                   1                 174
           175                   4                 700
           176                   2                 352
           177                   8               1,416
           178                   2                 356
           179                   2                 358
           180                   2                 360
           181                   4                 724
           182                   3                 546
           183                   2                 366
           184                   2                 368
           185                   1                 185
           186                   4                 744
           187                   2                 374
           188                   1                 188
           189                   6               1,134
           190                   2                 380
           191                   5                 955
           192                   4                 768
           193                   2                 386
           194                   7               1,358
           195                   4                 780
           196                   3                 588
           197                   1                 197
           198                   1                 198
           199                   2                 398
           200                   1                 200
           201                   3                 603
           202                   1                 202
           203                   1                 203
           204                   1                 204
           205                   4                 820
           206                   2                 412
           208                   1                 208
           209                   2                 418
           210                   1                 210
           211                   1                 211
           212                   1                 212
           213                   2                 426
           214                   2                 428
           215                   3                 645
           216                   2                 432
           217                   3                 651
           219                   2                 438
           222                   1                 222
           223                   2                 446
           225                   1                 225
           226                   1                 226
           227                   2                 454
           228                   1                 228
           229                   1                 229
           230                   1                 230
           231                   1                 231
           232                   1                 232
           235                   1                 235
           236                   2                 472
           237                   1                 237
           238                   1                 238
           240                   1                 240
           241                   3                 723
           242                   4                 968
           243                   1                 243
           246                   1                 246
           247                   1                 247
           249                   1                 249
           250                   2                 500
           251                   1                 251
           252                   1                 252
           254                   1                 254
           257                   1                 257
           258                   4               1,032
           260                   2                 520
           262                   1                 262
           263                   1                 263
           264                   2                 528
           265                   2                 530
           267                   2                 534
           270                   1                 270
           271                   2                 542
           272                   1                 272
           273                   1                 273
           274                   4               1,096
           275                   2                 550
           276                   1                 276
           277                   3                 831
           278                   3                 834
           279                   1                 279
           280                   1                 280
           281                   5               1,405
           282                   2                 564
           283                   1                 283
           285                   3                 855
           286                   1                 286
           287                   3                 861
           288                   2                 576
           289                   3                 867
           290                   2                 580
           291                   1                 291
           292                   5               1,460
           293                   1                 293
           294                   3                 882
           295                   4               1,180
           296                   3                 888
           297                   1                 297
           299                   1                 299
           300                   2                 600
           301                   2                 602
           302                   2                 604
           303                   3                 909
           304                   3                 912
           306                   1                 306
           307                   4               1,228
           308                   1                 308
           309                   1                 309
           310                   2                 620
           311                   3                 933
           312                   2                 624
           313                   2                 626
           315                   2                 630
           316                   3                 948
           317                   1                 317
           321                   1                 321
           322                   1                 322
           323                   5               1,615
           325                   1                 325
           330                   3                 990
           332                   1                 332
           333                   1                 333
           337                   1                 337
           338                   1                 338
           339                   2                 678
           340                   2                 680
           342                   1                 342
           343                   2                 686
           347                   2                 694
           348                   1                 348
           349                   2                 698
           350                   1                 350
           351                   1                 351
           353                   1                 353
           354                   2                 708
           355                   2                 710
           356                   1                 356
           357                   1                 357
           358                   1                 358
           361                   1                 361
           362                   1                 362
           363                   2                 726
           364                   2                 728
           365                   2                 730
           366                   1                 366
           370                   1                 370
           372                   4               1,488
           373                   1                 373
           375                   1                 375
           378                   2                 756
           381                   1                 381
           383                   1                 383
           385                   1                 385
           387                   1                 387
           388                   2                 776
           390                   1                 390
           391                   1                 391
           392                   1                 392
           394                   1                 394
           395                   1                 395
           399                   1                 399
           401                   2                 802
           404                   1                 404
           410                   1                 410
           414                   1                 414
           431                   1                 431
           432                   1                 432
           470                   1                 470






####################
##  Timing Stats  ##
####################
Elapsed Seconds                  :              131
Throughput (records/hour)        :  7,451,230.53435
Average Matching Latency (ms)    :         0.395446
Max Matching Latency (ms)        :               36
Min Matching Latency (ms)        :                0
Average Non-Matching Latency (ms):          0.05382
Max Non-Matching Latency (ms)    :               34
Min Non-Matching Latency (ms)    :                0



Time process started at 2023-12-03 22.39.18
Time process ended at 2023-12-03 22.41.29
Total elapsed time 0 hour(s) 2 minute(s) 11 second(s)

