Oyster v.4.2.0
RunScript: RefToStrAssertionRunScript.xml
Attribute: ./RefToStrAssertion/Scripts/RefToStrAssertionAttributes.xml
Initializing Index...
Index Type: NullIndex

OysterIdentityRecord Type: Map

ClusterRecord Type: UNKNOWN

Initializing EntityMap...
EntityMap Type: EntityMap

Identity Input Type: TextFile
Identity Input: ./RefToStrAssertion/Input/RefToStrAssertionInputIdentities.idty

Loading Previous IdentityRepository: ./RefToStrAssertion/Input/RefToStrAssertionInputIdentities.idty
Number of clusters read: 4
Number of references   : 8
Link Output Type: TextFile
Link Output: ./RefToStrAssertion/Output/RefToStrAssertionLinks.link

Identity Output Type: TextFile
Identity Output: ./RefToStrAssertion/Output/RefToStrAssertionOutputIdentities.idty

Engine Type: OysterAssertionEngine

Source: ./RefToStrAssertion/Input/RefToStrAssertionTest.txt


Input: @RefID=R2S1.1, StudentFirstName=Ed, StudentLastName=Jones, LEA=G34, StudentDateOfBirth=20001104, @AssertRefToStr=XVI8NV5E03OWX86Y, Input record: false, Current Traces: null, Previous Traces: []
	Assertion List:		null=@RefID{source1.1|source1.3|source1.5}, StudentFirstName{Edgar|Eddie|Eddie}, StudentLastName{Jones|JONES|Jones}, LEA{G34|H15|G34}, StudentDateOfBirth{20001104}

	Compare Input 2 to Identity 1 @RefID{source1.1|source1.3|source1.5}, StudentFirstName{Edgar|Eddie|Eddie}, StudentLastName{Jones|JONES|Jones}, LEA{G34|H15|G34}, StudentDateOfBirth{20001104}

	Satisfies Assertion Type: 
	Assign Entity R2S1.1 to Input 2
	Update Entity: @RefID{source1.1|source1.3|source1.5|R2S1.1}, StudentFirstName{Edgar|Eddie|Eddie|Ed}, StudentLastName{Jones|JONES|Jones|Jones}, LEA{G34|H15|G34|G34}, StudentDateOfBirth{20001104}, @AssertRefToStr{XVI8NV5E03OWX86Y}

	Update Index: R2S1.1 for ri @RefID=R2S1.1, StudentFirstName=Ed, StudentLastName=Jones, LEA=G34, StudentDateOfBirth=20001104, @AssertRefToStr=XVI8NV5E03OWX86Y, Input record: false, Current Traces: null, Previous Traces: []
Filtered Candidate List Frequencies


UnFiltered Candidate List Frequencies




###################
## Summary Stats ##
###################
Total Records Processed          :            0
Total Clusters                   :            4
Max Cluster Size                 :            1
Min Cluster Size > 1             :            0
Min Cluster Size                 :            1


###################
## Cluster Stats ##
###################
Cluster Size Distribution
Cluster Size     # of Clusters        # of Records
           1                 1                   1

Clusters loaded                  :            4
References loaded                :            8
Avg # of Refs/Cluster            :      2.00000


Average Cluster Grouping         :            1
Average Cluster by Count         :            1
Average Cluster Size             :      1.00000
Number of Duplicate Recs         :            0
Duplication Rate                 :    -Infinity


Total Candidates Size            :            0
Total DeDup Candidates Size      :            0
Total # Candidates               :            0
Avg Candidates per Input         :          NaN
Total Matched Count              :            0
Matches per Candidates Size      :          NaN
Matches per DeDup Candidates Size:          NaN
Matches per Candidates           :          NaN


#########################
##   First Rule Stats  ##
#########################
Number of Rules: 0
Rule Firing Distribution
Rule                          Counts


############################
##   Complete Rule Stats  ##
############################
Rule Firing Distribution
Rule                          Counts


###################
##  Index Stats  ##
###################




####################
##  Timing Stats  ##
####################
Elapsed Seconds                  :                0
Throughput (records/hour)        :              NaN
Average Matching Latency (ms)    :              NaN
Max Matching Latency (ms)        :                0
Min Matching Latency (ms)        : 9,223,372,036,854,775,807
Average Non-Matching Latency (ms):              NaN
Max Non-Matching Latency (ms)    :                0
Min Non-Matching Latency (ms)    : 9,223,372,036,854,775,807



Time process started at 2019-08-20 09.36.46
Time process ended at 2019-08-20 09.36.46
Total elapsed time 0 hour(s) 0 minute(s) 0 second(s)

