Oyster v.4.3.0
RunScript: MergePurgeRunScript.xml
Attribute: ./MergePurge/Scripts/MergePurgeAttributesMain.xml
Initializing Index...
Index Type: TalburtZhouInvertedIndex

OysterIdentityRecord Type: Map

ClusterRecord Type: UNKNOWN

Initializing EntityMap...
EntityMap Type: EntityMap

Link Output Type: TextFile
Link Output: ./MergePurge/Output/MergePurgeIndex.link

Engine Type: OysterClusterEngine

Bypassing Least Common Rule filter


Source: ./MergePurge/Input/merged_data.txt

Records processed for ./MergePurge/Scripts/MergePurgeSourceDescriptor.xml: 271142(0)

# of Consolidation Steps: 0


###################
## Summary Stats ##
###################
Total Records Processed          :      271,142
Total Clusters                   :       57,384
Max Cluster Size                 :          659
Min Cluster Size > 1             :            2
Min Cluster Size                 :            1


###################
## Cluster Stats ##
###################
Cluster Size Distribution
Cluster Size     # of Clusters        # of Records
           1            28,853              28,853
           2             6,692              13,384
           3             5,470              16,410
           4             1,767               7,068
           5             1,396               6,980
           6             1,398               8,388
           7             1,125               7,875
           8             1,033               8,264
           9               994               8,946
          10               878               8,780
          11               885               9,735
          12               808               9,696
          13               724               9,412
          14               634               8,876
          15               562               8,430
          16               486               7,776
          17               460               7,820
          18               403               7,254
          19               352               6,688
          20               273               5,460
          21               232               4,872
          22               220               4,840
          23               181               4,163
          24               150               3,600
          25               127               3,175
          26               111               2,886
          27               122               3,294
          28                83               2,324
          29                86               2,494
          30                60               1,800
          31                68               2,108
          32                59               1,888
          33                49               1,617
          34                53               1,802
          35                36               1,260
          36                41               1,476
          37                39               1,443
          38                24                 912
          39                43               1,677
          40                24                 960
          41                17                 697
          42                19                 798
          43                21                 903
          44                17                 748
          45                18                 810
          46                12                 552
          47                 8                 376
          48                 9                 432
          49                12                 588
          50                11                 550
          51                 7                 357
          52                12                 624
          53                13                 689
          54                 9                 486
          55                13                 715
          56                 8                 448
          57                 8                 456
          58                 7                 406
          59                 8                 472
          60                 8                 480
          61                 6                 366
          62                 1                  62
          63                 6                 378
          64                 3                 192
          65                 9                 585
          66                 6                 396
          67                 5                 335
          68                 4                 272
          69                 3                 207
          70                 3                 210
          71                 4                 284
          72                 4                 288
          73                 2                 146
          74                 7                 518
          75                 1                  75
          76                 5                 380
          77                 2                 154
          78                 3                 234
          79                 5                 395
          81                 2                 162
          83                 4                 332
          85                 2                 170
          86                 2                 172
          87                 1                  87
          88                 1                  88
          89                 2                 178
          90                 1                  90
          91                 1                  91
          92                 1                  92
          93                 3                 279
          96                 1                  96
          97                 2                 194
          98                 1                  98
          99                 4                 396
         100                 1                 100
         101                 1                 101
         103                 3                 309
         107                 3                 321
         108                 1                 108
         113                 1                 113
         114                 1                 114
         115                 1                 115
         116                 2                 232
         117                 1                 117
         121                 1                 121
         125                 1                 125
         131                 1                 131
         132                 1                 132
         140                 1                 140
         142                 2                 284
         155                 1                 155
         157                 1                 157
         159                 1                 159
         162                 1                 162
         166                 1                 166
         170                 1                 170
         194                 1                 194
         201                 1                 201
         234                 1                 234
         236                 1                 236
         250                 1                 250
         251                 1                 251
         267                 1                 267
         274                 1                 274
         378                 1                 378
         391                 1                 391
         659                 1                 659

Clusters loaded                  :            0
References loaded                :            0
Avg # of Refs/Cluster            :          NaN


Average Cluster Grouping         :           84
Average Cluster by Count         :          451
Average Cluster Size             :      4.72505
Number of Duplicate Recs         :      213,758
Duplication Rate                 :      0.78836


Total Candidates Size            :   12,060,135
Total DeDup Candidates Size      :    7,217,185
Total # Candidates               :      216,921
Avg Candidates per Input         :     55.59690
Total Matched Count              :      196,192
Matches per Candidates Size      :      0.01627
Matches per DeDup Candidates Size:      0.02718
Matches per Candidates           :      0.90444


#########################
##   First Rule Stats  ##
#########################
Number of Rules: 0
Rule Firing Distribution
Rule                          Counts
1                           173,501
2                            16,211
3                             6,309
4                               171


############################
##   Complete Rule Stats  ##
############################
Rule Firing Distribution
Rule                          Counts
[1, 2, 3]                         7
[1, 2, 4]                         2
[1, 2]                        6,549
[1, 3]                        8,647
[1, 4]                           96
[1]                         183,333
[2, 3]                          189
[2, 4]                            5
[2]                          21,359
[3]                           8,875
[4]                             191


###################
##  Index Stats  ##
###################
Keys                    :       67,490
Total tokens            :      375,727
Unique tokens           :      256,811
Max tokens per key      :        1,931
Min tokens per key      :            1
Min tokens > 1 per key  :            2

Total tokens per key    :      5.56715
Unique tokens per key   :      3.80517
Total per Unique tokens :      1.46305
Unique per Total tokens :      0.68350

Skewness                :      1.29443
Kurtosis                :      1.85500
Excess                  :     -1.14500

Max key                 : 1900

Top 10 keys             : 
1931                        : 1900
555                        : 1910
540                        : 1917
528                        : 1939
523                        : 1965
520                        : 1916
515                        : 1903
512                        : 1951, 1901
508                        : 1938
501                        : 1913


Candidate Size     # of Candidates        # of Records
             0              54,221                   0
             1              35,022              35,022
             2              22,204              44,408
             3              18,369              55,107
             4              15,443              61,772
             5              13,487              67,435
             6              11,513              69,078
             7               9,762              68,334
             8               8,102              64,816
             9               6,857              61,713
            10               5,668              56,680
            11               4,723              51,953
            12               4,063              48,756
            13               3,316              43,108
            14               2,927              40,978
            15               2,392              35,880
            16               2,082              33,312
            17               1,691              28,747
            18               1,486              26,748
            19               1,234              23,446
            20               1,058              21,160
            21                 928              19,488
            22                 784              17,248
            23                 683              15,709
            24                 578              13,872
            25                 520              13,000
            26                 438              11,388
            27                 425              11,475
            28                 341               9,548
            29                 339               9,831
            30                 259               7,770
            31                 254               7,874
            32                 242               7,744
            33                 217               7,161
            34                 212               7,208
            35                 186               6,510
            36                 152               5,472
            37                 183               6,771
            38                 157               5,966
            39                 163               6,357
            40                 137               5,480
            41                 140               5,740
            42                 133               5,586
            43                 126               5,418
            44                 128               5,632
            45                 114               5,130
            46                 118               5,428
            47                 104               4,888
            48                 116               5,568
            49                  99               4,851
            50                 117               5,850
            51                  98               4,998
            52                  93               4,836
            53                 102               5,406
            54                 113               6,102
            55                  90               4,950
            56                 101               5,656
            57                  83               4,731
            58                 101               5,858
            59                 105               6,195
            60                  90               5,400
            61                  92               5,612
            62                 105               6,510
            63                  89               5,607
            64                  92               5,888
            65                 102               6,630
            66                  87               5,742
            67                  91               6,097
            68                  84               5,712
            69                 104               7,176
            70                  87               6,090
            71                 103               7,313
            72                  90               6,480
            73                  85               6,205
            74                  90               6,660
            75                  98               7,350
            76                  94               7,144
            77                  89               6,853
            78                  82               6,396
            79                  83               6,557
            80                 103               8,240
            81                  89               7,209
            82                  95               7,790
            83                  88               7,304
            84                  95               7,980
            85                  92               7,820
            86                  85               7,310
            87                  94               8,178
            88                  92               8,096
            89                  88               7,832
            90                  97               8,730
            91                  88               8,008
            92                  96               8,832
            93                  90               8,370
            94                  85               7,990
            95                  87               8,265
            96                  94               9,024
            97                  94               9,118
            98                 103              10,094
            99                  99               9,801
           100                  79               7,900
           101                 102              10,302
           102                  92               9,384
           103                  83               8,549
           104                  90               9,360
           105                  87               9,135
           106                 103              10,918
           107                  89               9,523
           108                  87               9,396
           109                  87               9,483
           110                  84               9,240
           111                  81               8,991
           112                 105              11,760
           113                  87               9,831
           114                  91              10,374
           115                  92              10,580
           116                  96              11,136
           117                 103              12,051
           118                  85              10,030
           119                  81               9,639
           120                  98              11,760
           121                  82               9,922
           122                  81               9,882
           123                  84              10,332
           124                  86              10,664
           125                  88              11,000
           126                 101              12,726
           127                  95              12,065
           128                  68               8,704
           129                  89              11,481
           130                  82              10,660
           131                  95              12,445
           132                  97              12,804
           133                  91              12,103
           134                  98              13,132
           135                 101              13,635
           136                  78              10,608
           137                  99              13,563
           138                  92              12,696
           139                  89              12,371
           140                  76              10,640
           141                  71              10,011
           142                  84              11,928
           143                  96              13,728
           144                 106              15,264
           145                  93              13,485
           146                  79              11,534
           147                 100              14,700
           148                  84              12,432
           149                  88              13,112
           150                  86              12,900
           151                  88              13,288
           152                  77              11,704
           153                  95              14,535
           154                  90              13,860
           155                  84              13,020
           156                  79              12,324
           157                  82              12,874
           158                  90              14,220
           159                  80              12,720
           160                  96              15,360
           161                  81              13,041
           162                  74              11,988
           163                  73              11,899
           164                  82              13,448
           165                  81              13,365
           166                  83              13,778
           167                  79              13,193
           168                  82              13,776
           169                  87              14,703
           170                  91              15,470
           171                  81              13,851
           172                  84              14,448
           173                  84              14,532
           174                  82              14,268
           175                  67              11,725
           176                  82              14,432
           177                  89              15,753
           178                  80              14,240
           179                  93              16,647
           180                  77              13,860
           181                  78              14,118
           182                  95              17,290
           183                  66              12,078
           184                  81              14,904
           185                  78              14,430
           186                  82              15,252
           187                  75              14,025
           188                  88              16,544
           189                  90              17,010
           190                  87              16,530
           191                  87              16,617
           192                 108              20,736
           193                  87              16,791
           194                  71              13,774
           195                  78              15,210
           196                  88              17,248
           197                  89              17,533
           198                  79              15,642
           199                  93              18,507
           200                  88              17,600
           201                  78              15,678
           202                  75              15,150
           203                  84              17,052
           204                  65              13,260
           205                  72              14,760
           206                  82              16,892
           207                  81              16,767
           208                  95              19,760
           209                  88              18,392
           210                  78              16,380
           211                  80              16,880
           212                  79              16,748
           213                  96              20,448
           214                  79              16,906
           215                 100              21,500
           216                  92              19,872
           217                  91              19,747
           218                  81              17,658
           219                  80              17,520
           220                 108              23,760
           221                  77              17,017
           222                  72              15,984
           223                  74              16,502
           224                  90              20,160
           225                 103              23,175
           226                  96              21,696
           227                  89              20,203
           228                  89              20,292
           229                  90              20,610
           230                  98              22,540
           231                  82              18,942
           232                  88              20,416
           233                  86              20,038
           234                  93              21,762
           235                  98              23,030
           236                  84              19,824
           237                  92              21,804
           238                  69              16,422
           239                  97              23,183
           240                  83              19,920
           241                  80              19,280
           242                  93              22,506
           243                  86              20,898
           244                 101              24,644
           245                  76              18,620
           246                  95              23,370
           247                  97              23,959
           248                  88              21,824
           249                  90              22,410
           250                  90              22,500
           251                  81              20,331
           252                  88              22,176
           253                  70              17,710
           254                 101              25,654
           255                  77              19,635
           256                  88              22,528
           257                  93              23,901
           258                  87              22,446
           259                  71              18,389
           260                  98              25,480
           261                 100              26,100
           262                  90              23,580
           263                  96              25,248
           264                 100              26,400
           265                 102              27,030
           266                  69              18,354
           267                  74              19,758
           268                  85              22,780
           269                  86              23,134
           270                  91              24,570
           271                  88              23,848
           272                  84              22,848
           273                  77              21,021
           274                 103              28,222
           275                  89              24,475
           276                  89              24,564
           277                  75              20,775
           278                  79              21,962
           279                  89              24,831
           280                  80              22,400
           281                  96              26,976
           282                  81              22,842
           283                  86              24,338
           284                  88              24,992
           285                  88              25,080
           286                  93              26,598
           287                  76              21,812
           288                  74              21,312
           289                  81              23,409
           290                  88              25,520
           291                  90              26,190
           292                  91              26,572
           293                 104              30,472
           294                  84              24,696
           295                  84              24,780
           296                  87              25,752
           297                  82              24,354
           298                  90              26,820
           299                  93              27,807
           300                  98              29,400
           301                  91              27,391
           302                  84              25,368
           303                  90              27,270
           304                  84              25,536
           305                  97              29,585
           306                  90              27,540
           307                  74              22,718
           308                  90              27,720
           309                  88              27,192
           310                  71              22,010
           311                  80              24,880
           312                  95              29,640
           313                  81              25,353
           314                  86              27,004
           315                  97              30,555
           316                  90              28,440
           317                  79              25,043
           318                  78              24,804
           319                  92              29,348
           320                  80              25,600
           321                  82              26,322
           322                  92              29,624
           323                  93              30,039
           324                  85              27,540
           325                  57              18,525
           326                  89              29,014
           327                  85              27,795
           328                  85              27,880
           329                 102              33,558
           330                  82              27,060
           331                  96              31,776
           332                  85              28,220
           333                  86              28,638
           334                  74              24,716
           335                  70              23,450
           336                  77              25,872
           337                  88              29,656
           338                 109              36,842
           339                  96              32,544
           340                  92              31,280
           341                  68              23,188
           342                  93              31,806
           343                  93              31,899
           344                  86              29,584
           345                  90              31,050
           346                  74              25,604
           347                  76              26,372
           348                  89              30,972
           349                  82              28,618
           350                  83              29,050
           351                  92              32,292
           352                  74              26,048
           353                  77              27,181
           354                  87              30,798
           355                  80              28,400
           356                  67              23,852
           357                  80              28,560
           358                  85              30,430
           359                  75              26,925
           360                  88              31,680
           361                  82              29,602
           362                  85              30,770
           363                  84              30,492
           364                  87              31,668
           365                  92              33,580
           366                  82              30,012
           367                  86              31,562
           368                  70              25,760
           369                  94              34,686
           370                  72              26,640
           371                  82              30,422
           372                  89              33,108
           373                  78              29,094
           374                  77              28,798
           375                  81              30,375
           376                  88              33,088
           377                  77              29,029
           378                  86              32,508
           379                  79              29,941
           380                  79              30,020
           381                  98              37,338
           382                  86              32,852
           383                  90              34,470
           384                  70              26,880
           385                  89              34,265
           386                  76              29,336
           387                  96              37,152
           388                  75              29,100
           389                  77              29,953
           390                  84              32,760
           391                  75              29,325
           392                  70              27,440
           393                  82              32,226
           394                 104              40,976
           395                  77              30,415
           396                  61              24,156
           397                  73              28,981
           398                  72              28,656
           399                  83              33,117
           400                  78              31,200
           401                  87              34,887
           402                  77              30,954
           403                  63              25,389
           404                  78              31,512
           405                  65              26,325
           406                  85              34,510
           407                  76              30,932
           408                  67              27,336
           409                  92              37,628
           410                  73              29,930
           411                  76              31,236
           412                  70              28,840
           413                  78              32,214
           414                  85              35,190
           415                  68              28,220
           416                  82              34,112
           417                  59              24,603
           418                  69              28,842
           419                  79              33,101
           420                  68              28,560
           421                  83              34,943
           422                  70              29,540
           423                  75              31,725
           424                  73              30,952
           425                  56              23,800
           426                  49              20,874
           427                  67              28,609
           428                  65              27,820
           429                  68              29,172
           430                  63              27,090
           431                  61              26,291
           432                  66              28,512
           433                  60              25,980
           434                  59              25,606
           435                  62              26,970
           436                  69              30,084
           437                  58              25,346
           438                  70              30,660
           439                  58              25,462
           440                  63              27,720
           441                  61              26,901
           442                  56              24,752
           443                  51              22,593
           444                  56              24,864
           445                  66              29,370
           446                  54              24,084
           447                  51              22,797
           448                  51              22,848
           449                  47              21,103
           450                  46              20,700
           451                  47              21,197
           452                  52              23,504
           453                  53              24,009
           454                  47              21,338
           455                  52              23,660
           456                  36              16,416
           457                  40              18,280
           458                  47              21,526
           459                  60              27,540
           460                  48              22,080
           461                  33              15,213
           462                  45              20,790
           463                  43              19,909
           464                  49              22,736
           465                  36              16,740
           466                  53              24,698
           467                  26              12,142
           468                  27              12,636
           469                  44              20,636
           470                  45              21,150
           471                  34              16,014
           472                  37              17,464
           473                  41              19,393
           474                  37              17,538
           475                  40              19,000
           476                  27              12,852
           477                  23              10,971
           478                  38              18,164
           479                  28              13,412
           480                  26              12,480
           481                  30              14,430
           482                  32              15,424
           483                  31              14,973
           484                  21              10,164
           485                  24              11,640
           486                  30              14,580
           487                  25              12,175
           488                  28              13,664
           489                  21              10,269
           490                  20               9,800
           491                  14               6,874
           492                  25              12,300
           493                  17               8,381
           494                  22              10,868
           495                  21              10,395
           496                  20               9,920
           497                  16               7,952
           498                  18               8,964
           499                  20               9,980
           500                  17               8,500
           501                  12               6,012
           502                  18               9,036
           503                  15               7,545
           504                  15               7,560
           505                  14               7,070
           506                  16               8,096
           507                   9               4,563
           508                  11               5,588
           509                  11               5,599
           510                  14               7,140
           511                  11               5,621
           512                  12               6,144
           513                  10               5,130
           514                   7               3,598
           515                  14               7,210
           516                   8               4,128
           517                  13               6,721
           518                  11               5,698
           519                  12               6,228
           520                   7               3,640
           521                   9               4,689
           522                   8               4,176
           523                   5               2,615
           524                   7               3,668
           525                  11               5,775
           526                   7               3,682
           527                   7               3,689
           528                   5               2,640
           529                   5               2,645
           530                   4               2,120
           531                   5               2,655
           532                   5               2,660
           533                   2               1,066
           534                   3               1,602
           535                   3               1,605
           536                   5               2,680
           537                   6               3,222
           538                   6               3,228
           539                   2               1,078
           540                   3               1,620
           541                   3               1,623
           542                   7               3,794
           543                   3               1,629
           544                   2               1,088
           545                   2               1,090
           546                   1                 546
           547                   8               4,376
           548                   3               1,644
           549                   3               1,647
           550                   3               1,650
           551                   4               2,204
           552                   2               1,104
           554                   2               1,108
           555                   4               2,220
           556                   1                 556
           557                   1                 557
           558                   2               1,116
           559                   3               1,677
           560                   1                 560
           561                   3               1,683
           562                   1                 562
           563                   1                 563
           564                   1                 564
           565                   1                 565
           567                   2               1,134
           568                   4               2,272
           569                   1                 569
           570                   1                 570
           571                   1                 571
           572                   2               1,144
           573                   1                 573
           576                   1                 576
           577                   1                 577
           578                   2               1,156
           579                   1                 579
           580                   3               1,740
           581                   2               1,162
           583                   1                 583
           584                   1                 584
           585                   2               1,170
           586                   1                 586
           588                   1                 588
           589                   1                 589
           590                   2               1,180
           591                   1                 591
           592                   2               1,184
           593                   1                 593
           595                   2               1,190
           597                   1                 597
           598                   1                 598
           601                   3               1,803
           602                   1                 602
           607                   2               1,214
           608                   3               1,824
           610                   1                 610
           611                   3               1,833
           613                   1                 613
           614                   2               1,228
           615                   1                 615
           616                   2               1,232
           619                   1                 619
           620                   2               1,240
           621                   1                 621
           622                   1                 622
           623                   1                 623
           624                   2               1,248
           625                   1                 625
           627                   1                 627
           628                   1                 628
           629                   2               1,258
           630                   1                 630
           632                   1                 632
           633                   1                 633
           636                   2               1,272
           637                   1                 637
           638                   3               1,914
           639                   1                 639
           640                   1                 640
           641                   1                 641
           644                   1                 644
           645                   2               1,290
           647                   1                 647
           648                   2               1,296
           650                   2               1,300
           652                   1                 652
           653                   2               1,306
           655                   1                 655
           656                   1                 656
           657                   1                 657
           658                   2               1,316
           660                   1                 660
           661                   1                 661
           663                   1                 663
           665                   1                 665
           666                   2               1,332
           667                   1                 667
           669                   3               2,007
           670                   1                 670
           671                   2               1,342
           673                   1                 673
           675                   2               1,350
           676                   1                 676
           678                   3               2,034
           680                   1                 680
           682                   2               1,364
           684                   2               1,368
           685                   1                 685
           686                   2               1,372
           690                   3               2,070
           691                   1                 691
           692                   1                 692
           693                   1                 693
           695                   1                 695
           697                   4               2,788
           699                   3               2,097
           702                   3               2,106
           704                   2               1,408
           706                   1                 706
           707                   1                 707
           708                   1                 708
           710                   2               1,420
           711                   2               1,422
           712                   1                 712
           713                   1                 713
           715                   1                 715
           717                   2               1,434
           719                   1                 719
           720                   2               1,440
           721                   1                 721
           723                   2               1,446
           724                   1                 724
           725                   1                 725
           726                   1                 726
           727                   1                 727
           728                   1                 728
           730                   1                 730
           732                   2               1,464
           733                   1                 733
           734                   1                 734
           736                   1                 736
           737                   1                 737
           738                   1                 738
           739                   2               1,478
           741                   2               1,482
           742                   1                 742
           743                   1                 743
           744                   1                 744
           745                   1                 745
           746                   2               1,492
           749                   2               1,498
           750                   1                 750
           751                   3               2,253
           752                   1                 752
           753                   1                 753
           754                   1                 754
           755                   1                 755
           757                   1                 757
           760                   2               1,520
           762                   3               2,286
           765                   2               1,530
           766                   2               1,532
           768                   1                 768
           771                   2               1,542
           773                   2               1,546
           774                   2               1,548
           775                   1                 775
           777                   1                 777
           778                   2               1,556
           779                   1                 779
           780                   1                 780
           781                   2               1,562
           782                   1                 782
           783                   1                 783
           784                   2               1,568
           785                   1                 785
           788                   1                 788
           789                   2               1,578
           790                   2               1,580
           792                   1                 792
           793                   1                 793
           795                   1                 795
           798                   3               2,394
           799                   2               1,598
           800                   1                 800
           804                   1                 804
           805                   1                 805
           806                   4               3,224
           808                   1                 808
           810                   1                 810
           811                   1                 811
           813                   1                 813
           814                   2               1,628
           815                   2               1,630
           817                   1                 817
           818                   2               1,636
           819                   2               1,638
           820                   1                 820
           824                   2               1,648
           826                   1                 826
           828                   1                 828
           829                   2               1,658
           830                   1                 830
           831                   1                 831
           832                   2               1,664
           833                   2               1,666
           834                   2               1,668
           836                   2               1,672
           838                   1                 838
           840                   1                 840
           841                   1                 841
           842                   2               1,684
           843                   1                 843
           844                   1                 844
           845                   2               1,690
           847                   1                 847
           849                   2               1,698
           850                   2               1,700
           854                   2               1,708
           856                   2               1,712
           858                   2               1,716
           861                   1                 861
           862                   2               1,724
           866                   1                 866
           867                   1                 867
           868                   1                 868
           869                   1                 869
           870                   1                 870
           873                   2               1,746
           874                   1                 874
           875                   2               1,750
           876                   2               1,752
           878                   4               3,512
           879                   1                 879
           883                   2               1,766
           884                   2               1,768
           886                   1                 886
           887                   1                 887
           889                   3               2,667
           890                   1                 890
           892                   2               1,784
           893                   1                 893
           894                   1                 894
           895                   1                 895
           896                   1                 896
           897                   4               3,588
           899                   1                 899
           900                   1                 900
           903                   1                 903
           904                   3               2,712
           906                   1                 906
           909                   1                 909
           912                   2               1,824
           913                   2               1,826
           917                   3               2,751
           919                   1                 919
           920                   2               1,840
           921                   2               1,842
           922                   1                 922
           923                   2               1,846
           924                   2               1,848
           926                   1                 926
           927                   2               1,854
           928                   1                 928
           929                   1                 929
           930                   1                 930
           935                   1                 935
           936                   3               2,808
           938                   1                 938
           940                   3               2,820
           941                   1                 941
           942                   1                 942
           943                   1                 943
           944                   1                 944
           945                   1                 945
           949                   2               1,898
           951                   2               1,902
           953                   1                 953
           954                   1                 954
           955                   2               1,910
           956                   2               1,912
           957                   2               1,914
           960                   2               1,920
           961                   3               2,883
           963                   1                 963
           964                   1                 964
           967                   3               2,901
           969                   1                 969
           970                   1                 970
           972                   2               1,944
           973                   1                 973
           974                   1                 974
           975                   1                 975
           977                   1                 977
           978                   2               1,956
           979                   2               1,958
           982                   1                 982
           983                   1                 983
           985                   1                 985
           986                   1                 986
           988                   1                 988
           990                   2               1,980
           992                   3               2,976
           993                   1                 993
           994                   2               1,988
           995                   2               1,990
           996                   2               1,992
           997                   2               1,994
         1,001                   1               1,001
         1,002                   2               2,004
         1,003                   4               4,012
         1,004                   1               1,004
         1,008                   2               2,016
         1,010                   2               2,020
         1,011                   1               1,011
         1,012                   1               1,012
         1,014                   2               2,028
         1,015                   1               1,015
         1,016                   1               1,016
         1,017                   1               1,017
         1,020                   2               2,040
         1,021                   1               1,021
         1,022                   1               1,022
         1,023                   1               1,023
         1,024                   1               1,024
         1,025                   1               1,025
         1,028                   1               1,028
         1,029                   4               4,116
         1,030                   2               2,060
         1,031                   1               1,031
         1,032                   2               2,064
         1,033                   1               1,033
         1,034                   1               1,034
         1,035                   1               1,035
         1,038                   3               3,114
         1,039                   1               1,039
         1,041                   2               2,082
         1,043                   1               1,043
         1,044                   1               1,044
         1,046                   1               1,046
         1,047                   1               1,047
         1,048                   2               2,096
         1,050                   2               2,100
         1,051                   1               1,051
         1,053                   1               1,053
         1,054                   1               1,054
         1,056                   1               1,056
         1,057                   2               2,114
         1,058                   1               1,058
         1,060                   3               3,180
         1,061                   1               1,061
         1,062                   2               2,124
         1,063                   1               1,063
         1,066                   1               1,066
         1,067                   2               2,134
         1,068                   1               1,068
         1,070                   1               1,070
         1,072                   1               1,072
         1,073                   1               1,073
         1,075                   1               1,075
         1,077                   2               2,154
         1,078                   1               1,078
         1,079                   2               2,158
         1,082                   3               3,246
         1,085                   2               2,170
         1,086                   2               2,172
         1,087                   2               2,174
         1,089                   1               1,089
         1,091                   1               1,091
         1,092                   1               1,092
         1,093                   2               2,186
         1,094                   3               3,282
         1,095                   1               1,095
         1,096                   1               1,096
         1,097                   2               2,194
         1,099                   1               1,099
         1,101                   1               1,101
         1,105                   2               2,210
         1,106                   1               1,106
         1,107                   2               2,214
         1,108                   1               1,108
         1,109                   2               2,218
         1,112                   2               2,224
         1,113                   1               1,113
         1,114                   1               1,114
         1,116                   1               1,116
         1,117                   1               1,117
         1,119                   1               1,119
         1,120                   3               3,360
         1,121                   1               1,121
         1,122                   1               1,122
         1,123                   1               1,123
         1,124                   2               2,248
         1,126                   1               1,126
         1,128                   1               1,128
         1,129                   1               1,129
         1,130                   3               3,390
         1,131                   2               2,262
         1,134                   1               1,134
         1,136                   1               1,136
         1,137                   3               3,411
         1,138                   1               1,138
         1,142                   3               3,426
         1,143                   2               2,286
         1,144                   2               2,288
         1,145                   2               2,290
         1,150                   3               3,450
         1,151                   1               1,151
         1,152                   1               1,152
         1,153                   1               1,153
         1,155                   1               1,155
         1,156                   1               1,156
         1,159                   1               1,159
         1,160                   2               2,320
         1,162                   1               1,162
         1,164                   1               1,164
         1,165                   2               2,330
         1,166                   1               1,166
         1,167                   2               2,334
         1,170                   2               2,340
         1,171                   1               1,171
         1,172                   1               1,172
         1,174                   1               1,174
         1,175                   3               3,525
         1,176                   2               2,352
         1,177                   1               1,177
         1,178                   1               1,178
         1,179                   1               1,179
         1,181                   1               1,181
         1,182                   2               2,364
         1,184                   1               1,184
         1,187                   2               2,374
         1,188                   2               2,376
         1,189                   3               3,567
         1,190                   4               4,760
         1,191                   1               1,191
         1,192                   1               1,192
         1,196                   1               1,196
         1,197                   2               2,394
         1,198                   1               1,198
         1,201                   1               1,201
         1,203                   2               2,406
         1,206                   1               1,206
         1,207                   2               2,414
         1,209                   3               3,627
         1,210                   2               2,420
         1,211                   1               1,211
         1,212                   1               1,212
         1,213                   1               1,213
         1,214                   1               1,214
         1,215                   1               1,215
         1,216                   1               1,216
         1,219                   1               1,219
         1,221                   1               1,221
         1,222                   2               2,444
         1,223                   1               1,223
         1,225                   1               1,225
         1,226                   2               2,452
         1,227                   1               1,227
         1,228                   1               1,228
         1,230                   2               2,460
         1,232                   1               1,232
         1,233                   2               2,466
         1,235                   1               1,235
         1,236                   2               2,472
         1,237                   1               1,237
         1,239                   1               1,239
         1,240                   1               1,240
         1,243                   2               2,486
         1,245                   2               2,490
         1,246                   1               1,246
         1,248                   3               3,744
         1,249                   1               1,249
         1,250                   1               1,250
         1,251                   3               3,753
         1,253                   2               2,506
         1,254                   4               5,016
         1,257                   1               1,257
         1,258                   1               1,258
         1,259                   1               1,259
         1,261                   1               1,261
         1,262                   1               1,262
         1,263                   1               1,263
         1,264                   1               1,264
         1,267                   1               1,267
         1,269                   2               2,538
         1,271                   2               2,542
         1,274                   2               2,548
         1,276                   3               3,828
         1,278                   1               1,278
         1,279                   2               2,558
         1,280                   1               1,280
         1,284                   2               2,568
         1,285                   1               1,285
         1,287                   1               1,287
         1,288                   1               1,288
         1,292                   3               3,876
         1,295                   5               6,475
         1,296                   1               1,296
         1,297                   3               3,891
         1,298                   2               2,596
         1,299                   1               1,299
         1,301                   2               2,602
         1,302                   1               1,302
         1,303                   2               2,606
         1,304                   3               3,912
         1,305                   1               1,305
         1,306                   1               1,306
         1,308                   1               1,308
         1,312                   1               1,312
         1,313                   2               2,626
         1,314                   2               2,628
         1,315                   1               1,315
         1,316                   2               2,632
         1,317                   1               1,317
         1,318                   1               1,318
         1,321                   1               1,321
         1,322                   1               1,322
         1,323                   2               2,646
         1,324                   1               1,324
         1,325                   1               1,325
         1,328                   1               1,328
         1,329                   3               3,987
         1,331                   2               2,662
         1,332                   1               1,332
         1,333                   1               1,333
         1,337                   1               1,337
         1,338                   1               1,338
         1,340                   3               4,020
         1,341                   2               2,682
         1,342                   1               1,342
         1,344                   2               2,688
         1,345                   1               1,345
         1,347                   1               1,347
         1,348                   2               2,696
         1,349                   2               2,698
         1,352                   3               4,056
         1,354                   1               1,354
         1,356                   2               2,712
         1,358                   1               1,358
         1,361                   2               2,722
         1,362                   1               1,362
         1,364                   1               1,364
         1,365                   1               1,365
         1,368                   1               1,368
         1,369                   3               4,107
         1,370                   3               4,110
         1,372                   1               1,372
         1,373                   3               4,119
         1,374                   1               1,374
         1,375                   2               2,750
         1,376                   1               1,376
         1,377                   1               1,377
         1,379                   1               1,379
         1,382                   2               2,764
         1,383                   1               1,383
         1,384                   1               1,384
         1,385                   2               2,770
         1,386                   2               2,772
         1,387                   1               1,387
         1,389                   2               2,778
         1,390                   1               1,390
         1,391                   1               1,391
         1,392                   1               1,392
         1,393                   1               1,393
         1,397                   1               1,397
         1,399                   1               1,399
         1,400                   3               4,200
         1,401                   1               1,401
         1,402                   1               1,402
         1,403                   1               1,403
         1,404                   1               1,404
         1,407                   1               1,407
         1,408                   1               1,408
         1,410                   1               1,410
         1,411                   1               1,411
         1,412                   2               2,824
         1,415                   1               1,415
         1,416                   1               1,416
         1,417                   1               1,417
         1,419                   1               1,419
         1,420                   3               4,260
         1,421                   2               2,842
         1,423                   2               2,846
         1,424                   2               2,848
         1,425                   1               1,425
         1,426                   2               2,852
         1,427                   1               1,427
         1,428                   2               2,856
         1,430                   1               1,430
         1,431                   1               1,431
         1,436                   1               1,436
         1,437                   1               1,437
         1,438                   4               5,752
         1,441                   2               2,882
         1,442                   2               2,884
         1,443                   5               7,215
         1,446                   1               1,446
         1,448                   1               1,448
         1,451                   1               1,451
         1,452                   1               1,452
         1,453                   1               1,453
         1,455                   1               1,455
         1,457                   1               1,457
         1,458                   1               1,458
         1,460                   1               1,460
         1,461                   2               2,922
         1,463                   1               1,463
         1,464                   1               1,464
         1,465                   1               1,465
         1,467                   2               2,934
         1,469                   3               4,407
         1,470                   1               1,470
         1,471                   2               2,942
         1,472                   1               1,472
         1,474                   1               1,474
         1,475                   3               4,425
         1,477                   2               2,954
         1,478                   2               2,956
         1,479                   1               1,479
         1,480                   1               1,480
         1,481                   2               2,962
         1,483                   3               4,449
         1,487                   1               1,487
         1,488                   3               4,464
         1,489                   1               1,489
         1,490                   3               4,470
         1,492                   2               2,984
         1,495                   1               1,495
         1,497                   3               4,491
         1,498                   1               1,498
         1,499                   1               1,499
         1,500                   3               4,500
         1,502                   1               1,502
         1,503                   1               1,503
         1,504                   1               1,504
         1,505                   1               1,505
         1,508                   1               1,508
         1,509                   1               1,509
         1,510                   1               1,510
         1,512                   3               4,536
         1,513                   2               3,026
         1,515                   1               1,515
         1,519                   3               4,557
         1,520                   4               6,080
         1,521                   1               1,521
         1,523                   2               3,046
         1,525                   1               1,525
         1,529                   1               1,529
         1,530                   1               1,530
         1,531                   1               1,531
         1,532                   1               1,532
         1,534                   2               3,068
         1,536                   1               1,536
         1,539                   2               3,078
         1,540                   1               1,540
         1,541                   2               3,082
         1,542                   1               1,542
         1,543                   1               1,543
         1,544                   1               1,544
         1,546                   1               1,546
         1,547                   1               1,547
         1,550                   1               1,550
         1,552                   2               3,104
         1,554                   4               6,216
         1,556                   2               3,112
         1,558                   2               3,116
         1,561                   3               4,683
         1,562                   1               1,562
         1,563                   1               1,563
         1,564                   1               1,564
         1,565                   1               1,565
         1,567                   1               1,567
         1,568                   1               1,568
         1,569                   2               3,138
         1,570                   1               1,570
         1,571                   1               1,571
         1,572                   1               1,572
         1,573                   2               3,146
         1,574                   1               1,574
         1,575                   1               1,575
         1,577                   1               1,577
         1,578                   1               1,578
         1,579                   2               3,158
         1,582                   1               1,582
         1,584                   2               3,168
         1,585                   2               3,170
         1,586                   2               3,172
         1,587                   2               3,174
         1,589                   2               3,178
         1,590                   2               3,180
         1,592                   1               1,592
         1,597                   2               3,194
         1,598                   1               1,598
         1,599                   2               3,198
         1,601                   1               1,601
         1,602                   1               1,602
         1,603                   3               4,809
         1,604                   1               1,604
         1,606                   1               1,606
         1,607                   1               1,607
         1,608                   3               4,824
         1,609                   1               1,609
         1,610                   1               1,610
         1,611                   1               1,611
         1,614                   1               1,614
         1,615                   4               6,460
         1,616                   2               3,232
         1,618                   1               1,618
         1,619                   1               1,619
         1,621                   3               4,863
         1,623                   1               1,623
         1,624                   2               3,248
         1,625                   2               3,250
         1,627                   1               1,627
         1,630                   1               1,630
         1,631                   1               1,631
         1,632                   1               1,632
         1,634                   2               3,268
         1,635                   1               1,635
         1,636                   1               1,636
         1,637                   2               3,274
         1,638                   2               3,276
         1,639                   1               1,639
         1,642                   1               1,642
         1,643                   1               1,643
         1,645                   2               3,290
         1,646                   2               3,292
         1,647                   1               1,647
         1,648                   2               3,296
         1,649                   2               3,298
         1,650                   1               1,650
         1,651                   1               1,651
         1,652                   1               1,652
         1,653                   1               1,653
         1,655                   1               1,655
         1,658                   3               4,974
         1,664                   1               1,664
         1,668                   2               3,336
         1,670                   2               3,340
         1,671                   1               1,671
         1,672                   2               3,344
         1,673                   2               3,346
         1,674                   4               6,696
         1,675                   3               5,025
         1,676                   1               1,676
         1,679                   1               1,679
         1,680                   1               1,680
         1,681                   2               3,362
         1,683                   2               3,366
         1,684                   1               1,684
         1,686                   1               1,686
         1,687                   3               5,061
         1,689                   1               1,689
         1,690                   1               1,690
         1,692                   4               6,768
         1,693                   1               1,693
         1,695                   2               3,390
         1,697                   3               5,091
         1,702                   1               1,702
         1,705                   2               3,410
         1,706                   3               5,118
         1,709                   2               3,418
         1,712                   1               1,712
         1,713                   2               3,426
         1,714                   1               1,714
         1,715                   3               5,145
         1,716                   2               3,432
         1,718                   2               3,436
         1,719                   1               1,719
         1,720                   2               3,440
         1,723                   2               3,446
         1,724                   2               3,448
         1,725                   1               1,725
         1,727                   1               1,727
         1,728                   2               3,456
         1,729                   1               1,729
         1,730                   1               1,730
         1,732                   1               1,732
         1,733                   1               1,733
         1,736                   2               3,472
         1,737                   1               1,737
         1,741                   2               3,482
         1,742                   2               3,484
         1,743                   1               1,743
         1,744                   1               1,744
         1,745                   1               1,745
         1,747                   1               1,747
         1,748                   2               3,496
         1,750                   1               1,750
         1,751                   3               5,253
         1,752                   1               1,752
         1,753                   1               1,753
         1,754                   1               1,754
         1,756                   2               3,512
         1,758                   2               3,516
         1,760                   1               1,760
         1,762                   2               3,524
         1,765                   1               1,765
         1,766                   1               1,766
         1,768                   2               3,536
         1,769                   2               3,538
         1,770                   2               3,540
         1,772                   4               7,088
         1,775                   1               1,775
         1,776                   1               1,776
         1,777                   1               1,777
         1,778                   1               1,778
         1,779                   2               3,558
         1,780                   1               1,780
         1,783                   1               1,783
         1,785                   2               3,570
         1,786                   1               1,786
         1,788                   1               1,788
         1,789                   1               1,789
         1,790                   1               1,790
         1,791                   2               3,582
         1,793                   1               1,793
         1,794                   1               1,794
         1,795                   2               3,590
         1,797                   1               1,797
         1,798                   1               1,798
         1,799                   2               3,598
         1,800                   3               5,400
         1,803                   1               1,803
         1,804                   1               1,804
         1,806                   1               1,806
         1,807                   1               1,807
         1,808                   3               5,424
         1,812                   1               1,812
         1,813                   1               1,813
         1,814                   1               1,814
         1,816                   1               1,816
         1,818                   1               1,818
         1,819                   1               1,819
         1,820                   2               3,640
         1,821                   1               1,821
         1,822                   2               3,644
         1,823                   1               1,823
         1,824                   1               1,824
         1,825                   1               1,825
         1,828                   1               1,828
         1,829                   1               1,829
         1,831                   2               3,662
         1,832                   1               1,832
         1,833                   1               1,833
         1,835                   2               3,670
         1,837                   1               1,837
         1,838                   3               5,514
         1,839                   2               3,678
         1,840                   2               3,680
         1,843                   1               1,843
         1,844                   2               3,688
         1,846                   2               3,692
         1,847                   1               1,847
         1,848                   3               5,544
         1,849                   1               1,849
         1,850                   2               3,700
         1,851                   1               1,851
         1,852                   2               3,704
         1,853                   1               1,853
         1,854                   1               1,854
         1,855                   1               1,855
         1,857                   1               1,857
         1,858                   3               5,574
         1,859                   2               3,718
         1,860                   1               1,860
         1,861                   1               1,861
         1,863                   1               1,863
         1,864                   1               1,864
         1,865                   1               1,865
         1,867                   2               3,734
         1,869                   1               1,869
         1,871                   2               3,742
         1,872                   1               1,872
         1,873                   1               1,873
         1,875                   1               1,875
         1,876                   1               1,876
         1,877                   1               1,877
         1,878                   1               1,878
         1,879                   1               1,879
         1,880                   1               1,880
         1,881                   1               1,881
         1,882                   2               3,764
         1,883                   1               1,883
         1,884                   1               1,884
         1,885                   2               3,770
         1,887                   1               1,887
         1,888                   2               3,776
         1,889                   2               3,778
         1,893                   1               1,893
         1,894                   1               1,894
         1,896                   1               1,896
         1,897                   2               3,794
         1,898                   1               1,898
         1,900                   1               1,900
         1,902                   1               1,902
         1,903                   1               1,903
         1,904                   1               1,904
         1,905                   2               3,810
         1,906                   1               1,906
         1,908                   2               3,816
         1,910                   1               1,910
         1,911                   1               1,911
         1,912                   1               1,912
         1,916                   3               5,748
         1,918                   2               3,836
         1,919                   2               3,838
         1,920                   1               1,920
         1,921                   2               3,842
         1,924                   4               7,696
         1,925                   1               1,925
         1,926                   1               1,926
         1,927                   2               3,854
         1,928                   1               1,928
         1,930                   1               1,930
         1,932                   3               5,796
         1,934                   2               3,868
         1,939                   1               1,939
         1,940                   1               1,940
         1,942                   1               1,942
         1,946                   1               1,946
         1,960                   1               1,960


   Index Group          Index Size        # of Records
             1              11,626              11,626
             2              12,058              24,116
             3              13,977              41,931
             4               5,058              20,232
             5               4,244              21,220
             6               4,104              24,624
             7               2,784              19,488
             8               2,293              18,344
             9               1,955              17,595
            10               1,676              16,760
            11               1,351              14,861
            12               1,132              13,584
            13                 929              12,077
            14                 794              11,116
            15                 685              10,275
            16                 520               8,320
            17                 409               6,953
            18                 360               6,480
            19                 268               5,092
            20                 232               4,640
            21                 147               3,087
            22                 147               3,234
            23                 128               2,944
            24                  75               1,800
            25                  79               1,975
            26                  61               1,586
            27                  59               1,593
            28                  44               1,232
            29                  24                 696
            30                  28                 840
            31                  18                 558
            32                  13                 416
            33                  20                 660
            34                  13                 442
            35                  10                 350
            36                  14                 504
            37                   6                 222
            38                   5                 190
            39                  10                 390
            40                   4                 160
            41                   3                 123
            42                   2                  84
            43                   5                 215
            44                   4                 176
            45                   1                  45
            46                   2                  92
            47                   2                  94
            48                   5                 240
            49                   1                  49
            50                   2                 100
            51                   1                  51
            53                   1                  53
            54                   2                 108
            55                   1                  55
            56                   1                  56
            58                   2                 116
            59                   1                  59
            69                   1                  69
            96                   1                  96
           107                   1                 107
           155                   1                 155
           199                   1                 199
           285                   1                 285
           299                   1                 299
           313                   1                 313
           343                   1                 343
           353                   1                 353
           365                   1                 365
           376                   1                 376
           385                   1                 385
           389                   1                 389
           394                   1                 394
           397                   2                 794
           400                   1                 400
           401                   1                 401
           404                   1                 404
           406                   1                 406
           407                   2                 814
           411                   2                 822
           414                   1                 414
           418                   2                 836
           420                   1                 420
           422                   1                 422
           424                   1                 424
           427                   1                 427
           428                   1                 428
           429                   1                 429
           430                   1                 430
           433                   2                 866
           434                   1                 434
           435                   1                 435
           437                   1                 437
           440                   1                 440
           441                   1                 441
           442                   2                 884
           443                   3               1,329
           445                   1                 445
           449                   1                 449
           452                   2                 904
           454                   1                 454
           456                   1                 456
           460                   2                 920
           461                   1                 461
           462                   1                 462
           463                   1                 463
           465                   1                 465
           466                   2                 932
           467                   3               1,401
           468                   1                 468
           469                   2                 938
           473                   1                 473
           476                   1                 476
           479                   1                 479
           482                   4               1,928
           483                   1                 483
           486                   1                 486
           487                   1                 487
           488                   2                 976
           490                   1                 490
           496                   1                 496
           497                   1                 497
           499                   1                 499
           501                   1                 501
           508                   1                 508
           512                   2               1,024
           515                   1                 515
           520                   1                 520
           523                   1                 523
           528                   1                 528
           540                   1                 540
           555                   1                 555
         1,931                   1               1,931






####################
##  Timing Stats  ##
####################
Elapsed Seconds                  :              624
Throughput (records/hour)        :  1,564,280.76923
Average Matching Latency (ms)    :         2.169048
Max Matching Latency (ms)        :           11,138
Min Matching Latency (ms)        :                0
Average Non-Matching Latency (ms):          0.09930
Max Non-Matching Latency (ms)    :              601
Min Non-Matching Latency (ms)    :                0



Time process started at 2023-11-17 09.58.44
Time process ended at 2023-11-17 10.09.08
Total elapsed time 0 hour(s) 10 minute(s) 24 second(s)

