Oyster v.4.2.0
RunScript: MatrixComparatorRunScript.xml
Attribute: ./MatrixComparator/Scripts/MatrixComparatorAttributes.xml
Initializing Index...
Index Type: TalburtZhouInvertedIndex

OysterIdentityRecord Type: Map

ClusterRecord Type: UNKNOWN

Initializing EntityMap...
EntityMap Type: EntityMap

Link Output Type: TextFile
Link Output: ./MatrixComparator/Output/MatrixComparatorIndex.link

Identity Output Type: TextFile
Identity Output: ./MatrixComparator/Output/MatrixComparatorOutput.idty

Validating Source Descriptor:./MatrixComparator/Scripts/MatrixComparatorSourceDescriptor.xml
Source File:./MatrixComparator/Input/MatrixComparatorTest.txt
Engine Type: OysterClusterEngine

Bypassing Least Common Rule filter


Source: ./MatrixComparator/Input/MatrixComparatorTest.txt


Input: @RefID=source1.1, StudentNameAddress=Edgar Jones, 21 Oak St, Little Rock, LEA=G34, StudentDOB=20001104, Input record: false, Current Traces: null, Previous Traces: []
	Candidate List:

	New Entity OXMBHUDYRREZM85S @RefID{source1.1}, StudentNameAddress{Edgar Jones, 21 Oak St, Little Rock}, LEA{G34}, StudentDOB{20001104}
	New Index: @RefID=source1.1, StudentNameAddress=Edgar Jones, 21 Oak St, Little Rock, LEA=G34, StudentDOB=20001104, Input record: false, Current Traces: null, Previous Traces: []
	New LinkMap{source1.1}, @RefID{source1.1}, StudentNameAddress{Edgar Jones, 21 Oak St, Little Rock}, LEA{G34}, StudentDOB{20001104}

Input: @RefID=source1.2, StudentNameAddress=Mary B. Smith, 34 Elm Street, Maumelle, LEA=G55, StudentDOB=19990921, Input record: false, Current Traces: null, Previous Traces: []
	Candidate List:

	New Entity 01UD6BSIPB4SHMC5 @RefID{source1.2}, StudentNameAddress{Mary B. Smith, 34 Elm Street, Maumelle}, LEA{G55}, StudentDOB{19990921}
	New Index: @RefID=source1.2, StudentNameAddress=Mary B. Smith, 34 Elm Street, Maumelle, LEA=G55, StudentDOB=19990921, Input record: false, Current Traces: null, Previous Traces: []
	New LinkMap{source1.2}, @RefID{source1.2}, StudentNameAddress{Mary B. Smith, 34 Elm Street, Maumelle}, LEA{G55}, StudentDOB{19990921}

Input: @RefID=source1.3, StudentNameAddress=Eddie JONES, 21 Oak, Little Rock, LEA=H15, StudentDOB=20001104, Input record: false, Current Traces: null, Previous Traces: []
	Candidate List:
		source1.1=@RefID{source1.1}, StudentNameAddress{Edgar Jones, 21 Oak St, Little Rock}, LEA{G34}, StudentDOB{20001104}

	Compare Input 4 to Identity 1 @RefID{source1.1}, StudentNameAddress{Edgar Jones, 21 Oak St, Little Rock}, LEA{G34}, StudentDOB{20001104}
matrix
true
	Matched Rule:1

false

	Satisfies Rule 1
	Assign Entity source1.1 to Input 4
	Update Entity: OXMBHUDYRREZM85S @RefID{source1.1|source1.3}, StudentNameAddress{Edgar Jones, 21 Oak St, Little Rock|Eddie JONES, 21 Oak, Little Rock}, LEA{G34|H15}, StudentDOB{20001104}
	             : OysterID: OXMBHUDYRREZM85S
Creation Date: null
Size: 2
Persistant: false
Record 0: @RefID=source1.1, StudentNameAddress=Edgar Jones, 21 Oak St, Little Rock, LEA=G34, StudentDOB=20001104, Input record: false, Current Traces: OID: OXMBHUDYRREZM85S, RunID: 1, Rule: [@], Previous Traces: []
Record 1: @RefID=source1.3, StudentNameAddress=Eddie JONES, 21 Oak, Little Rock, LEA=H15, StudentDOB=20001104, Input record: false, Current Traces: OID: OXMBHUDYRREZM85S, RunID: 1, Rule: [1], Previous Traces: []
Merges: {}
StrToStr: []
TruePositiveAttributes: RunID="null" Reviewer="" Transaction="null"
NegStrToStr: []

	Update Index: source1.1 for ri @RefID=source1.3, StudentNameAddress=Eddie JONES, 21 Oak, Little Rock, LEA=H15, StudentDOB=20001104, Input record: false, Current Traces: null, Previous Traces: []
	Update LinkMap: OXMBHUDYRREZM85S for [source1.3, source1.1]

**** DUMP START ****
entityMap
OXMBHUDYRREZM85S	OysterID: OXMBHUDYRREZM85S
Creation Date: null
Size: 2
Persistant: false
Record 0: @RefID=source1.1, StudentNameAddress=Edgar Jones, 21 Oak St, Little Rock, LEA=G34, StudentDOB=20001104, Input record: false, Current Traces: OID: OXMBHUDYRREZM85S, RunID: 1, Rule: [@], Previous Traces: []
Record 1: @RefID=source1.3, StudentNameAddress=Eddie JONES, 21 Oak, Little Rock, LEA=H15, StudentDOB=20001104, Input record: false, Current Traces: OID: OXMBHUDYRREZM85S, RunID: 1, Rule: [1], Previous Traces: []
Merges: {}
StrToStr: []
TruePositiveAttributes: RunID="null" Reviewer="" Transaction="null"
NegStrToStr: []

01UD6BSIPB4SHMC5	OysterID: 01UD6BSIPB4SHMC5
Creation Date: null
Size: 1
Persistant: false
Record 0: @RefID=source1.2, StudentNameAddress=Mary B. Smith, 34 Elm Street, Maumelle, LEA=G55, StudentDOB=19990921, Input record: false, Current Traces: OID: 01UD6BSIPB4SHMC5, RunID: 1, Rule: [@], Previous Traces: []
Merges: {}
StrToStr: []
TruePositiveAttributes: RunID="null" Reviewer="" Transaction="null"
NegStrToStr: []

entitySet
valueIndex
EDGAR	[source1.1]
JONES	[source1.1, source1.3]
21	[source1.1, source1.3]
OAK	[source1.1, source1.3]
LITTLE	[source1.1, source1.3]
ROCK	[source1.1, source1.3]
MARY	[source1.2]
SMITH	[source1.2]
34	[source1.2]
ELM	[source1.2]
STREET	[source1.2]
MAUMELLE	[source1.2]
EDDIE	[source1.3]
linkMap
source1.3	OXMBHUDYRREZM85S
source1.2	01UD6BSIPB4SHMC5
source1.1	OXMBHUDYRREZM85S
**** DUMP END ****


Input: @RefID=source1.4, StudentNameAddress=Mary SMITH, 34 Elm, Apt 1, Maumele, LEA=H17, StudentDOB=19990921, Input record: false, Current Traces: null, Previous Traces: []
	Candidate List:
		source1.2=@RefID{source1.2}, StudentNameAddress{Mary B. Smith, 34 Elm Street, Maumelle}, LEA{G55}, StudentDOB{19990921}

	Compare Input 5 to Identity 1 @RefID{source1.2}, StudentNameAddress{Mary B. Smith, 34 Elm Street, Maumelle}, LEA{G55}, StudentDOB{19990921}
matrix
false
false
	New Entity 5CO6J6DQ8KTDY9C8 @RefID{source1.4}, StudentNameAddress{Mary SMITH, 34 Elm, Apt 1, Maumele}, LEA{H17}, StudentDOB{19990921}
	New Index: @RefID=source1.4, StudentNameAddress=Mary SMITH, 34 Elm, Apt 1, Maumele, LEA=H17, StudentDOB=19990921, Input record: false, Current Traces: null, Previous Traces: []
	New LinkMap{source1.4}, @RefID{source1.4}, StudentNameAddress{Mary SMITH, 34 Elm, Apt 1, Maumele}, LEA{H17}, StudentDOB{19990921}

Input: @RefID=source1.5, StudentNameAddress=Eddie Jones, 21 Oak, Apt 5, Little Rock, LEA=G34, StudentDOB=20001104, Input record: false, Current Traces: null, Previous Traces: []
	Candidate List:
		source1.1=@RefID{source1.1}, StudentNameAddress{Edgar Jones, 21 Oak St, Little Rock}, LEA{G34}, StudentDOB{20001104}
		source1.1=@RefID{source1.3}, StudentNameAddress{Eddie JONES, 21 Oak, Little Rock}, LEA{H15}, StudentDOB{20001104}
		source1.4=@RefID{source1.4}, StudentNameAddress{Mary SMITH, 34 Elm, Apt 1, Maumele}, LEA{H17}, StudentDOB{19990921}

	Compare Input 6 to Identity 1 @RefID{source1.1}, StudentNameAddress{Edgar Jones, 21 Oak St, Little Rock}, LEA{G34}, StudentDOB{20001104}
matrix
true
	Matched Rule:1

true
	Compare Input 6 to Identity 2 @RefID{source1.4}, StudentNameAddress{Mary SMITH, 34 Elm, Apt 1, Maumele}, LEA{H17}, StudentDOB{19990921}
matrix
false
false

	Satisfies Rule 2
	Assign Entity source1.1 to Input 6
	Update Entity: OXMBHUDYRREZM85S @RefID{source1.1|source1.3|source1.5}, StudentNameAddress{Edgar Jones, 21 Oak St, Little Rock|Eddie JONES, 21 Oak, Little Rock|Eddie Jones, 21 Oak, Apt 5, Little Rock}, LEA{G34|H15|G34}, StudentDOB{20001104}
	             : OysterID: OXMBHUDYRREZM85S
Creation Date: null
Size: 3
Persistant: false
Record 0: @RefID=source1.1, StudentNameAddress=Edgar Jones, 21 Oak St, Little Rock, LEA=G34, StudentDOB=20001104, Input record: false, Current Traces: OID: OXMBHUDYRREZM85S, RunID: 1, Rule: [@], Previous Traces: []
Record 1: @RefID=source1.3, StudentNameAddress=Eddie JONES, 21 Oak, Little Rock, LEA=H15, StudentDOB=20001104, Input record: false, Current Traces: OID: OXMBHUDYRREZM85S, RunID: 1, Rule: [1], Previous Traces: []
Record 2: @RefID=source1.5, StudentNameAddress=Eddie Jones, 21 Oak, Apt 5, Little Rock, LEA=G34, StudentDOB=20001104, Input record: false, Current Traces: OID: OXMBHUDYRREZM85S, RunID: 1, Rule: [2], Previous Traces: []
Merges: {}
StrToStr: []
TruePositiveAttributes: RunID="null" Reviewer="" Transaction="null"
NegStrToStr: []

	Update Index: source1.1 for ri @RefID=source1.5, StudentNameAddress=Eddie Jones, 21 Oak, Apt 5, Little Rock, LEA=G34, StudentDOB=20001104, Input record: false, Current Traces: null, Previous Traces: []
	Update LinkMap: OXMBHUDYRREZM85S for [source1.3, source1.1, source1.5]

**** DUMP START ****
entityMap
OXMBHUDYRREZM85S	OysterID: OXMBHUDYRREZM85S
Creation Date: null
Size: 3
Persistant: false
Record 0: @RefID=source1.1, StudentNameAddress=Edgar Jones, 21 Oak St, Little Rock, LEA=G34, StudentDOB=20001104, Input record: false, Current Traces: OID: OXMBHUDYRREZM85S, RunID: 1, Rule: [@], Previous Traces: []
Record 1: @RefID=source1.3, StudentNameAddress=Eddie JONES, 21 Oak, Little Rock, LEA=H15, StudentDOB=20001104, Input record: false, Current Traces: OID: OXMBHUDYRREZM85S, RunID: 1, Rule: [1], Previous Traces: []
Record 2: @RefID=source1.5, StudentNameAddress=Eddie Jones, 21 Oak, Apt 5, Little Rock, LEA=G34, StudentDOB=20001104, Input record: false, Current Traces: OID: OXMBHUDYRREZM85S, RunID: 1, Rule: [2], Previous Traces: []
Merges: {}
StrToStr: []
TruePositiveAttributes: RunID="null" Reviewer="" Transaction="null"
NegStrToStr: []

01UD6BSIPB4SHMC5	OysterID: 01UD6BSIPB4SHMC5
Creation Date: null
Size: 1
Persistant: false
Record 0: @RefID=source1.2, StudentNameAddress=Mary B. Smith, 34 Elm Street, Maumelle, LEA=G55, StudentDOB=19990921, Input record: false, Current Traces: OID: 01UD6BSIPB4SHMC5, RunID: 1, Rule: [@], Previous Traces: []
Merges: {}
StrToStr: []
TruePositiveAttributes: RunID="null" Reviewer="" Transaction="null"
NegStrToStr: []

5CO6J6DQ8KTDY9C8	OysterID: 5CO6J6DQ8KTDY9C8
Creation Date: null
Size: 1
Persistant: false
Record 0: @RefID=source1.4, StudentNameAddress=Mary SMITH, 34 Elm, Apt 1, Maumele, LEA=H17, StudentDOB=19990921, Input record: false, Current Traces: OID: 5CO6J6DQ8KTDY9C8, RunID: 1, Rule: [@], Previous Traces: []
Merges: {}
StrToStr: []
TruePositiveAttributes: RunID="null" Reviewer="" Transaction="null"
NegStrToStr: []

entitySet
valueIndex
EDGAR	[source1.1]
JONES	[source1.1, source1.3, source1.5]
21	[source1.1, source1.3, source1.5]
OAK	[source1.1, source1.3, source1.5]
LITTLE	[source1.1, source1.3, source1.5]
ROCK	[source1.1, source1.3, source1.5]
MARY	[source1.2, source1.4]
SMITH	[source1.2, source1.4]
34	[source1.2, source1.4]
ELM	[source1.2, source1.4]
STREET	[source1.2]
MAUMELLE	[source1.2]
EDDIE	[source1.3, source1.5]
APT	[source1.4, source1.5]
MAUMELE	[source1.4]
linkMap
source1.3	OXMBHUDYRREZM85S
source1.2	01UD6BSIPB4SHMC5
source1.1	OXMBHUDYRREZM85S
source1.5	OXMBHUDYRREZM85S
source1.4	5CO6J6DQ8KTDY9C8
**** DUMP END ****


Input: @RefID=source1.6, StudentNameAddress=Super Man, 84 Pine Ave, Little Rock, LEA=G19, StudentDOB=20011104, Input record: false, Current Traces: null, Previous Traces: []
	Candidate List:
		source1.5=@RefID{source1.1}, StudentNameAddress{Edgar Jones, 21 Oak St, Little Rock}, LEA{G34}, StudentDOB{20001104}
		source1.5=@RefID{source1.3}, StudentNameAddress{Eddie JONES, 21 Oak, Little Rock}, LEA{H15}, StudentDOB{20001104}
		source1.5=@RefID{source1.5}, StudentNameAddress{Eddie Jones, 21 Oak, Apt 5, Little Rock}, LEA{G34}, StudentDOB{20001104}

	Compare Input 7 to Identity 1 @RefID{source1.1}, StudentNameAddress{Edgar Jones, 21 Oak St, Little Rock}, LEA{G34}, StudentDOB{20001104}
matrix
false
false
	Compare Input 7 to Identity 1 @RefID{source1.3}, StudentNameAddress{Eddie JONES, 21 Oak, Little Rock}, LEA{H15}, StudentDOB{20001104}
matrix
false
false
	Compare Input 7 to Identity 1 @RefID{source1.5}, StudentNameAddress{Eddie Jones, 21 Oak, Apt 5, Little Rock}, LEA{G34}, StudentDOB{20001104}
matrix
false
false
	New Entity V7UNLVSL9DXZAX96 @RefID{source1.6}, StudentNameAddress{Super Man, 84 Pine Ave, Little Rock}, LEA{G19}, StudentDOB{20011104}
	New Index: @RefID=source1.6, StudentNameAddress=Super Man, 84 Pine Ave, Little Rock, LEA=G19, StudentDOB=20011104, Input record: false, Current Traces: null, Previous Traces: []
	New LinkMap{source1.6}, @RefID{source1.6}, StudentNameAddress{Super Man, 84 Pine Ave, Little Rock}, LEA{G19}, StudentDOB{20011104}
Records processed for ./MatrixComparator/Scripts/MatrixComparatorSourceDescriptor.xml: 6(0)

# of Consolidation Steps: 0

Filtered Candidate List Frequencies
0	2
1	2
3	2


UnFiltered Candidate List Frequencies
0	2
1	2
3	2




###################
## Summary Stats ##
###################
Total Records Processed          :            6
Total Clusters                   :            4
Max Cluster Size                 :            3
Min Cluster Size > 1             :            3
Min Cluster Size                 :            1


###################
## Cluster Stats ##
###################
Cluster Size Distribution
Cluster Size     # of Clusters        # of Records
           1                 3                   3
           3                 1                   3

Clusters loaded                  :            0
References loaded                :            0
Avg # of Refs/Cluster            :          NaN


Average Cluster Grouping         :            2
Average Cluster by Count         :            2
Average Cluster Size             :      1.50000
Number of Duplicate Recs         :            2
Duplication Rate                 :      0.33333


Total Candidates Size            :            8
Total DeDup Candidates Size      :            5
Total # Candidates               :            4
Avg Candidates per Input         :      2.00000
Total Matched Count              :            2
Matches per Candidates Size      :      0.25000
Matches per DeDup Candidates Size:      0.40000
Matches per Candidates           :      0.50000


#########################
##   First Rule Stats  ##
#########################
Number of Rules: 0
Rule Firing Distribution
Rule                          Counts
1                                 2


############################
##   Complete Rule Stats  ##
############################
Rule Firing Distribution
Rule                          Counts
[1, 2]                            1
[1]                               2


###################
##  Index Stats  ##
###################
Keys                    :           19
Total tokens            :           37
Unique tokens           :            6
Max tokens per key      :            4
Min tokens per key      :            1
Min tokens > 1 per key  :            2

Total tokens per key    :      1.94737
Unique tokens per key   :      0.31579
Total per Unique tokens :      6.16667
Unique per Total tokens :      0.16216

Skewness                :      1.08631
Kurtosis                :      1.23959
Excess                  :     -1.76041

Max key                 : LITTLE, ROCK

Top 10 keys             : 
4                        : LITTLE, ROCK
3                        : JONES, 21, OAK
2                        : MARY, SMITH, 34, ELM, EDDIE, APT
1                        : EDGAR, STREET, MAUMELLE, MAUMELE, SUPER, MAN, 84, PINE


Candidate Size     # of Candidates        # of Records
             0                   2                   0
             1                   2                   2
             3                   2                   6


   Index Group          Index Size        # of Records
             1                   8                   8
             2                   6                  12
             3                   3                   9
             4                   2                   8






####################
##  Timing Stats  ##
####################
Elapsed Seconds                  :                0
Throughput (records/hour)        :         Infinity
Average Matching Latency (ms)    :         0.500000
Max Matching Latency (ms)        :                2
Min Matching Latency (ms)        :                1
Average Non-Matching Latency (ms):          0.50000
Max Non-Matching Latency (ms)    :                1
Min Non-Matching Latency (ms)    :                0



Time process started at 2019-08-20 09.34.37
Time process ended at 2019-08-20 09.34.37
Total elapsed time 0 hour(s) 0 minute(s) 0 second(s)

