Oyster v.4.3.0
RunScript: MergePurgeRunScript.xml
Attribute: ./MergePurge/Scripts/MergePurgeAttributesMain.xml
Initializing Index...
Index Type: TalburtZhouInvertedIndex

OysterIdentityRecord Type: Map

ClusterRecord Type: UNKNOWN

Initializing EntityMap...
EntityMap Type: EntityMap

Link Output Type: TextFile
Link Output: ./MergePurge/Output/MergePurgeIndex.link

Engine Type: OysterClusterEngine

Bypassing Least Common Rule filter


Source: ./MergePurge/Input/merged_data_Final.txt

Records processed for ./MergePurge/Scripts/MergePurgeSourceDescriptor.xml: 271142(0)

# of Consolidation Steps: 0


###################
## Summary Stats ##
###################
Total Records Processed          :      271,142
Total Clusters                   :       89,662
Max Cluster Size                 :          134
Min Cluster Size > 1             :            2
Min Cluster Size                 :            1


###################
## Cluster Stats ##
###################
Cluster Size Distribution
Cluster Size     # of Clusters        # of Records
           1            60,071              60,071
           2            11,707              23,414
           3             2,874               8,622
           4             1,721               6,884
           5             1,189               5,945
           6             1,025               6,150
           7               939               6,573
           8             1,045               8,360
           9             1,193              10,737
          10             1,002              10,020
          11               891               9,801
          12               803               9,636
          13               655               8,515
          14               537               7,518
          15               481               7,215
          16               456               7,296
          17               430               7,310
          18               363               6,534
          19               311               5,909
          20               271               5,420
          21               234               4,914
          22               188               4,136
          23               157               3,611
          24               145               3,480
          25               102               2,550
          26               100               2,600
          27                81               2,187
          28                77               2,156
          29                71               2,059
          30                47               1,410
          31                63               1,953
          32                52               1,664
          33                42               1,386
          34                35               1,190
          35                33               1,155
          36                22                 792
          37                25                 925
          38                27               1,026
          39                19                 741
          40                18                 720
          41                12                 492
          42                10                 420
          43                10                 430
          44                15                 660
          45                12                 540
          46                 4                 184
          47                 8                 376
          48                 3                 144
          49                 4                 196
          50                 5                 250
          51                 8                 408
          52                 7                 364
          53                 4                 212
          54                 3                 162
          55                 6                 330
          56                 4                 224
          57                 2                 114
          58                 1                  58
          59                 5                 295
          60                 4                 240
          61                 1                  61
          62                 2                 124
          63                 4                 252
          64                 4                 256
          66                 3                 198
          67                 1                  67
          68                 2                 136
          69                 2                 138
          70                 1                  70
          71                 1                  71
          72                 1                  72
          73                 1                  73
          77                 1                  77
          79                 1                  79
          81                 1                  81
          84                 1                  84
          85                 1                  85
          88                 1                  88
          89                 1                  89
          99                 1                  99
         124                 1                 124
         134                 1                 134

Clusters loaded                  :            0
References loaded                :            0
Avg # of Refs/Cluster            :          NaN


Average Cluster Grouping         :           43
Average Cluster by Count         :        1,093
Average Cluster Size             :      3.02405
Number of Duplicate Recs         :      181,480
Duplication Rate                 :      0.66932


Total Candidates Size            :    1,548,101
Total DeDup Candidates Size      :      584,170
Total # Candidates               :      181,043
Avg Candidates per Input         :      8.55101
Total Matched Count              :      146,637
Matches per Candidates Size      :      0.09472
Matches per DeDup Candidates Size:      0.25102
Matches per Candidates           :      0.80996


#########################
##   First Rule Stats  ##
#########################
Number of Rules: 0
Rule Firing Distribution
Rule                          Counts
1                            50,330
2                               303
3                             4,193
4                            28,283
5                            13,748
6                            49,780


############################
##   Complete Rule Stats  ##
############################
Rule Firing Distribution
Rule                          Counts
[1, 2, 5]                        15
[1, 2]                           15
[1, 3, 4, 5, 7]                 582
[1, 3, 4, 5]                    582
[1, 3, 4]                       582
[1, 3]                          770
[1, 4, 5, 6, 7]               1,499
[1, 4, 5, 6]                  1,499
[1, 4, 5, 7]                  1,483
[1, 4, 5]                     2,982
[1, 4]                        2,982
[1, 5, 6]                    29,404
[1, 5]                       44,654
[1, 6]                        5,163
[1]                          63,661
[2, 6]                            1
[2]                             586
[3, 4, 5, 7]                    274
[3, 4, 5]                       274
[3, 4, 7]                     3,788
[3, 4]                        4,062
[3]                           4,267
[4, 5, 6, 7]                  1,179
[4, 5, 6]                     1,179
[4, 5, 7]                       668
[4, 5]                        1,847
[4, 6, 7]                    14,326
[4, 6]                       14,326
[4, 7]                       12,375
[4]                          28,548
[5, 6]                        6,875
[5]                          17,003
[6]                          67,415


###################
##  Index Stats  ##
###################
Keys                    :      153,289
Total tokens            :      403,619
Unique tokens           :      248,894
Max tokens per key      :           66
Min tokens per key      :            1
Min tokens > 1 per key  :            2

Total tokens per key    :      2.63306
Unique tokens per key   :      1.62369
Total per Unique tokens :      1.62165
Unique per Total tokens :      0.61666

Skewness                :      1.11328
Kurtosis                :      1.25917
Excess                  :     -1.74083

Max key                 : 4461

Top 10 keys             : 
66                        : 4461
60                        : 4957
59                        : 5437
58                        : 1912
57                        : 0675, 8428, 9347
56                        : 4953, 2005, 2275
55                        : 1940
54                        : 1098, 1938, 6916
53                        : 8979, 7777, 0842, 8398, 2644, 1878
52                        : 7551


Candidate Size     # of Candidates        # of Records
             0              90,099                   0
             1              37,206              37,206
             2              22,319              44,638
             3              14,743              44,229
             4              11,225              44,900
             5               9,745              48,725
             6               7,557              45,342
             7               6,697              46,879
             8               5,985              47,880
             9               5,481              49,329
            10               5,053              50,530
            11               4,773              52,503
            12               4,382              52,584
            13               4,126              53,638
            14               3,895              54,530
            15               3,490              52,350
            16               3,288              52,608
            17               3,057              51,969
            18               2,911              52,398
            19               2,579              49,001
            20               2,386              47,720
            21               2,214              46,494
            22               1,998              43,956
            23               1,801              41,423
            24               1,623              38,952
            25               1,486              37,150
            26               1,313              34,138
            27               1,146              30,942
            28               1,038              29,064
            29                 932              27,028
            30                 822              24,660
            31                 722              22,382
            32                 624              19,968
            33                 571              18,843
            34                 512              17,408
            35                 442              15,470
            36                 414              14,904
            37                 346              12,802
            38                 277              10,526
            39                 247               9,633
            40                 248               9,920
            41                 189               7,749
            42                 161               6,762
            43                 149               6,407
            44                 142               6,248
            45                 103               4,635
            46                  99               4,554
            47                  97               4,559
            48                  71               3,408
            49                  42               2,058
            50                  54               2,700
            51                  41               2,091
            52                  53               2,756
            53                  31               1,643
            54                  27               1,458
            55                  17                 935
            56                  20               1,120
            57                  15                 855
            58                  14                 812
            59                  14                 826
            60                   7                 420
            61                   5                 305
            62                   1                  62
            63                   1                  63
            64                   6                 384
            65                   4                 260
            66                   2                 132
            68                   1                  68
            69                   2                 138
            71                   1                  71


   Index Group          Index Size        # of Records
             1              86,409              86,409
             2              34,502              69,004
             3               6,889              20,667
             4               7,064              28,256
             5               1,793               8,965
             6               6,084              36,504
             7               1,344               9,408
             8               1,328              10,624
             9                 802               7,218
            10                 783               7,830
            11                 619               6,809
            12                 649               7,788
            13                 535               6,955
            14                 468               6,552
            15                 434               6,510
            16                 402               6,432
            17                 327               5,559
            18                 316               5,688
            19                 277               5,263
            20                 273               5,460
            21                 230               4,830
            22                 196               4,312
            23                 204               4,692
            24                 177               4,248
            25                 147               3,675
            26                 124               3,224
            27                 108               2,916
            28                  89               2,492
            29                  94               2,726
            30                  60               1,800
            31                  65               2,015
            32                  63               2,016
            33                  70               2,310
            34                  47               1,598
            35                  47               1,645
            36                  44               1,584
            37                  32               1,184
            38                  33               1,254
            39                  19                 741
            40                  17                 680
            41                  21                 861
            42                  15                 630
            43                  16                 688
            44                  10                 440
            45                  10                 450
            46                   8                 368
            47                   6                 282
            48                   4                 192
            49                   6                 294
            50                   6                 300
            51                   2                 102
            52                   1                  52
            53                   6                 318
            54                   3                 162
            55                   1                  55
            56                   3                 168
            57                   3                 171
            58                   1                  58
            59                   1                  59
            60                   1                  60
            66                   1                  66






####################
##  Timing Stats  ##
####################
Elapsed Seconds                  :               19
Throughput (records/hour)        : 51,374,273.68421
Average Matching Latency (ms)    :         0.035966
Max Matching Latency (ms)        :               41
Min Matching Latency (ms)        :                0
Average Non-Matching Latency (ms):          0.00675
Max Non-Matching Latency (ms)    :               36
Min Non-Matching Latency (ms)    :                0



Time process started at 2023-12-04 01.11.32
Time process ended at 2023-12-04 01.11.51
Total elapsed time 0 hour(s) 0 minute(s) 19 second(s)

