Oyster v.4.2.0
RunScript: PlaceHolderRunScript.xml
Attribute: ./PlaceHolder/Scripts/PlaceHolderAttributes.xml
Initializing Index...
Index Type: NullIndex

OysterIdentityRecord Type: Map

ClusterRecord Type: UNKNOWN

Initializing EntityMap...
EntityMap Type: EntityMap

Link Output Type: TextFile
Link Output: ./PlaceHolder/Output/PlaceHolderIndex.link

Identity Output Type: TextFile
Identity Output: ./PlaceHolder/Output/PlaceHolderOutput.idty

Validating Source Descriptor:./PlaceHolder/Scripts/PlaceHolderSourceDescriptor.xml
Source File:./PlaceHolder/Input/PlaceHolderTest.txt
Engine Type: OysterClusterEngine

Bypassing Least Common Rule filter


Source: ./PlaceHolder/Input/PlaceHolderTest.txt


Input: @RefID=source1.1, StudentFirstName=Edgar, StudentLastName=Jones, LEA=G34, StudentDateOfBirth=20001104, Input record: false, Current Traces: null, Previous Traces: []
	Candidate List:

	New Entity XVI8NV5E03OWX86Y @RefID{source1.1}, StudentFirstName{Edgar}, StudentLastName{Jones}, LEA{G34}, StudentDateOfBirth{20001104}
	New Index: @RefID=source1.1, StudentFirstName=Edgar, StudentLastName=Jones, LEA=G34, StudentDateOfBirth=20001104, Input record: false, Current Traces: null, Previous Traces: []
	New LinkMap{source1.1}, @RefID{source1.1}, StudentFirstName{Edgar}, StudentLastName{Jones}, LEA{G34}, StudentDateOfBirth{20001104}

Input: @RefID=source1.2, StudentFirstName=Mary, StudentLastName=Smith, LEA=G55, StudentDateOfBirth=19990921, Input record: false, Current Traces: null, Previous Traces: []
	Candidate List:
		source1.1=@RefID{source1.1}, StudentFirstName{Edgar}, StudentLastName{Jones}, LEA{G34}, StudentDateOfBirth{20001104}

	Compare Input 3 to Identity 1 @RefID{source1.1}, StudentFirstName{Edgar}, StudentLastName{Jones}, LEA{G34}, StudentDateOfBirth{20001104}
matrix
false
false
	New Entity MW9AGFLZ2A1ENXZ5 @RefID{source1.2}, StudentFirstName{Mary}, StudentLastName{Smith}, LEA{G55}, StudentDateOfBirth{19990921}
	New Index: @RefID=source1.2, StudentFirstName=Mary, StudentLastName=Smith, LEA=G55, StudentDateOfBirth=19990921, Input record: false, Current Traces: null, Previous Traces: []
	New LinkMap{source1.2}, @RefID{source1.2}, StudentFirstName{Mary}, StudentLastName{Smith}, LEA{G55}, StudentDateOfBirth{19990921}

Input: @RefID=source1.3, StudentFirstName=Eddie, StudentLastName=JONES, LEA=H15, StudentDateOfBirth=20001104, Input record: false, Current Traces: null, Previous Traces: []
	Candidate List:
		source1.2=@RefID{source1.2}, StudentFirstName{Mary}, StudentLastName{Smith}, LEA{G55}, StudentDateOfBirth{19990921}
		source1.1=@RefID{source1.1}, StudentFirstName{Edgar}, StudentLastName{Jones}, LEA{G34}, StudentDateOfBirth{20001104}

	Compare Input 4 to Identity 1 @RefID{source1.2}, StudentFirstName{Mary}, StudentLastName{Smith}, LEA{G55}, StudentDateOfBirth{19990921}
matrix
false
false
	Compare Input 4 to Identity 2 @RefID{source1.1}, StudentFirstName{Edgar}, StudentLastName{Jones}, LEA{G34}, StudentDateOfBirth{20001104}
matrix
false
false
	New Entity Q928GNKAT7D0B0X6 @RefID{source1.3}, StudentFirstName{Eddie}, StudentLastName{JONES}, LEA{H15}, StudentDateOfBirth{20001104}
	New Index: @RefID=source1.3, StudentFirstName=Eddie, StudentLastName=JONES, LEA=H15, StudentDateOfBirth=20001104, Input record: false, Current Traces: null, Previous Traces: []
	New LinkMap{source1.3}, @RefID{source1.3}, StudentFirstName{Eddie}, StudentLastName{JONES}, LEA{H15}, StudentDateOfBirth{20001104}

Input: @RefID=source1.4, StudentFirstName=Mary, StudentLastName=SMITH, LEA=H17, StudentDateOfBirth=19990921, Input record: false, Current Traces: null, Previous Traces: []
	Candidate List:
		source1.3=@RefID{source1.3}, StudentFirstName{Eddie}, StudentLastName{JONES}, LEA{H15}, StudentDateOfBirth{20001104}
		source1.2=@RefID{source1.2}, StudentFirstName{Mary}, StudentLastName{Smith}, LEA{G55}, StudentDateOfBirth{19990921}
		source1.1=@RefID{source1.1}, StudentFirstName{Edgar}, StudentLastName{Jones}, LEA{G34}, StudentDateOfBirth{20001104}

	Compare Input 5 to Identity 1 @RefID{source1.3}, StudentFirstName{Eddie}, StudentLastName{JONES}, LEA{H15}, StudentDateOfBirth{20001104}
matrix
false
false
	Compare Input 5 to Identity 2 @RefID{source1.2}, StudentFirstName{Mary}, StudentLastName{Smith}, LEA{G55}, StudentDateOfBirth{19990921}
matrix
false
false
	Compare Input 5 to Identity 3 @RefID{source1.1}, StudentFirstName{Edgar}, StudentLastName{Jones}, LEA{G34}, StudentDateOfBirth{20001104}
matrix
false
false
	New Entity FZ6U9YN8PYPB9Y4B @RefID{source1.4}, StudentFirstName{Mary}, StudentLastName{SMITH}, LEA{H17}, StudentDateOfBirth{19990921}
	New Index: @RefID=source1.4, StudentFirstName=Mary, StudentLastName=SMITH, LEA=H17, StudentDateOfBirth=19990921, Input record: false, Current Traces: null, Previous Traces: []
	New LinkMap{source1.4}, @RefID{source1.4}, StudentFirstName{Mary}, StudentLastName{SMITH}, LEA{H17}, StudentDateOfBirth{19990921}

Input: @RefID=source1.5, StudentFirstName=Eddie, StudentLastName=Jones, LEA=G34, StudentDateOfBirth=20001104, Input record: false, Current Traces: null, Previous Traces: []
	Candidate List:
		source1.3=@RefID{source1.3}, StudentFirstName{Eddie}, StudentLastName{JONES}, LEA{H15}, StudentDateOfBirth{20001104}
		source1.2=@RefID{source1.2}, StudentFirstName{Mary}, StudentLastName{Smith}, LEA{G55}, StudentDateOfBirth{19990921}
		source1.1=@RefID{source1.1}, StudentFirstName{Edgar}, StudentLastName{Jones}, LEA{G34}, StudentDateOfBirth{20001104}
		source1.4=@RefID{source1.4}, StudentFirstName{Mary}, StudentLastName{SMITH}, LEA{H17}, StudentDateOfBirth{19990921}

	Compare Input 6 to Identity 1 @RefID{source1.3}, StudentFirstName{Eddie}, StudentLastName{JONES}, LEA{H15}, StudentDateOfBirth{20001104}
matrix
true
	Matched Rule:1

false
	Compare Input 6 to Identity 2 @RefID{source1.2}, StudentFirstName{Mary}, StudentLastName{Smith}, LEA{G55}, StudentDateOfBirth{19990921}
matrix
false
false
	Compare Input 6 to Identity 3 @RefID{source1.1}, StudentFirstName{Edgar}, StudentLastName{Jones}, LEA{G34}, StudentDateOfBirth{20001104}
matrix
false
true
	Compare Input 6 to Identity 4 @RefID{source1.4}, StudentFirstName{Mary}, StudentLastName{SMITH}, LEA{H17}, StudentDateOfBirth{19990921}
matrix
false
false

	Satisfies Rule 1

	Satisfies Rule 2
	Assign Entity source1.1 to Input 6
	Update Entity: XVI8NV5E03OWX86Y @RefID{source1.1|source1.3|source1.5}, StudentFirstName{Edgar|Eddie|Eddie}, StudentLastName{Jones|JONES|Jones}, LEA{G34|H15|G34}, StudentDateOfBirth{20001104}
	             : OysterID: XVI8NV5E03OWX86Y
Creation Date: null
Size: 3
Persistant: false
Record 0: @RefID=source1.1, StudentFirstName=Edgar, StudentLastName=Jones, LEA=G34, StudentDateOfBirth=20001104, Input record: false, Current Traces: OID: XVI8NV5E03OWX86Y, RunID: 1, Rule: [@], Previous Traces: []
Record 1: @RefID=source1.3, StudentFirstName=Eddie, StudentLastName=JONES, LEA=H15, StudentDateOfBirth=20001104, Input record: false, Current Traces: OID: XVI8NV5E03OWX86Y, RunID: 1, Rule: [1], Previous Traces: []
Record 2: @RefID=source1.5, StudentFirstName=Eddie, StudentLastName=Jones, LEA=G34, StudentDateOfBirth=20001104, Input record: false, Current Traces: OID: XVI8NV5E03OWX86Y, RunID: 1, Rule: [1, 2], Previous Traces: []
Merges: {Q928GNKAT7D0B0X6=source1.3}
StrToStr: []
TruePositiveAttributes: RunID="null" Reviewer="" Transaction="null"
NegStrToStr: []

	Update Index: source1.1 for ri @RefID=source1.5, StudentFirstName=Eddie, StudentLastName=Jones, LEA=G34, StudentDateOfBirth=20001104, Input record: false, Current Traces: null, Previous Traces: []
	Update LinkMap: XVI8NV5E03OWX86Y for [source1.3, source1.1, source1.5]

**** DUMP START ****
entityMap
XVI8NV5E03OWX86Y	OysterID: XVI8NV5E03OWX86Y
Creation Date: null
Size: 3
Persistant: false
Record 0: @RefID=source1.1, StudentFirstName=Edgar, StudentLastName=Jones, LEA=G34, StudentDateOfBirth=20001104, Input record: false, Current Traces: OID: XVI8NV5E03OWX86Y, RunID: 1, Rule: [@], Previous Traces: []
Record 1: @RefID=source1.3, StudentFirstName=Eddie, StudentLastName=JONES, LEA=H15, StudentDateOfBirth=20001104, Input record: false, Current Traces: OID: XVI8NV5E03OWX86Y, RunID: 1, Rule: [1], Previous Traces: []
Record 2: @RefID=source1.5, StudentFirstName=Eddie, StudentLastName=Jones, LEA=G34, StudentDateOfBirth=20001104, Input record: false, Current Traces: OID: XVI8NV5E03OWX86Y, RunID: 1, Rule: [1, 2], Previous Traces: []
Merges: {Q928GNKAT7D0B0X6=source1.3}
StrToStr: []
TruePositiveAttributes: RunID="null" Reviewer="" Transaction="null"
NegStrToStr: []

MW9AGFLZ2A1ENXZ5	OysterID: MW9AGFLZ2A1ENXZ5
Creation Date: null
Size: 1
Persistant: false
Record 0: @RefID=source1.2, StudentFirstName=Mary, StudentLastName=Smith, LEA=G55, StudentDateOfBirth=19990921, Input record: false, Current Traces: OID: MW9AGFLZ2A1ENXZ5, RunID: 1, Rule: [@], Previous Traces: []
Merges: {}
StrToStr: []
TruePositiveAttributes: RunID="null" Reviewer="" Transaction="null"
NegStrToStr: []

FZ6U9YN8PYPB9Y4B	OysterID: FZ6U9YN8PYPB9Y4B
Creation Date: null
Size: 1
Persistant: false
Record 0: @RefID=source1.4, StudentFirstName=Mary, StudentLastName=SMITH, LEA=H17, StudentDateOfBirth=19990921, Input record: false, Current Traces: OID: FZ6U9YN8PYPB9Y4B, RunID: 1, Rule: [@], Previous Traces: []
Merges: {}
StrToStr: []
TruePositiveAttributes: RunID="null" Reviewer="" Transaction="null"
NegStrToStr: []

entitySet
valueIndex
<null>	[source1.1, source1.2, source1.3, source1.4, source1.5]
linkMap
source1.3	XVI8NV5E03OWX86Y
source1.2	MW9AGFLZ2A1ENXZ5
source1.1	XVI8NV5E03OWX86Y
source1.5	XVI8NV5E03OWX86Y
source1.4	FZ6U9YN8PYPB9Y4B
**** DUMP END ****


Input: @RefID=source1.6, StudentFirstName=Super, StudentLastName=Man, LEA=G19, StudentDateOfBirth=20011104, Input record: false, Current Traces: null, Previous Traces: []
	Candidate List:
		source1.2=@RefID{source1.2}, StudentFirstName{Mary}, StudentLastName{Smith}, LEA{G55}, StudentDateOfBirth{19990921}
		source1.5=@RefID{source1.1}, StudentFirstName{Edgar}, StudentLastName{Jones}, LEA{G34}, StudentDateOfBirth{20001104}
		source1.5=@RefID{source1.3}, StudentFirstName{Eddie}, StudentLastName{JONES}, LEA{H15}, StudentDateOfBirth{20001104}
		source1.5=@RefID{source1.5}, StudentFirstName{Eddie}, StudentLastName{Jones}, LEA{G34}, StudentDateOfBirth{20001104}
		source1.4=@RefID{source1.4}, StudentFirstName{Mary}, StudentLastName{SMITH}, LEA{H17}, StudentDateOfBirth{19990921}

	Compare Input 7 to Identity 1 @RefID{source1.2}, StudentFirstName{Mary}, StudentLastName{Smith}, LEA{G55}, StudentDateOfBirth{19990921}
matrix
false
false
	Compare Input 7 to Identity 2 @RefID{source1.1}, StudentFirstName{Edgar}, StudentLastName{Jones}, LEA{G34}, StudentDateOfBirth{20001104}
matrix
false
false
	Compare Input 7 to Identity 2 @RefID{source1.3}, StudentFirstName{Eddie}, StudentLastName{JONES}, LEA{H15}, StudentDateOfBirth{20001104}
matrix
false
false
	Compare Input 7 to Identity 2 @RefID{source1.5}, StudentFirstName{Eddie}, StudentLastName{Jones}, LEA{G34}, StudentDateOfBirth{20001104}
matrix
false
false
	Compare Input 7 to Identity 3 @RefID{source1.4}, StudentFirstName{Mary}, StudentLastName{SMITH}, LEA{H17}, StudentDateOfBirth{19990921}
matrix
false
false
	New Entity FYONETPU881DH2L0 @RefID{source1.6}, StudentFirstName{Super}, StudentLastName{Man}, LEA{G19}, StudentDateOfBirth{20011104}
	New Index: @RefID=source1.6, StudentFirstName=Super, StudentLastName=Man, LEA=G19, StudentDateOfBirth=20011104, Input record: false, Current Traces: null, Previous Traces: []
	New LinkMap{source1.6}, @RefID{source1.6}, StudentFirstName{Super}, StudentLastName{Man}, LEA{G19}, StudentDateOfBirth{20011104}
Records processed for ./PlaceHolder/Scripts/PlaceHolderSourceDescriptor.xml: 6(0)

# of Consolidation Steps: 0

Filtered Candidate List Frequencies
0	1
1	1
2	1
3	1
4	1
5	1


UnFiltered Candidate List Frequencies
0	1
1	1
2	1
3	1
4	1
5	1




###################
## Summary Stats ##
###################
Total Records Processed          :            6
Total Clusters                   :            4
Max Cluster Size                 :            3
Min Cluster Size > 1             :            3
Min Cluster Size                 :            1


###################
## Cluster Stats ##
###################
Cluster Size Distribution
Cluster Size     # of Clusters        # of Records
           1                 3                   3
           3                 1                   3

Clusters loaded                  :            0
References loaded                :            0
Avg # of Refs/Cluster            :          NaN


Average Cluster Grouping         :            2
Average Cluster by Count         :            2
Average Cluster Size             :      1.50000
Number of Duplicate Recs         :            2
Duplication Rate                 :      0.33333


Total Candidates Size            :           15
Total DeDup Candidates Size      :           13
Total # Candidates               :            5
Avg Candidates per Input         :      3.00000
Total Matched Count              :            1
Matches per Candidates Size      :      0.06667
Matches per DeDup Candidates Size:      0.07692
Matches per Candidates           :      0.20000


#########################
##   First Rule Stats  ##
#########################
Number of Rules: 0
Rule Firing Distribution
Rule                          Counts
1                                 1


############################
##   Complete Rule Stats  ##
############################
Rule Firing Distribution
Rule                          Counts
[1]                               1
[2]                               1


###################
##  Index Stats  ##
###################
Keys                    :            1
Total tokens            :            6
Unique tokens           :            6
Max tokens per key      :            6
Min tokens per key      :            6
Min tokens > 1 per key  :            6

Total tokens per key    :      6.00000
Unique tokens per key   :      6.00000
Total per Unique tokens :      1.00000
Unique per Total tokens :      1.00000

Skewness                :          NaN
Kurtosis                :          NaN
Excess                  :          NaN

Max key                 : <null>

Top 10 keys             : 
6                        : <null>


Candidate Size     # of Candidates        # of Records


   Index Group          Index Size        # of Records
             6                   1                   6






####################
##  Timing Stats  ##
####################
Elapsed Seconds                  :                0
Throughput (records/hour)        :         Infinity
Average Matching Latency (ms)    :         0.333333
Max Matching Latency (ms)        :                2
Min Matching Latency (ms)        :                2
Average Non-Matching Latency (ms):          1.33333
Max Non-Matching Latency (ms)    :                3
Min Non-Matching Latency (ms)    :                0



Time process started at 2019-08-20 09.35.05
Time process ended at 2019-08-20 09.35.05
Total elapsed time 0 hour(s) 0 minute(s) 0 second(s)

