Oyster v.4.2.0
RunScript: IdentityResolutionRunScript.xml
Attribute: ./IdentityResolution/Scripts/IdentityResolutionAttributes.xml
Initializing Index...
Index Type: NullIndex

OysterIdentityRecord Type: Map

ClusterRecord Type: UNKNOWN

Initializing EntityMap...
EntityMap Type: EntityMap

Identity Input Type: TextFile
Identity Input: ./IdentityResolution/Input/IdentityResolutionInputIdentities.idty

Loading Previous IdentityRepository: ./IdentityResolution/Input/IdentityResolutionInputIdentities.idty
Number of clusters read: 2
Number of references   : 4
Link Output Type: TextFile
Link Output: ./IdentityResolution/Output/IdentityResolution.link

Validating Source Descriptor:./IdentityResolution/Scripts/IdentityResolutionSourceDescriptor.xml
Source File:./IdentityResolution/Input/IdentityResolutionTest.txt
Engine Type: OysterClusterEngine

Bypassing Least Common Rule filter


Source: ./IdentityResolution/Input/IdentityResolutionTest.txt


Input: @RefID=IR1.1, StudentFirstName=Edgar, StudentLastName=Jones, StudentDateOfBirth=20001104, StudentSchoolCode=G34, Input record: false, Current Traces: null, Previous Traces: []
	Candidate List:
		AS1.3=@RefID{AS1.1}, StudentFirstName{Edgar}, StudentLastName{Jones}, StudentDateOfBirth{20001104}, StudentSchoolCode{G34}
		AS1.3=@RefID{AS1.3}, StudentFirstName{Eddie}, StudentLastName{Jones}, StudentDateOfBirth{20001104}, StudentSchoolCode{H15}
		AS1.4=@RefID{AS1.2}, StudentFirstName{Mary}, StudentLastName{Smith}, StudentDateOfBirth{19990921}, StudentSchoolCode{G55}
		AS1.4=@RefID{AS1.4}, StudentFirstName{Mary}, StudentLastName{Smith}, StudentDateOfBirth{19990921}, StudentSchoolCode{H17}

	Compare Input 2 to Identity 1 @RefID{AS1.1}, StudentFirstName{Edgar}, StudentLastName{Jones}, StudentDateOfBirth{20001104}, StudentSchoolCode{G34}
matrix
true
	Matched Rule:1

true

	Satisfies Rule 2

**** DUMP START ****
entityMap
BMN73PME2SJBOHK9	OysterID: BMN73PME2SJBOHK9
Creation Date: Fri Aug 03 00:00:00 CDT 2018
Size: 3
Persistant: true
Record 0: @RefID=AS1.1, StudentFirstName=Edgar, StudentLastName=Jones, StudentDateOfBirth=20001104, StudentSchoolCode=G34, Input record: true, Current Traces: null, Previous Traces: [OID: BMN73PME2SJBOHK9, RunID: 1, Rule: [@]]
Record 1: @RefID=AS1.3, StudentFirstName=Eddie, StudentLastName=Jones, StudentDateOfBirth=20001104, StudentSchoolCode=H15, Input record: true, Current Traces: null, Previous Traces: [OID: BMN73PME2SJBOHK9, RunID: 1, Rule: [@AssertRefToRef]]
Record 2: @RefID=IR1.1, StudentFirstName=Edgar, StudentLastName=Jones, StudentDateOfBirth=20001104, StudentSchoolCode=G34, Input record: false, Current Traces: null, Previous Traces: []
Merges: {}
StrToStr: []
TruePositiveAttributes: RunID="null" Reviewer="" Transaction="null"
NegStrToStr: []

R9AY3WK1JAHUTWKK	OysterID: R9AY3WK1JAHUTWKK
Creation Date: Fri Aug 03 00:00:00 CDT 2018
Size: 2
Persistant: true
Record 0: @RefID=AS1.2, StudentFirstName=Mary, StudentLastName=Smith, StudentDateOfBirth=19990921, StudentSchoolCode=G55, Input record: true, Current Traces: null, Previous Traces: [OID: R9AY3WK1JAHUTWKK, RunID: 1, Rule: [@]]
Record 1: @RefID=AS1.4, StudentFirstName=Mary, StudentLastName=Smith, StudentDateOfBirth=19990921, StudentSchoolCode=H17, Input record: true, Current Traces: null, Previous Traces: [OID: R9AY3WK1JAHUTWKK, RunID: 1, Rule: [@AssertRefToRef]]
Merges: {}
StrToStr: []
TruePositiveAttributes: RunID="null" Reviewer="" Transaction="null"
NegStrToStr: []

entitySet
valueIndex
<null>	[AS1.1, AS1.3, AS1.2, AS1.4]
linkMap
IR1.1	BMN73PME2SJBOHK9
**** DUMP END ****


Input: @RefID=IR1.2, StudentFirstName=Mary, StudentLastName=Smith, StudentDateOfBirth=19990921, StudentSchoolCode=G55, Input record: false, Current Traces: null, Previous Traces: []
	Candidate List:
		AS1.3=@RefID{AS1.1}, StudentFirstName{Edgar}, StudentLastName{Jones}, StudentDateOfBirth{20001104}, StudentSchoolCode{G34}
		AS1.3=@RefID{AS1.3}, StudentFirstName{Eddie}, StudentLastName{Jones}, StudentDateOfBirth{20001104}, StudentSchoolCode{H15}
		AS1.3=@RefID{IR1.1}, StudentFirstName{Edgar}, StudentLastName{Jones}, StudentDateOfBirth{20001104}, StudentSchoolCode{G34}
		AS1.4=@RefID{AS1.2}, StudentFirstName{Mary}, StudentLastName{Smith}, StudentDateOfBirth{19990921}, StudentSchoolCode{G55}
		AS1.4=@RefID{AS1.4}, StudentFirstName{Mary}, StudentLastName{Smith}, StudentDateOfBirth{19990921}, StudentSchoolCode{H17}

	Compare Input 3 to Identity 1 @RefID{AS1.1}, StudentFirstName{Edgar}, StudentLastName{Jones}, StudentDateOfBirth{20001104}, StudentSchoolCode{G34}
matrix
false
false
	Compare Input 3 to Identity 1 @RefID{AS1.3}, StudentFirstName{Eddie}, StudentLastName{Jones}, StudentDateOfBirth{20001104}, StudentSchoolCode{H15}
matrix
false
false
	Compare Input 3 to Identity 1 @RefID{IR1.1}, StudentFirstName{Edgar}, StudentLastName{Jones}, StudentDateOfBirth{20001104}, StudentSchoolCode{G34}
matrix
false
false
	Compare Input 3 to Identity 2 @RefID{AS1.2}, StudentFirstName{Mary}, StudentLastName{Smith}, StudentDateOfBirth{19990921}, StudentSchoolCode{G55}
matrix
true
	Matched Rule:1

true

	Satisfies Rule 2

**** DUMP START ****
entityMap
BMN73PME2SJBOHK9	OysterID: BMN73PME2SJBOHK9
Creation Date: Fri Aug 03 00:00:00 CDT 2018
Size: 3
Persistant: true
Record 0: @RefID=AS1.1, StudentFirstName=Edgar, StudentLastName=Jones, StudentDateOfBirth=20001104, StudentSchoolCode=G34, Input record: true, Current Traces: null, Previous Traces: [OID: BMN73PME2SJBOHK9, RunID: 1, Rule: [@]]
Record 1: @RefID=AS1.3, StudentFirstName=Eddie, StudentLastName=Jones, StudentDateOfBirth=20001104, StudentSchoolCode=H15, Input record: true, Current Traces: null, Previous Traces: [OID: BMN73PME2SJBOHK9, RunID: 1, Rule: [@AssertRefToRef]]
Record 2: @RefID=IR1.1, StudentFirstName=Edgar, StudentLastName=Jones, StudentDateOfBirth=20001104, StudentSchoolCode=G34, Input record: false, Current Traces: null, Previous Traces: []
Merges: {}
StrToStr: []
TruePositiveAttributes: RunID="null" Reviewer="" Transaction="null"
NegStrToStr: []

R9AY3WK1JAHUTWKK	OysterID: R9AY3WK1JAHUTWKK
Creation Date: Fri Aug 03 00:00:00 CDT 2018
Size: 3
Persistant: true
Record 0: @RefID=AS1.2, StudentFirstName=Mary, StudentLastName=Smith, StudentDateOfBirth=19990921, StudentSchoolCode=G55, Input record: true, Current Traces: null, Previous Traces: [OID: R9AY3WK1JAHUTWKK, RunID: 1, Rule: [@]]
Record 1: @RefID=AS1.4, StudentFirstName=Mary, StudentLastName=Smith, StudentDateOfBirth=19990921, StudentSchoolCode=H17, Input record: true, Current Traces: null, Previous Traces: [OID: R9AY3WK1JAHUTWKK, RunID: 1, Rule: [@AssertRefToRef]]
Record 2: @RefID=IR1.2, StudentFirstName=Mary, StudentLastName=Smith, StudentDateOfBirth=19990921, StudentSchoolCode=G55, Input record: false, Current Traces: null, Previous Traces: []
Merges: {}
StrToStr: []
TruePositiveAttributes: RunID="null" Reviewer="" Transaction="null"
NegStrToStr: []

entitySet
valueIndex
<null>	[AS1.1, AS1.3, AS1.2, AS1.4]
linkMap
IR1.1	BMN73PME2SJBOHK9
IR1.2	R9AY3WK1JAHUTWKK
**** DUMP END ****


Input: @RefID=IR1.3, StudentFirstName=Eddie, StudentLastName=Jones, StudentDateOfBirth=20001104, StudentSchoolCode=H15, Input record: false, Current Traces: null, Previous Traces: []
	Candidate List:
		AS1.3=@RefID{AS1.1}, StudentFirstName{Edgar}, StudentLastName{Jones}, StudentDateOfBirth{20001104}, StudentSchoolCode{G34}
		AS1.3=@RefID{AS1.3}, StudentFirstName{Eddie}, StudentLastName{Jones}, StudentDateOfBirth{20001104}, StudentSchoolCode{H15}
		AS1.3=@RefID{IR1.1}, StudentFirstName{Edgar}, StudentLastName{Jones}, StudentDateOfBirth{20001104}, StudentSchoolCode{G34}
		AS1.4=@RefID{AS1.2}, StudentFirstName{Mary}, StudentLastName{Smith}, StudentDateOfBirth{19990921}, StudentSchoolCode{G55}
		AS1.4=@RefID{AS1.4}, StudentFirstName{Mary}, StudentLastName{Smith}, StudentDateOfBirth{19990921}, StudentSchoolCode{H17}
		AS1.4=@RefID{IR1.2}, StudentFirstName{Mary}, StudentLastName{Smith}, StudentDateOfBirth{19990921}, StudentSchoolCode{G55}

	Compare Input 4 to Identity 1 @RefID{AS1.1}, StudentFirstName{Edgar}, StudentLastName{Jones}, StudentDateOfBirth{20001104}, StudentSchoolCode{G34}
matrix
false
false
	Compare Input 4 to Identity 1 @RefID{AS1.3}, StudentFirstName{Eddie}, StudentLastName{Jones}, StudentDateOfBirth{20001104}, StudentSchoolCode{H15}
matrix
true
	Matched Rule:1

true

	Satisfies Rule 2

**** DUMP START ****
entityMap
BMN73PME2SJBOHK9	OysterID: BMN73PME2SJBOHK9
Creation Date: Fri Aug 03 00:00:00 CDT 2018
Size: 4
Persistant: true
Record 0: @RefID=AS1.1, StudentFirstName=Edgar, StudentLastName=Jones, StudentDateOfBirth=20001104, StudentSchoolCode=G34, Input record: true, Current Traces: null, Previous Traces: [OID: BMN73PME2SJBOHK9, RunID: 1, Rule: [@]]
Record 1: @RefID=AS1.3, StudentFirstName=Eddie, StudentLastName=Jones, StudentDateOfBirth=20001104, StudentSchoolCode=H15, Input record: true, Current Traces: null, Previous Traces: [OID: BMN73PME2SJBOHK9, RunID: 1, Rule: [@AssertRefToRef]]
Record 2: @RefID=IR1.1, StudentFirstName=Edgar, StudentLastName=Jones, StudentDateOfBirth=20001104, StudentSchoolCode=G34, Input record: false, Current Traces: null, Previous Traces: []
Record 3: @RefID=IR1.3, StudentFirstName=Eddie, StudentLastName=Jones, StudentDateOfBirth=20001104, StudentSchoolCode=H15, Input record: false, Current Traces: null, Previous Traces: []
Merges: {}
StrToStr: []
TruePositiveAttributes: RunID="null" Reviewer="" Transaction="null"
NegStrToStr: []

R9AY3WK1JAHUTWKK	OysterID: R9AY3WK1JAHUTWKK
Creation Date: Fri Aug 03 00:00:00 CDT 2018
Size: 3
Persistant: true
Record 0: @RefID=AS1.2, StudentFirstName=Mary, StudentLastName=Smith, StudentDateOfBirth=19990921, StudentSchoolCode=G55, Input record: true, Current Traces: null, Previous Traces: [OID: R9AY3WK1JAHUTWKK, RunID: 1, Rule: [@]]
Record 1: @RefID=AS1.4, StudentFirstName=Mary, StudentLastName=Smith, StudentDateOfBirth=19990921, StudentSchoolCode=H17, Input record: true, Current Traces: null, Previous Traces: [OID: R9AY3WK1JAHUTWKK, RunID: 1, Rule: [@AssertRefToRef]]
Record 2: @RefID=IR1.2, StudentFirstName=Mary, StudentLastName=Smith, StudentDateOfBirth=19990921, StudentSchoolCode=G55, Input record: false, Current Traces: null, Previous Traces: []
Merges: {}
StrToStr: []
TruePositiveAttributes: RunID="null" Reviewer="" Transaction="null"
NegStrToStr: []

entitySet
valueIndex
<null>	[AS1.1, AS1.3, AS1.2, AS1.4]
linkMap
IR1.1	BMN73PME2SJBOHK9
IR1.2	R9AY3WK1JAHUTWKK
IR1.3	BMN73PME2SJBOHK9
**** DUMP END ****


Input: @RefID=IR1.4, StudentFirstName=Mary, StudentLastName=Smith, StudentDateOfBirth=19990921, StudentSchoolCode=H17, Input record: false, Current Traces: null, Previous Traces: []
	Candidate List:
		AS1.3=@RefID{AS1.1}, StudentFirstName{Edgar}, StudentLastName{Jones}, StudentDateOfBirth{20001104}, StudentSchoolCode{G34}
		AS1.3=@RefID{AS1.3}, StudentFirstName{Eddie}, StudentLastName{Jones}, StudentDateOfBirth{20001104}, StudentSchoolCode{H15}
		AS1.3=@RefID{IR1.1}, StudentFirstName{Edgar}, StudentLastName{Jones}, StudentDateOfBirth{20001104}, StudentSchoolCode{G34}
		AS1.3=@RefID{IR1.3}, StudentFirstName{Eddie}, StudentLastName{Jones}, StudentDateOfBirth{20001104}, StudentSchoolCode{H15}
		AS1.4=@RefID{AS1.2}, StudentFirstName{Mary}, StudentLastName{Smith}, StudentDateOfBirth{19990921}, StudentSchoolCode{G55}
		AS1.4=@RefID{AS1.4}, StudentFirstName{Mary}, StudentLastName{Smith}, StudentDateOfBirth{19990921}, StudentSchoolCode{H17}
		AS1.4=@RefID{IR1.2}, StudentFirstName{Mary}, StudentLastName{Smith}, StudentDateOfBirth{19990921}, StudentSchoolCode{G55}

	Compare Input 5 to Identity 1 @RefID{AS1.1}, StudentFirstName{Edgar}, StudentLastName{Jones}, StudentDateOfBirth{20001104}, StudentSchoolCode{G34}
matrix
false
false
	Compare Input 5 to Identity 1 @RefID{AS1.3}, StudentFirstName{Eddie}, StudentLastName{Jones}, StudentDateOfBirth{20001104}, StudentSchoolCode{H15}
matrix
false
false
	Compare Input 5 to Identity 1 @RefID{IR1.1}, StudentFirstName{Edgar}, StudentLastName{Jones}, StudentDateOfBirth{20001104}, StudentSchoolCode{G34}
matrix
false
false
	Compare Input 5 to Identity 1 @RefID{IR1.3}, StudentFirstName{Eddie}, StudentLastName{Jones}, StudentDateOfBirth{20001104}, StudentSchoolCode{H15}
matrix
false
false
	Compare Input 5 to Identity 2 @RefID{AS1.2}, StudentFirstName{Mary}, StudentLastName{Smith}, StudentDateOfBirth{19990921}, StudentSchoolCode{G55}
matrix
true
	Matched Rule:1

false

	Satisfies Rule 1

**** DUMP START ****
entityMap
BMN73PME2SJBOHK9	OysterID: BMN73PME2SJBOHK9
Creation Date: Fri Aug 03 00:00:00 CDT 2018
Size: 4
Persistant: true
Record 0: @RefID=AS1.1, StudentFirstName=Edgar, StudentLastName=Jones, StudentDateOfBirth=20001104, StudentSchoolCode=G34, Input record: true, Current Traces: null, Previous Traces: [OID: BMN73PME2SJBOHK9, RunID: 1, Rule: [@]]
Record 1: @RefID=AS1.3, StudentFirstName=Eddie, StudentLastName=Jones, StudentDateOfBirth=20001104, StudentSchoolCode=H15, Input record: true, Current Traces: null, Previous Traces: [OID: BMN73PME2SJBOHK9, RunID: 1, Rule: [@AssertRefToRef]]
Record 2: @RefID=IR1.1, StudentFirstName=Edgar, StudentLastName=Jones, StudentDateOfBirth=20001104, StudentSchoolCode=G34, Input record: false, Current Traces: null, Previous Traces: []
Record 3: @RefID=IR1.3, StudentFirstName=Eddie, StudentLastName=Jones, StudentDateOfBirth=20001104, StudentSchoolCode=H15, Input record: false, Current Traces: null, Previous Traces: []
Merges: {}
StrToStr: []
TruePositiveAttributes: RunID="null" Reviewer="" Transaction="null"
NegStrToStr: []

R9AY3WK1JAHUTWKK	OysterID: R9AY3WK1JAHUTWKK
Creation Date: Fri Aug 03 00:00:00 CDT 2018
Size: 4
Persistant: true
Record 0: @RefID=AS1.2, StudentFirstName=Mary, StudentLastName=Smith, StudentDateOfBirth=19990921, StudentSchoolCode=G55, Input record: true, Current Traces: null, Previous Traces: [OID: R9AY3WK1JAHUTWKK, RunID: 1, Rule: [@]]
Record 1: @RefID=AS1.4, StudentFirstName=Mary, StudentLastName=Smith, StudentDateOfBirth=19990921, StudentSchoolCode=H17, Input record: true, Current Traces: null, Previous Traces: [OID: R9AY3WK1JAHUTWKK, RunID: 1, Rule: [@AssertRefToRef]]
Record 2: @RefID=IR1.2, StudentFirstName=Mary, StudentLastName=Smith, StudentDateOfBirth=19990921, StudentSchoolCode=G55, Input record: false, Current Traces: null, Previous Traces: []
Record 3: @RefID=IR1.4, StudentFirstName=Mary, StudentLastName=Smith, StudentDateOfBirth=19990921, StudentSchoolCode=H17, Input record: false, Current Traces: null, Previous Traces: []
Merges: {}
StrToStr: []
TruePositiveAttributes: RunID="null" Reviewer="" Transaction="null"
NegStrToStr: []

entitySet
valueIndex
<null>	[AS1.1, AS1.3, AS1.2, AS1.4]
linkMap
IR1.1	BMN73PME2SJBOHK9
IR1.4	R9AY3WK1JAHUTWKK
IR1.2	R9AY3WK1JAHUTWKK
IR1.3	BMN73PME2SJBOHK9
**** DUMP END ****


Input: @RefID=IR1.5, StudentFirstName=Eddie, StudentLastName=Jones, StudentDateOfBirth=20001104, StudentSchoolCode=G34, Input record: false, Current Traces: null, Previous Traces: []
	Candidate List:
		AS1.3=@RefID{AS1.1}, StudentFirstName{Edgar}, StudentLastName{Jones}, StudentDateOfBirth{20001104}, StudentSchoolCode{G34}
		AS1.3=@RefID{AS1.3}, StudentFirstName{Eddie}, StudentLastName{Jones}, StudentDateOfBirth{20001104}, StudentSchoolCode{H15}
		AS1.3=@RefID{IR1.1}, StudentFirstName{Edgar}, StudentLastName{Jones}, StudentDateOfBirth{20001104}, StudentSchoolCode{G34}
		AS1.3=@RefID{IR1.3}, StudentFirstName{Eddie}, StudentLastName{Jones}, StudentDateOfBirth{20001104}, StudentSchoolCode{H15}
		AS1.4=@RefID{AS1.2}, StudentFirstName{Mary}, StudentLastName{Smith}, StudentDateOfBirth{19990921}, StudentSchoolCode{G55}
		AS1.4=@RefID{AS1.4}, StudentFirstName{Mary}, StudentLastName{Smith}, StudentDateOfBirth{19990921}, StudentSchoolCode{H17}
		AS1.4=@RefID{IR1.2}, StudentFirstName{Mary}, StudentLastName{Smith}, StudentDateOfBirth{19990921}, StudentSchoolCode{G55}
		AS1.4=@RefID{IR1.4}, StudentFirstName{Mary}, StudentLastName{Smith}, StudentDateOfBirth{19990921}, StudentSchoolCode{H17}

	Compare Input 6 to Identity 1 @RefID{AS1.1}, StudentFirstName{Edgar}, StudentLastName{Jones}, StudentDateOfBirth{20001104}, StudentSchoolCode{G34}
matrix
false
true
	Matched Rule:2


	Satisfies Rule 2

**** DUMP START ****
entityMap
BMN73PME2SJBOHK9	OysterID: BMN73PME2SJBOHK9
Creation Date: Fri Aug 03 00:00:00 CDT 2018
Size: 5
Persistant: true
Record 0: @RefID=AS1.1, StudentFirstName=Edgar, StudentLastName=Jones, StudentDateOfBirth=20001104, StudentSchoolCode=G34, Input record: true, Current Traces: null, Previous Traces: [OID: BMN73PME2SJBOHK9, RunID: 1, Rule: [@]]
Record 1: @RefID=AS1.3, StudentFirstName=Eddie, StudentLastName=Jones, StudentDateOfBirth=20001104, StudentSchoolCode=H15, Input record: true, Current Traces: null, Previous Traces: [OID: BMN73PME2SJBOHK9, RunID: 1, Rule: [@AssertRefToRef]]
Record 2: @RefID=IR1.1, StudentFirstName=Edgar, StudentLastName=Jones, StudentDateOfBirth=20001104, StudentSchoolCode=G34, Input record: false, Current Traces: null, Previous Traces: []
Record 3: @RefID=IR1.3, StudentFirstName=Eddie, StudentLastName=Jones, StudentDateOfBirth=20001104, StudentSchoolCode=H15, Input record: false, Current Traces: null, Previous Traces: []
Record 4: @RefID=IR1.5, StudentFirstName=Eddie, StudentLastName=Jones, StudentDateOfBirth=20001104, StudentSchoolCode=G34, Input record: false, Current Traces: null, Previous Traces: []
Merges: {}
StrToStr: []
TruePositiveAttributes: RunID="null" Reviewer="" Transaction="null"
NegStrToStr: []

R9AY3WK1JAHUTWKK	OysterID: R9AY3WK1JAHUTWKK
Creation Date: Fri Aug 03 00:00:00 CDT 2018
Size: 4
Persistant: true
Record 0: @RefID=AS1.2, StudentFirstName=Mary, StudentLastName=Smith, StudentDateOfBirth=19990921, StudentSchoolCode=G55, Input record: true, Current Traces: null, Previous Traces: [OID: R9AY3WK1JAHUTWKK, RunID: 1, Rule: [@]]
Record 1: @RefID=AS1.4, StudentFirstName=Mary, StudentLastName=Smith, StudentDateOfBirth=19990921, StudentSchoolCode=H17, Input record: true, Current Traces: null, Previous Traces: [OID: R9AY3WK1JAHUTWKK, RunID: 1, Rule: [@AssertRefToRef]]
Record 2: @RefID=IR1.2, StudentFirstName=Mary, StudentLastName=Smith, StudentDateOfBirth=19990921, StudentSchoolCode=G55, Input record: false, Current Traces: null, Previous Traces: []
Record 3: @RefID=IR1.4, StudentFirstName=Mary, StudentLastName=Smith, StudentDateOfBirth=19990921, StudentSchoolCode=H17, Input record: false, Current Traces: null, Previous Traces: []
Merges: {}
StrToStr: []
TruePositiveAttributes: RunID="null" Reviewer="" Transaction="null"
NegStrToStr: []

entitySet
valueIndex
<null>	[AS1.1, AS1.3, AS1.2, AS1.4]
linkMap
IR1.1	BMN73PME2SJBOHK9
IR1.4	R9AY3WK1JAHUTWKK
IR1.5	BMN73PME2SJBOHK9
IR1.2	R9AY3WK1JAHUTWKK
IR1.3	BMN73PME2SJBOHK9
**** DUMP END ****


Input: @RefID=IR1.6, StudentFirstName=Super, StudentLastName=Man, StudentDateOfBirth=20011104, StudentSchoolCode=G19, Input record: false, Current Traces: null, Previous Traces: []
	Candidate List:
		AS1.3=@RefID{AS1.1}, StudentFirstName{Edgar}, StudentLastName{Jones}, StudentDateOfBirth{20001104}, StudentSchoolCode{G34}
		AS1.3=@RefID{AS1.3}, StudentFirstName{Eddie}, StudentLastName{Jones}, StudentDateOfBirth{20001104}, StudentSchoolCode{H15}
		AS1.3=@RefID{IR1.1}, StudentFirstName{Edgar}, StudentLastName{Jones}, StudentDateOfBirth{20001104}, StudentSchoolCode{G34}
		AS1.3=@RefID{IR1.3}, StudentFirstName{Eddie}, StudentLastName{Jones}, StudentDateOfBirth{20001104}, StudentSchoolCode{H15}
		AS1.3=@RefID{IR1.5}, StudentFirstName{Eddie}, StudentLastName{Jones}, StudentDateOfBirth{20001104}, StudentSchoolCode{G34}
		AS1.4=@RefID{AS1.2}, StudentFirstName{Mary}, StudentLastName{Smith}, StudentDateOfBirth{19990921}, StudentSchoolCode{G55}
		AS1.4=@RefID{AS1.4}, StudentFirstName{Mary}, StudentLastName{Smith}, StudentDateOfBirth{19990921}, StudentSchoolCode{H17}
		AS1.4=@RefID{IR1.2}, StudentFirstName{Mary}, StudentLastName{Smith}, StudentDateOfBirth{19990921}, StudentSchoolCode{G55}
		AS1.4=@RefID{IR1.4}, StudentFirstName{Mary}, StudentLastName{Smith}, StudentDateOfBirth{19990921}, StudentSchoolCode{H17}

	Compare Input 7 to Identity 1 @RefID{AS1.1}, StudentFirstName{Edgar}, StudentLastName{Jones}, StudentDateOfBirth{20001104}, StudentSchoolCode{G34}
matrix
false
false
	Compare Input 7 to Identity 1 @RefID{AS1.3}, StudentFirstName{Eddie}, StudentLastName{Jones}, StudentDateOfBirth{20001104}, StudentSchoolCode{H15}
matrix
false
false
	Compare Input 7 to Identity 1 @RefID{IR1.1}, StudentFirstName{Edgar}, StudentLastName{Jones}, StudentDateOfBirth{20001104}, StudentSchoolCode{G34}
matrix
false
false
	Compare Input 7 to Identity 1 @RefID{IR1.3}, StudentFirstName{Eddie}, StudentLastName{Jones}, StudentDateOfBirth{20001104}, StudentSchoolCode{H15}
matrix
false
false
	Compare Input 7 to Identity 1 @RefID{IR1.5}, StudentFirstName{Eddie}, StudentLastName{Jones}, StudentDateOfBirth{20001104}, StudentSchoolCode{G34}
matrix
false
false
	Compare Input 7 to Identity 2 @RefID{AS1.2}, StudentFirstName{Mary}, StudentLastName{Smith}, StudentDateOfBirth{19990921}, StudentSchoolCode{G55}
matrix
false
false
	Compare Input 7 to Identity 2 @RefID{AS1.4}, StudentFirstName{Mary}, StudentLastName{Smith}, StudentDateOfBirth{19990921}, StudentSchoolCode{H17}
matrix
false
false
	Compare Input 7 to Identity 2 @RefID{IR1.2}, StudentFirstName{Mary}, StudentLastName{Smith}, StudentDateOfBirth{19990921}, StudentSchoolCode{G55}
matrix
false
false
	Compare Input 7 to Identity 2 @RefID{IR1.4}, StudentFirstName{Mary}, StudentLastName{Smith}, StudentDateOfBirth{19990921}, StudentSchoolCode{H17}
matrix
false
false
	No Capture: LinkMap{IR1.6}, @RefID{IR1.6}, StudentFirstName{Super}, StudentLastName{Man}, StudentDateOfBirth{20011104}, StudentSchoolCode{G19}
Records processed for ./IdentityResolution/Scripts/IdentityResolutionSourceDescriptor.xml: 6(0)

# of Consolidation Steps: 0

Filtered Candidate List Frequencies
4	6


UnFiltered Candidate List Frequencies
4	6




###################
## Summary Stats ##
###################
Total Records Processed          :            6
Total Clusters                   :            2
Max Cluster Size                 :            3
Min Cluster Size > 1             :            2
Min Cluster Size                 :            1


###################
## Cluster Stats ##
###################
Cluster Size Distribution
Cluster Size     # of Clusters        # of Records
           1                 1                   1
           2                 1                   2
           3                 1                   3

Clusters loaded                  :            2
References loaded                :            4
Avg # of Refs/Cluster            :      2.00000


Average Cluster Grouping         :            2
Average Cluster by Count         :            1
Average Cluster Size             :      2.00000
Number of Duplicate Recs         :            3
Duplication Rate                 :      0.66667


Total Candidates Size            :           24
Total DeDup Candidates Size      :           12
Total # Candidates               :            6
Avg Candidates per Input         :      4.00000
Total Matched Count              :            5
Matches per Candidates Size      :      0.20833
Matches per DeDup Candidates Size:      0.41667
Matches per Candidates           :      0.83333


#########################
##   First Rule Stats  ##
#########################
Number of Rules: 0
Rule Firing Distribution
Rule                          Counts
1                                 4
2                                 1


############################
##   Complete Rule Stats  ##
############################
Rule Firing Distribution
Rule                          Counts
[1, 2]                            3
[1]                               4
[2]                               1


###################
##  Index Stats  ##
###################
Keys                    :            1
Total tokens            :            4
Unique tokens           :            4
Max tokens per key      :            4
Min tokens per key      :            4
Min tokens > 1 per key  :            4

Total tokens per key    :      4.00000
Unique tokens per key   :      4.00000
Total per Unique tokens :      1.00000
Unique per Total tokens :      1.00000

Skewness                :          NaN
Kurtosis                :          NaN
Excess                  :          NaN

Max key                 : <null>

Top 10 keys             : 
4                        : <null>


Candidate Size     # of Candidates        # of Records


   Index Group          Index Size        # of Records
             4                   1                   4




########################
##  Resolution Stats  ##
########################
Records resolved                 :            5




####################
##  Timing Stats  ##
####################
Elapsed Seconds                  :                0
Throughput (records/hour)        :         Infinity
Average Matching Latency (ms)    :         1.666667
Max Matching Latency (ms)        :                3
Min Matching Latency (ms)        :                1
Average Non-Matching Latency (ms):          0.33333
Max Non-Matching Latency (ms)    :                2
Min Non-Matching Latency (ms)    :                2



Time process started at 2019-08-20 09.31.43
Time process ended at 2019-08-20 09.31.43
Total elapsed time 0 hour(s) 0 minute(s) 0 second(s)

