Oyster v.4.3.0
RunScript: MergePurgeRunScript.xml
Attribute: ./MergePurge/Scripts/MergePurgeAttributesMain.xml
Initializing Index...
Index Type: TalburtZhouInvertedIndex

OysterIdentityRecord Type: Map

ClusterRecord Type: UNKNOWN

Initializing EntityMap...
EntityMap Type: EntityMap

Link Output Type: TextFile
Link Output: ./MergePurge/Output/MergePurgeIndex.link

Engine Type: OysterClusterEngine

Bypassing Least Common Rule filter


Source: ./MergePurge/Input/merged_data_Final.txt

Records processed for ./MergePurge/Scripts/MergePurgeSourceDescriptor.xml: 271142(0)

# of Consolidation Steps: 0


###################
## Summary Stats ##
###################
Total Records Processed          :      271,142
Total Clusters                   :       88,716
Max Cluster Size                 :          102
Min Cluster Size > 1             :            2
Min Cluster Size                 :            1


###################
## Cluster Stats ##
###################
Cluster Size Distribution
Cluster Size     # of Clusters        # of Records
           1            59,209              59,209
           2            11,649              23,298
           3             2,366               7,098
           4             1,621               6,484
           5             1,165               5,825
           6             1,048               6,288
           7               980               6,860
           8             1,008               8,064
           9             1,193              10,737
          10             1,079              10,790
          11             1,019              11,209
          12               922              11,064
          13               741               9,633
          14               593               8,302
          15               565               8,475
          16               482               7,712
          17               480               8,160
          18               401               7,218
          19               338               6,422
          20               306               6,120
          21               234               4,914
          22               190               4,180
          23               176               4,048
          24               139               3,336
          25               108               2,700
          26                96               2,496
          27                81               2,187
          28                74               2,072
          29                71               2,059
          30                38               1,140
          31                56               1,736
          32                39               1,248
          33                40               1,320
          34                28                 952
          35                28                 980
          36                17                 612
          37                14                 518
          38                14                 532
          39                16                 624
          40                 7                 280
          41                 8                 328
          42                10                 420
          43                 9                 387
          44                 9                 396
          45                 6                 270
          46                 3                 138
          47                 6                 282
          48                 2                  96
          49                 2                  98
          50                 1                  50
          51                 6                 306
          52                 2                 104
          53                 1                  53
          54                 2                 108
          55                 1                  55
          56                 2                 112
          58                 3                 174
          59                 1                  59
          60                 1                  60
          62                 2                 124
          65                 1                  65
          69                 1                  69
          73                 2                 146
          77                 1                  77
          80                 1                  80
          81                 1                  81
         102                 1                 102

Clusters loaded                  :            0
References loaded                :            0
Avg # of Refs/Cluster            :          NaN


Average Cluster Grouping         :           35
Average Cluster by Count         :        1,324
Average Cluster Size             :      3.05629
Number of Duplicate Recs         :      182,426
Duplication Rate                 :      0.67281


Total Candidates Size            :   15,542,066
Total DeDup Candidates Size      :    5,337,209
Total # Candidates               :      191,917
Avg Candidates per Input         :     80.98327
Total Matched Count              :      149,790
Matches per Candidates Size      :      0.00964
Matches per DeDup Candidates Size:      0.02807
Matches per Candidates           :      0.78049


#########################
##   First Rule Stats  ##
#########################
Number of Rules: 0
Rule Firing Distribution
Rule                          Counts
1                            48,462
2                               261
3                            21,268
4                            18,295
5                            61,504


############################
##   Complete Rule Stats  ##
############################
Rule Firing Distribution
Rule                          Counts
[1, 2]                           24
[1, 3, 4, 5]                  1,238
[1, 3, 4]                     1,486
[1, 3, 5]                       157
[1, 3]                        2,118
[1, 4, 5]                       468
[1, 4]                        2,120
[1, 5]                       29,689
[1]                          62,385
[2, 5]                            4
[2]                             599
[3, 4, 5]                    15,492
[3, 4]                       16,951
[3, 5]                        1,067
[3]                          21,769
[4, 5]                        3,783
[4]                          18,828
[5]                          78,845


###################
##  Index Stats  ##
###################
Keys                    :      236,797
Total tokens            :      531,155
Unique tokens           :      248,894
Max tokens per key      :          470
Min tokens per key      :            1
Min tokens > 1 per key  :            2

Total tokens per key    :      2.24308
Unique tokens per key   :      1.05109
Total per Unique tokens :      2.13406
Unique per Total tokens :      0.46859

Skewness                :      1.09581
Kurtosis                :      1.22301
Excess                  :     -1.77699

Max key                 : 1389

Top 10 keys             : 
470                        : 1389
432                        : 0139
431                        : 1269
414                        : 1679
410                        : 0248
404                        : 0468
401                        : 1369, 0149
399                        : 0358
395                        : 1268
394                        : 0127


Candidate Size     # of Candidates        # of Records
             0              79,225                   0
             1              29,459              29,459
             2              15,812              31,624
             3               7,966              23,898
             4               4,826              19,304
             5               3,798              18,990
             6               2,012              12,072
             7               1,649              11,543
             8               1,298              10,384
             9               1,155              10,395
            10               1,000              10,000
            11                 902               9,922
            12                 865              10,380
            13                 824              10,712
            14                 794              11,116
            15                 779              11,685
            16                 737              11,792
            17                 731              12,427
            18                 742              13,356
            19                 723              13,737
            20                 710              14,200
            21                 706              14,826
            22                 706              15,532
            23                 688              15,824
            24                 700              16,800
            25                 702              17,550
            26                 690              17,940
            27                 682              18,414
            28                 684              19,152
            29                 687              19,923
            30                 687              20,610
            31                 679              21,049
            32                 666              21,312
            33                 686              22,638
            34                 683              23,222
            35                 675              23,625
            36                 680              24,480
            37                 660              24,420
            38                 677              25,726
            39                 666              25,974
            40                 662              26,480
            41                 670              27,470
            42                 649              27,258
            43                 676              29,068
            44                 675              29,700
            45                 644              28,980
            46                 655              30,130
            47                 662              31,114
            48                 636              30,528
            49                 660              32,340
            50                 638              31,900
            51                 640              32,640
            52                 646              33,592
            53                 634              33,602
            54                 642              34,668
            55                 631              34,705
            56                 631              35,336
            57                 624              35,568
            58                 635              36,830
            59                 618              36,462
            60                 634              38,040
            61                 622              37,942
            62                 602              37,324
            63                 622              39,186
            64                 618              39,552
            65                 609              39,585
            66                 614              40,524
            67                 588              39,396
            68                 621              42,228
            69                 591              40,779
            70                 602              42,140
            71                 593              42,103
            72                 610              43,920
            73                 614              44,822
            74                 599              44,326
            75                 588              44,100
            76                 600              45,600
            77                 579              44,583
            78                 580              45,240
            79                 582              45,978
            80                 585              46,800
            81                 588              47,628
            82                 599              49,118
            83                 573              47,559
            84                 563              47,292
            85                 582              49,470
            86                 539              46,354
            87                 585              50,895
            88                 545              47,960
            89                 554              49,306
            90                 571              51,390
            91                 553              50,323
            92                 553              50,876
            93                 558              51,894
            94                 564              53,016
            95                 569              54,055
            96                 561              53,856
            97                 553              53,641
            98                 537              52,626
            99                 532              52,668
           100                 561              56,100
           101                 521              52,621
           102                 573              58,446
           103                 550              56,650
           104                 530              55,120
           105                 538              56,490
           106                 534              56,604
           107                 542              57,994
           108                 538              58,104
           109                 515              56,135
           110                 536              58,960
           111                 534              59,274
           112                 526              58,912
           113                 518              58,534
           114                 533              60,762
           115                 522              60,030
           116                 527              61,132
           117                 503              58,851
           118                 524              61,832
           119                 535              63,665
           120                 537              64,440
           121                 535              64,735
           122                 479              58,438
           123                 503              61,869
           124                 494              61,256
           125                 519              64,875
           126                 473              59,598
           127                 501              63,627
           128                 495              63,360
           129                 501              64,629
           130                 502              65,260
           131                 512              67,072
           132                 486              64,152
           133                 473              62,909
           134                 498              66,732
           135                 466              62,910
           136                 475              64,600
           137                 443              60,691
           138                 455              62,790
           139                 501              69,639
           140                 453              63,420
           141                 469              66,129
           142                 467              66,314
           143                 453              64,779
           144                 442              63,648
           145                 429              62,205
           146                 448              65,408
           147                 431              63,357
           148                 454              67,192
           149                 441              65,709
           150                 426              63,900
           151                 406              61,306
           152                 413              62,776
           153                 406              62,118
           154                 417              64,218
           155                 434              67,270
           156                 388              60,528
           157                 410              64,370
           158                 403              63,674
           159                 405              64,395
           160                 351              56,160
           161                 359              57,799
           162                 355              57,510
           163                 385              62,755
           164                 375              61,500
           165                 356              58,740
           166                 342              56,772
           167                 353              58,951
           168                 369              61,992
           169                 353              59,657
           170                 325              55,250
           171                 346              59,166
           172                 325              55,900
           173                 324              56,052
           174                 316              54,984
           175                 343              60,025
           176                 335              58,960
           177                 336              59,472
           178                 313              55,714
           179                 290              51,910
           180                 306              55,080
           181                 287              51,947
           182                 300              54,600
           183                 304              55,632
           184                 309              56,856
           185                 312              57,720
           186                 302              56,172
           187                 271              50,677
           188                 288              54,144
           189                 287              54,243
           190                 299              56,810
           191                 276              52,716
           192                 260              49,920
           193                 258              49,794
           194                 287              55,678
           195                 268              52,260
           196                 269              52,724
           197                 256              50,432
           198                 246              48,708
           199                 254              50,546
           200                 250              50,000
           201                 262              52,662
           202                 262              52,924
           203                 250              50,750
           204                 234              47,736
           205                 262              53,710
           206                 244              50,264
           207                 231              47,817
           208                 207              43,056
           209                 222              46,398
           210                 223              46,830
           211                 256              54,016
           212                 257              54,484
           213                 232              49,416
           214                 230              49,220
           215                 245              52,675
           216                 218              47,088
           217                 215              46,655
           218                 210              45,780
           219                 227              49,713
           220                 229              50,380
           221                 228              50,388
           222                 255              56,610
           223                 211              47,053
           224                 194              43,456
           225                 213              47,925
           226                 231              52,206
           227                 203              46,081
           228                 205              46,740
           229                 231              52,899
           230                 183              42,090
           231                 205              47,355
           232                 202              46,864
           233                 217              50,561
           234                 198              46,332
           235                 197              46,295
           236                 193              45,548
           237                 210              49,770
           238                 227              54,026
           239                 221              52,819
           240                 202              48,480
           241                 199              47,959
           242                 199              48,158
           243                 187              45,441
           244                 210              51,240
           245                 183              44,835
           246                 197              48,462
           247                 186              45,942
           248                 195              48,360
           249                 177              44,073
           250                 179              44,750
           251                 197              49,447
           252                 182              45,864
           253                 194              49,082
           254                 181              45,974
           255                 206              52,530
           256                 201              51,456
           257                 168              43,176
           258                 197              50,826
           259                 181              46,879
           260                 177              46,020
           261                 173              45,153
           262                 177              46,374
           263                 164              43,132
           264                 172              45,408
           265                 192              50,880
           266                 185              49,210
           267                 171              45,657
           268                 176              47,168
           269                 158              42,502
           270                 193              52,110
           271                 164              44,444
           272                 160              43,520
           273                 166              45,318
           274                 167              45,758
           275                 170              46,750
           276                 158              43,608
           277                 152              42,104
           278                 167              46,426
           279                 129              35,991
           280                 170              47,600
           281                 160              44,960
           282                 133              37,506
           283                 154              43,582
           284                 155              44,020
           285                 143              40,755
           286                 132              37,752
           287                 126              36,162
           288                 156              44,928
           289                 138              39,882
           290                 134              38,860
           291                 143              41,613
           292                 125              36,500
           293                 116              33,988
           294                 133              39,102
           295                 117              34,515
           296                 118              34,928
           297                 111              32,967
           298                 138              41,124
           299                 101              30,199
           300                  97              29,100
           301                 130              39,130
           302                 115              34,730
           303                  96              29,088
           304                 109              33,136
           305                 112              34,160
           306                  98              29,988
           307                  96              29,472
           308                  82              25,256
           309                  89              27,501
           310                 106              32,860
           311                  92              28,612
           312                  95              29,640
           313                 104              32,552
           314                  75              23,550
           315                  81              25,515
           316                  80              25,280
           317                  72              22,824
           318                  71              22,578
           319                  79              25,201
           320                  80              25,600
           321                  91              29,211
           322                  72              23,184
           323                  65              20,995
           324                  66              21,384
           325                  78              25,350
           326                  65              21,190
           327                  68              22,236
           328                  59              19,352
           329                  79              25,991
           330                  61              20,130
           331                  71              23,501
           332                  77              25,564
           333                  64              21,312
           334                  65              21,710
           335                  61              20,435
           336                  63              21,168
           337                  56              18,872
           338                  66              22,308
           339                  63              21,357
           340                  63              21,420
           341                  61              20,801
           342                  67              22,914
           343                  59              20,237
           344                  58              19,952
           345                  53              18,285
           346                  50              17,300
           347                  58              20,126
           348                  56              19,488
           349                  53              18,497
           350                  46              16,100
           351                  53              18,603
           352                  49              17,248
           353                  31              10,943
           354                  63              22,302
           355                  50              17,750
           356                  46              16,376
           357                  30              10,710
           358                  39              13,962
           359                  38              13,642
           360                  47              16,920
           361                  34              12,274
           362                  33              11,946
           363                  46              16,698
           364                  49              17,836
           365                  30              10,950
           366                  30              10,980
           367                  25               9,175
           368                  36              13,248
           369                  33              12,177
           370                  22               8,140
           371                  34              12,614
           372                  26               9,672
           373                  29              10,817
           374                  25               9,350
           375                  19               7,125
           376                  28              10,528
           377                  28              10,556
           378                  18               6,804
           379                  20               7,580
           380                  22               8,360
           381                  18               6,858
           382                  22               8,404
           383                  23               8,809
           384                  20               7,680
           385                  15               5,775
           386                  18               6,948
           387                  21               8,127
           388                  19               7,372
           389                  14               5,446
           390                  17               6,630
           391                  20               7,820
           392                  13               5,096
           393                  12               4,716
           394                   6               2,364
           395                  11               4,345
           396                  11               4,356
           397                  17               6,749
           398                   9               3,582
           399                   6               2,394
           400                   8               3,200
           401                   7               2,807
           402                   9               3,618
           403                   5               2,015
           404                   6               2,424
           405                   8               3,240
           406                   9               3,654
           407                   3               1,221
           408                  11               4,488
           409                   3               1,227
           410                   6               2,460
           411                   2                 822
           412                   2                 824
           413                   4               1,652
           414                   3               1,242
           415                   7               2,905
           416                   5               2,080
           417                   6               2,502
           419                   2                 838
           420                   3               1,260
           421                   6               2,526
           422                   4               1,688
           423                   5               2,115
           424                   4               1,696
           425                   4               1,700
           426                   4               1,704
           427                   2                 854
           428                   2                 856
           429                   2                 858
           430                   1                 430
           431                   2                 862
           432                   2                 864
           434                   5               2,170
           435                   2                 870
           436                   2                 872
           438                   1                 438
           439                   2                 878
           442                   3               1,326
           444                   1                 444
           445                   3               1,335
           446                   2                 892
           447                   2                 894
           448                   1                 448
           449                   1                 449
           450                   1                 450
           452                   2                 904
           453                   1                 453
           454                   2                 908
           455                   1                 455
           456                   2                 912
           460                   1                 460
           461                   2                 922
           462                   1                 462
           463                   1                 463
           464                   1                 464
           465                   1                 465
           466                   1                 466
           468                   3               1,404
           469                   3               1,407


   Index Group          Index Size        # of Records
             1             152,330             152,330
             2              51,653             103,306
             3              14,869              44,607
             4               6,776              27,104
             5               1,421               7,105
             6               5,640              33,840
             7                 915               6,405
             8                 871               6,968
             9                 347               3,123
            10                 324               3,240
            11                 217               2,387
            12                 221               2,652
            13                 130               1,690
            14                  79               1,106
            15                  70               1,050
            16                  59                 944
            17                  32                 544
            18                  33                 594
            19                  27                 513
            20                  21                 420
            21                  18                 378
            22                  15                 330
            23                   6                 138
            24                   4                  96
            25                   8                 200
            26                   4                 104
            27                   6                 162
            28                   2                  56
            29                   1                  29
            30                   3                  90
            31                   3                  93
            32                   5                 160
            34                   2                  68
            35                   1                  35
            36                   2                  72
            37                   5                 185
            38                   2                  76
            39                   3                 117
            40                   1                  40
            41                   3                 123
            42                   1                  42
            43                   5                 215
            45                   2                  90
            46                   2                  92
            47                   2                  94
            48                   3                 144
            49                   2                  98
            50                   3                 150
            51                   2                 102
            52                   4                 208
            53                   2                 106
            54                   4                 216
            55                   3                 165
            56                   1                  56
            57                   1                  57
            58                   1                  58
            59                   2                 118
            60                   3                 180
            61                   2                 122
            62                   1                  62
            63                   3                 189
            64                   2                 128
            68                   1                  68
            69                   3                 207
            71                   1                  71
            72                   1                  72
            73                   2                 146
            74                   3                 222
            75                   3                 225
            76                   3                 228
            77                   2                 154
            78                   2                 156
            79                   2                 158
            81                   2                 162
            82                   4                 328
            83                   1                  83
            86                   1                  86
            87                   2                 174
            88                   2                 176
            89                   1                  89
            90                   2                 180
            91                   1                  91
            92                   4                 368
            93                   3                 279
            94                   2                 188
            95                   3                 285
            96                   2                 192
            97                   2                 194
            98                   1                  98
           100                   2                 200
           101                   2                 202
           102                   3                 306
           103                   1                 103
           104                   1                 104
           105                   2                 210
           106                   3                 318
           107                   1                 107
           108                   2                 216
           109                   1                 109
           110                   1                 110
           111                   3                 333
           112                   5                 560
           113                   2                 226
           114                   2                 228
           115                   2                 230
           116                   1                 116
           117                   2                 234
           118                   5                 590
           121                   1                 121
           122                   2                 244
           123                   3                 369
           124                   4                 496
           125                   3                 375
           126                   6                 756
           127                   5                 635
           128                   1                 128
           129                   1                 129
           130                   2                 260
           131                   1                 131
           132                   3                 396
           133                   6                 798
           134                   2                 268
           135                   2                 270
           136                   5                 680
           137                   3                 411
           138                   1                 138
           139                   5                 695
           140                   7                 980
           141                   6                 846
           142                   4                 568
           144                   4                 576
           145                   2                 290
           146                   4                 584
           147                   1                 147
           148                   2                 296
           149                   6                 894
           150                   6                 900
           151                   4                 604
           152                   6                 912
           153                   3                 459
           154                   2                 308
           155                   2                 310
           156                   5                 780
           157                   2                 314
           158                   7               1,106
           159                   7               1,113
           160                   2                 320
           161                   4                 644
           162                   7               1,134
           163                   7               1,141
           164                   3                 492
           165                   7               1,155
           166                   3                 498
           167                   2                 334
           168                   3                 504
           169                   1                 169
           170                   5                 850
           171                   2                 342
           172                   5                 860
           173                   4                 692
           174                   1                 174
           175                   4                 700
           176                   2                 352
           177                   8               1,416
           178                   2                 356
           179                   2                 358
           180                   2                 360
           181                   4                 724
           182                   3                 546
           183                   2                 366
           184                   2                 368
           185                   1                 185
           186                   4                 744
           187                   2                 374
           188                   1                 188
           189                   6               1,134
           190                   2                 380
           191                   5                 955
           192                   4                 768
           193                   2                 386
           194                   7               1,358
           195                   4                 780
           196                   3                 588
           197                   1                 197
           198                   1                 198
           199                   2                 398
           200                   1                 200
           201                   3                 603
           202                   1                 202
           203                   1                 203
           204                   1                 204
           205                   4                 820
           206                   2                 412
           208                   1                 208
           209                   2                 418
           210                   1                 210
           211                   1                 211
           212                   1                 212
           213                   2                 426
           214                   2                 428
           215                   3                 645
           216                   2                 432
           217                   3                 651
           219                   2                 438
           222                   1                 222
           223                   2                 446
           225                   1                 225
           226                   1                 226
           227                   2                 454
           228                   1                 228
           229                   1                 229
           230                   1                 230
           231                   1                 231
           232                   1                 232
           235                   1                 235
           236                   2                 472
           237                   1                 237
           238                   1                 238
           240                   1                 240
           241                   3                 723
           242                   4                 968
           243                   1                 243
           246                   1                 246
           247                   1                 247
           249                   1                 249
           250                   2                 500
           251                   1                 251
           252                   1                 252
           254                   1                 254
           257                   1                 257
           258                   4               1,032
           260                   2                 520
           262                   1                 262
           263                   1                 263
           264                   2                 528
           265                   2                 530
           267                   2                 534
           270                   1                 270
           271                   2                 542
           272                   1                 272
           273                   1                 273
           274                   4               1,096
           275                   2                 550
           276                   1                 276
           277                   3                 831
           278                   3                 834
           279                   1                 279
           280                   1                 280
           281                   5               1,405
           282                   2                 564
           283                   1                 283
           285                   3                 855
           286                   1                 286
           287                   3                 861
           288                   2                 576
           289                   3                 867
           290                   2                 580
           291                   1                 291
           292                   5               1,460
           293                   1                 293
           294                   3                 882
           295                   4               1,180
           296                   3                 888
           297                   1                 297
           299                   1                 299
           300                   2                 600
           301                   2                 602
           302                   2                 604
           303                   3                 909
           304                   3                 912
           306                   1                 306
           307                   4               1,228
           308                   1                 308
           309                   1                 309
           310                   2                 620
           311                   3                 933
           312                   2                 624
           313                   2                 626
           315                   2                 630
           316                   3                 948
           317                   1                 317
           321                   1                 321
           322                   1                 322
           323                   5               1,615
           325                   1                 325
           330                   3                 990
           332                   1                 332
           333                   1                 333
           337                   1                 337
           338                   1                 338
           339                   2                 678
           340                   2                 680
           342                   1                 342
           343                   2                 686
           347                   2                 694
           348                   1                 348
           349                   2                 698
           350                   1                 350
           351                   1                 351
           353                   1                 353
           354                   2                 708
           355                   2                 710
           356                   1                 356
           357                   1                 357
           358                   1                 358
           361                   1                 361
           362                   1                 362
           363                   2                 726
           364                   2                 728
           365                   2                 730
           366                   1                 366
           370                   1                 370
           372                   4               1,488
           373                   1                 373
           375                   1                 375
           378                   2                 756
           381                   1                 381
           383                   1                 383
           385                   1                 385
           387                   1                 387
           388                   2                 776
           390                   1                 390
           391                   1                 391
           392                   1                 392
           394                   1                 394
           395                   1                 395
           399                   1                 399
           401                   2                 802
           404                   1                 404
           410                   1                 410
           414                   1                 414
           431                   1                 431
           432                   1                 432
           470                   1                 470






####################
##  Timing Stats  ##
####################
Elapsed Seconds                  :              122
Throughput (records/hour)        :  8,000,911.47541
Average Matching Latency (ms)    :         0.384710
Max Matching Latency (ms)        :               31
Min Matching Latency (ms)        :                0
Average Non-Matching Latency (ms):          0.03759
Max Non-Matching Latency (ms)    :               36
Min Non-Matching Latency (ms)    :                0



Time process started at 2023-12-04 00.41.22
Time process ended at 2023-12-04 00.43.24
Total elapsed time 0 hour(s) 2 minute(s) 2 second(s)

