2023-11-17 12:22:15,423 INFO ==================== ER Metrics Report =====================
2023-11-17 12:22:15,423 INFO ER Metrics version: 2.5.0
2023-11-17 12:22:15,423 INFO Java version: 1.8.0_391
2023-11-17 12:22:15,423 INFO Using configuration file ERMetrics.properties
2023-11-17 12:22:15,423 INFO Creating report ...
2023-11-17 12:22:15,423 INFO Calculating Entity Resolution ERMetrics . . .
2023-11-17 12:22:15,423 INFO Reference file: TruthABC.csv
2023-11-17 12:22:15,439 INFO Reference record.columns:[1] cluster.column:2
2023-11-17 12:22:15,439 INFO 	Header:[RefID,IdTruth]
2023-11-17 12:22:15,439 INFO 	Record #1:A904694:16732
2023-11-17 12:22:15,840 INFO Reference Set Records Read[271142] - Filtered[0] - Errors[0] : Links[271142] = Duplicates[0] + Created[271142]
2023-11-17 12:22:15,840 INFO Link File: MergePurgeIndex.link
2023-11-17 12:22:15,840 INFO Link record.columns:[1] cluster.column:2 rule.column:3
2023-11-17 12:22:15,840 INFO 	Header:[RefID	OysterID	Rule]
2023-11-17 12:22:15,840 INFO 	Record #1:source1.C976555:OJ9FESJIF10355DL:[@]
2023-11-17 12:22:16,272 INFO Link Set Records Read[271142] - Filtered[0] - Errors[0] : Links[271142] = Matched[271142] + Created[0]
2023-11-17 12:22:16,272 INFO Performing INNER join for 271142 references
2023-11-17 12:22:16,288 INFO Joined Link Set Records Total[271142]  NoLinkId[0]  NoReferenceId[0]  Joined[271142]
2023-11-17 12:22:16,288 INFO Computing True Pairs and Clusters for 271142 references
2023-11-17 12:22:16,548 INFO Total Count:271142 Pairs:2250993 Clusters:20067
2023-11-17 12:22:16,548 INFO Computing Linked Pairs and Clusters for 271142 references
2023-11-17 12:22:16,847 INFO Total Count:271142 Pairs:2277015 Clusters:60401
2023-11-17 12:22:16,847 INFO Computing Agreement Pairs and Clusters for 271142 references
2023-11-17 12:22:17,142 INFO Total Count:271142 Pairs:1345192 Clusters:67070
2023-11-17 12:22:17,142 INFO 
2023-11-17 12:22:17,142 INFO Total Distinct Records ID values (N) ............... = 271,142
2023-11-17 12:22:17,142 INFO ---------------------Clusters ----------------------
2023-11-17 12:22:17,142 INFO Reference Set Clusters (EC) ........................ = 20,067
2023-11-17 12:22:17,150 INFO Link Set Clusters (LC) ............................. = 60,401
2023-11-17 12:22:17,150 INFO Reference+Link Set Agreement Clusters (AC) ......... = 67,070
2023-11-17 12:22:17,150 INFO 
2023-11-17 12:22:17,150 INFO ---------------------Pairs -------------------------
2023-11-17 12:22:17,150 INFO Total Pairs (D) = ((N * N-1) / 2) .................. = 36,758,856,511
2023-11-17 12:22:17,150 INFO Reference Set Pairs (E) ............................ = 2,250,993
2023-11-17 12:22:17,150 INFO Link Set Linked Pairs (L) .......................... = 2,277,015
2023-11-17 12:22:17,150 INFO Reference+Link Set Agreement Pairs (A) ............. = 1,345,192
2023-11-17 12:22:17,150 INFO True Positive Pairs (TP) ........................... = 1,345,192
2023-11-17 12:22:17,150 INFO False Positive Pairs (FP) = L - TP ................. = 931,823
2023-11-17 12:22:17,150 INFO True Negative Pairs (TN) = D - TP - FP - FN ........ = 36,755,673,695
2023-11-17 12:22:17,150 INFO False Negative Pairs (FN) = E - TP ................. = 905,801
2023-11-17 12:22:17,150 INFO 
2023-11-17 12:22:17,150 INFO ---------------------Rates - (0.0 - 1.0) -----------
2023-11-17 12:22:17,150 INFO False Positive Rate = FP / (TN + FP) ............... = 0.00002535
2023-11-17 12:22:17,150 INFO False Negative Rate = FN / E ....................... = 0.40240063
2023-11-17 12:22:17,150 INFO Accuracy = (TP + TN) / D ........................... = 0.99995001
2023-11-17 12:22:17,150 INFO Precision = TP / (TP + FP) ......................... = 0.59076993
2023-11-17 12:22:17,150 INFO Recall = TP / (TP + FN) ............................ = 0.59759937
2023-11-17 12:22:17,150 INFO F-Measure .......................................... = 0.59416503
2023-11-17 12:22:17,152 INFO TWi ................................................ = 0.51908082
2023-11-17 12:22:17,152 INFO Complete
