Oyster v.4.2.0
RunScript: StrToStrAssertionRunScript.xml
Attribute: ./StrToStrAssertion/Scripts/StrToStrAssertionAttributes.xml
Initializing Index...
Index Type: NullIndex

OysterIdentityRecord Type: Map

ClusterRecord Type: UNKNOWN

Initializing EntityMap...
EntityMap Type: EntityMap

Identity Input Type: TextFile
Identity Input: ./StrToStrAssertion/Input/StrToStrAssertionInputIdentities.idty

Loading Previous IdentityRepository: ./StrToStrAssertion/Input/StrToStrAssertionInputIdentities.idty
Number of clusters read: 4
Number of references   : 9
Identity Output Type: TextFile
Identity Output: ./StrToStrAssertion/Output/StrToStrAssertionOutputIdentities.idty

Engine Type: OysterAssertionEngine

Source: ./StrToStrAssertion/Input/StrToStrAssertionTest.txt

Filtered Candidate List Frequencies


UnFiltered Candidate List Frequencies




###################
## Summary Stats ##
###################
Total Records Processed          :            0
Total Clusters                   :            3
Max Cluster Size                 :            0
Min Cluster Size > 1             :            0
Min Cluster Size                 :            1


###################
## Cluster Stats ##
###################
Cluster Size Distribution
Cluster Size     # of Clusters        # of Records

Clusters loaded                  :            4
References loaded                :            9
Avg # of Refs/Cluster            :      2.25000


Average Cluster Grouping         :            0
Average Cluster by Count         :            0
Average Cluster Size             :          NaN
Number of Duplicate Recs         :            0
Duplication Rate                 :    -Infinity


Total Candidates Size            :            0
Total DeDup Candidates Size      :            0
Total # Candidates               :            0
Avg Candidates per Input         :          NaN
Total Matched Count              :            0
Matches per Candidates Size      :          NaN
Matches per DeDup Candidates Size:          NaN
Matches per Candidates           :          NaN


#########################
##   First Rule Stats  ##
#########################
Number of Rules: 0
Rule Firing Distribution
Rule                          Counts


############################
##   Complete Rule Stats  ##
############################
Rule Firing Distribution
Rule                          Counts


###################
##  Index Stats  ##
###################




####################
##  Timing Stats  ##
####################
Elapsed Seconds                  :                0
Throughput (records/hour)        :              NaN
Average Matching Latency (ms)    :              NaN
Max Matching Latency (ms)        :                0
Min Matching Latency (ms)        : 9,223,372,036,854,775,807
Average Non-Matching Latency (ms):              NaN
Max Non-Matching Latency (ms)    :                0
Min Non-Matching Latency (ms)    : 9,223,372,036,854,775,807



Time process started at 2019-08-20 09.39.35
Time process ended at 2019-08-20 09.39.35
Total elapsed time 0 hour(s) 0 minute(s) 0 second(s)

