Oyster v.4.2.0
RunScript: ExactOrMissingRunScript.xml
Attribute: ./ExactOrMissing/Scripts/ExactOrMissingAttributes.xml
Initializing Index...
Index Type: NullIndex

OysterIdentityRecord Type: Map

ClusterRecord Type: UNKNOWN

Initializing EntityMap...
EntityMap Type: EntityMap

Link Output Type: TextFile
Link Output: ./ExactOrMissing/Output/ExactOrMissingIndex.link

Identity Output Type: TextFile
Identity Output: ./ExactOrMissing/Output/ExactOrMissingOutput.idty

Validating Source Descriptor:./ExactOrMissing/Scripts/ExactOrMissingSourceDescriptor.xml
Source File:./ExactOrMissing/Input/TestData.txt
Engine Type: OysterClusterEngine

Bypassing Least Common Rule filter


Source: ./ExactOrMissing/Input/TestData.txt


Input: @RefID=Source1.1, First=ABC, Last=DEF, Suffix=SR, Input record: false, Current Traces: null, Previous Traces: []
	Candidate List:

	New Entity E7B1QDQPP3ZGXY2S @RefID{Source1.1}, First{ABC}, Last{DEF}, Suffix{SR}
	New Index: @RefID=Source1.1, First=ABC, Last=DEF, Suffix=SR, Input record: false, Current Traces: null, Previous Traces: []
	New LinkMap{Source1.1}, @RefID{Source1.1}, First{ABC}, Last{DEF}, Suffix{SR}

Input: @RefID=Source1.2, First=ABC, Last=def, Suffix=sr, Input record: false, Current Traces: null, Previous Traces: []
	Candidate List:
		Source1.1=@RefID{Source1.1}, First{ABC}, Last{DEF}, Suffix{SR}

	Compare Input 3 to Identity 1 @RefID{Source1.1}, First{ABC}, Last{DEF}, Suffix{SR}
matrix
true
	Matched Rule:1


	Satisfies Rule 1
	Assign Entity Source1.1 to Input 3
	Update Entity: E7B1QDQPP3ZGXY2S @RefID{Source1.1|Source1.2}, First{ABC}, Last{DEF|def}, Suffix{SR|sr}
	             : OysterID: E7B1QDQPP3ZGXY2S
Creation Date: null
Size: 2
Persistant: false
Record 0: @RefID=Source1.1, First=ABC, Last=DEF, Suffix=SR, Input record: false, Current Traces: OID: E7B1QDQPP3ZGXY2S, RunID: 1, Rule: [@], Previous Traces: []
Record 1: @RefID=Source1.2, First=ABC, Last=def, Suffix=sr, Input record: false, Current Traces: OID: E7B1QDQPP3ZGXY2S, RunID: 1, Rule: [1], Previous Traces: []
Merges: {}
StrToStr: []
TruePositiveAttributes: RunID="null" Reviewer="" Transaction="null"
NegStrToStr: []

	Update Index: Source1.1 for ri @RefID=Source1.2, First=ABC, Last=def, Suffix=sr, Input record: false, Current Traces: null, Previous Traces: []
	Update LinkMap: E7B1QDQPP3ZGXY2S for [Source1.1, Source1.2]

**** DUMP START ****
entityMap
E7B1QDQPP3ZGXY2S	OysterID: E7B1QDQPP3ZGXY2S
Creation Date: null
Size: 2
Persistant: false
Record 0: @RefID=Source1.1, First=ABC, Last=DEF, Suffix=SR, Input record: false, Current Traces: OID: E7B1QDQPP3ZGXY2S, RunID: 1, Rule: [@], Previous Traces: []
Record 1: @RefID=Source1.2, First=ABC, Last=def, Suffix=sr, Input record: false, Current Traces: OID: E7B1QDQPP3ZGXY2S, RunID: 1, Rule: [1], Previous Traces: []
Merges: {}
StrToStr: []
TruePositiveAttributes: RunID="null" Reviewer="" Transaction="null"
NegStrToStr: []

entitySet
valueIndex
<null>	[Source1.1, Source1.2]
linkMap
Source1.1	E7B1QDQPP3ZGXY2S
Source1.2	E7B1QDQPP3ZGXY2S
**** DUMP END ****


Input: @RefID=Source1.3, First=UVW, Last=XYZ, Suffix=JR, Input record: false, Current Traces: null, Previous Traces: []
	Candidate List:
		Source1.2=@RefID{Source1.1}, First{ABC}, Last{DEF}, Suffix{SR}
		Source1.2=@RefID{Source1.2}, First{ABC}, Last{def}, Suffix{sr}

	Compare Input 4 to Identity 1 @RefID{Source1.1}, First{ABC}, Last{DEF}, Suffix{SR}
matrix
false
	Compare Input 4 to Identity 1 @RefID{Source1.2}, First{ABC}, Last{def}, Suffix{sr}
matrix
false
	New Entity 42L2RNYUFFLC9BDI @RefID{Source1.3}, First{UVW}, Last{XYZ}, Suffix{JR}
	New Index: @RefID=Source1.3, First=UVW, Last=XYZ, Suffix=JR, Input record: false, Current Traces: null, Previous Traces: []
	New LinkMap{Source1.3}, @RefID{Source1.3}, First{UVW}, Last{XYZ}, Suffix{JR}

Input: @RefID=Source1.4, First=UVW, Last=XYZ, Suffix=JR, Input record: false, Current Traces: null, Previous Traces: []
	Candidate List:
		Source1.3=@RefID{Source1.3}, First{UVW}, Last{XYZ}, Suffix{JR}
		Source1.2=@RefID{Source1.1}, First{ABC}, Last{DEF}, Suffix{SR}
		Source1.2=@RefID{Source1.2}, First{ABC}, Last{def}, Suffix{sr}

	Compare Input 5 to Identity 1 @RefID{Source1.3}, First{UVW}, Last{XYZ}, Suffix{JR}
matrix
true
	Matched Rule:1

	Compare Input 5 to Identity 2 @RefID{Source1.1}, First{ABC}, Last{DEF}, Suffix{SR}
matrix
false
	Compare Input 5 to Identity 2 @RefID{Source1.2}, First{ABC}, Last{def}, Suffix{sr}
matrix
false

	Satisfies Rule 1
	Assign Entity Source1.3 to Input 5
	Update Entity: 42L2RNYUFFLC9BDI @RefID{Source1.3|Source1.4}, First{UVW}, Last{XYZ}, Suffix{JR}
	             : OysterID: 42L2RNYUFFLC9BDI
Creation Date: null
Size: 2
Persistant: false
Record 0: @RefID=Source1.3, First=UVW, Last=XYZ, Suffix=JR, Input record: false, Current Traces: OID: 42L2RNYUFFLC9BDI, RunID: 1, Rule: [@], Previous Traces: []
Record 1: @RefID=Source1.4, First=UVW, Last=XYZ, Suffix=JR, Input record: false, Current Traces: OID: 42L2RNYUFFLC9BDI, RunID: 1, Rule: [1], Previous Traces: []
Merges: {}
StrToStr: []
TruePositiveAttributes: RunID="null" Reviewer="" Transaction="null"
NegStrToStr: []

	Update Index: Source1.3 for ri @RefID=Source1.4, First=UVW, Last=XYZ, Suffix=JR, Input record: false, Current Traces: null, Previous Traces: []
	Update LinkMap: 42L2RNYUFFLC9BDI for [Source1.4, Source1.3]

**** DUMP START ****
entityMap
E7B1QDQPP3ZGXY2S	OysterID: E7B1QDQPP3ZGXY2S
Creation Date: null
Size: 2
Persistant: false
Record 0: @RefID=Source1.1, First=ABC, Last=DEF, Suffix=SR, Input record: false, Current Traces: OID: E7B1QDQPP3ZGXY2S, RunID: 1, Rule: [@], Previous Traces: []
Record 1: @RefID=Source1.2, First=ABC, Last=def, Suffix=sr, Input record: false, Current Traces: OID: E7B1QDQPP3ZGXY2S, RunID: 1, Rule: [1], Previous Traces: []
Merges: {}
StrToStr: []
TruePositiveAttributes: RunID="null" Reviewer="" Transaction="null"
NegStrToStr: []

42L2RNYUFFLC9BDI	OysterID: 42L2RNYUFFLC9BDI
Creation Date: null
Size: 2
Persistant: false
Record 0: @RefID=Source1.3, First=UVW, Last=XYZ, Suffix=JR, Input record: false, Current Traces: OID: 42L2RNYUFFLC9BDI, RunID: 1, Rule: [@], Previous Traces: []
Record 1: @RefID=Source1.4, First=UVW, Last=XYZ, Suffix=JR, Input record: false, Current Traces: OID: 42L2RNYUFFLC9BDI, RunID: 1, Rule: [1], Previous Traces: []
Merges: {}
StrToStr: []
TruePositiveAttributes: RunID="null" Reviewer="" Transaction="null"
NegStrToStr: []

entitySet
valueIndex
<null>	[Source1.1, Source1.2, Source1.3, Source1.4]
linkMap
Source1.4	42L2RNYUFFLC9BDI
Source1.1	E7B1QDQPP3ZGXY2S
Source1.3	42L2RNYUFFLC9BDI
Source1.2	E7B1QDQPP3ZGXY2S
**** DUMP END ****


Input: @RefID=Source1.5, First=UVW, Last=XYZ, Suffix=SR, Input record: false, Current Traces: null, Previous Traces: []
	Candidate List:
		Source1.3=@RefID{Source1.3}, First{UVW}, Last{XYZ}, Suffix{JR}
		Source1.3=@RefID{Source1.4}, First{UVW}, Last{XYZ}, Suffix{JR}
		Source1.2=@RefID{Source1.1}, First{ABC}, Last{DEF}, Suffix{SR}
		Source1.2=@RefID{Source1.2}, First{ABC}, Last{def}, Suffix{sr}

	Compare Input 6 to Identity 1 @RefID{Source1.3}, First{UVW}, Last{XYZ}, Suffix{JR}
matrix
false
	Compare Input 6 to Identity 1 @RefID{Source1.4}, First{UVW}, Last{XYZ}, Suffix{JR}
matrix
false
	Compare Input 6 to Identity 2 @RefID{Source1.1}, First{ABC}, Last{DEF}, Suffix{SR}
matrix
false
	Compare Input 6 to Identity 2 @RefID{Source1.2}, First{ABC}, Last{def}, Suffix{sr}
matrix
false
	New Entity 8CJV0R736R2PE64T @RefID{Source1.5}, First{UVW}, Last{XYZ}, Suffix{SR}
	New Index: @RefID=Source1.5, First=UVW, Last=XYZ, Suffix=SR, Input record: false, Current Traces: null, Previous Traces: []
	New LinkMap{Source1.5}, @RefID{Source1.5}, First{UVW}, Last{XYZ}, Suffix{SR}

Input: @RefID=Source1.6, First=UVW, Last=XYZ, Input record: false, Current Traces: null, Previous Traces: []
	Candidate List:
		Source1.5=@RefID{Source1.5}, First{UVW}, Last{XYZ}, Suffix{SR}
		Source1.3=@RefID{Source1.3}, First{UVW}, Last{XYZ}, Suffix{JR}
		Source1.3=@RefID{Source1.4}, First{UVW}, Last{XYZ}, Suffix{JR}
		Source1.2=@RefID{Source1.1}, First{ABC}, Last{DEF}, Suffix{SR}
		Source1.2=@RefID{Source1.2}, First{ABC}, Last{def}, Suffix{sr}

	Compare Input 7 to Identity 1 @RefID{Source1.5}, First{UVW}, Last{XYZ}, Suffix{SR}
matrix
false
	Compare Input 7 to Identity 2 @RefID{Source1.3}, First{UVW}, Last{XYZ}, Suffix{JR}
matrix
false
	Compare Input 7 to Identity 2 @RefID{Source1.4}, First{UVW}, Last{XYZ}, Suffix{JR}
matrix
false
	Compare Input 7 to Identity 3 @RefID{Source1.1}, First{ABC}, Last{DEF}, Suffix{SR}
matrix
false
	Compare Input 7 to Identity 3 @RefID{Source1.2}, First{ABC}, Last{def}, Suffix{sr}
matrix
false
	New Entity 7L1GEHDMQB103B4O @RefID{Source1.6}, First{UVW}, Last{XYZ}
	New Index: @RefID=Source1.6, First=UVW, Last=XYZ, Input record: false, Current Traces: null, Previous Traces: []
	New LinkMap{Source1.6}, @RefID{Source1.6}, First{UVW}, Last{XYZ}

Input: @RefID=Source1.7, First=MNO, Last=PQR, Input record: false, Current Traces: null, Previous Traces: []
	Candidate List:
		Source1.5=@RefID{Source1.5}, First{UVW}, Last{XYZ}, Suffix{SR}
		Source1.6=@RefID{Source1.6}, First{UVW}, Last{XYZ}
		Source1.3=@RefID{Source1.3}, First{UVW}, Last{XYZ}, Suffix{JR}
		Source1.3=@RefID{Source1.4}, First{UVW}, Last{XYZ}, Suffix{JR}
		Source1.2=@RefID{Source1.1}, First{ABC}, Last{DEF}, Suffix{SR}
		Source1.2=@RefID{Source1.2}, First{ABC}, Last{def}, Suffix{sr}

	Compare Input 8 to Identity 1 @RefID{Source1.5}, First{UVW}, Last{XYZ}, Suffix{SR}
matrix
false
	Compare Input 8 to Identity 2 @RefID{Source1.6}, First{UVW}, Last{XYZ}
matrix
false
	Compare Input 8 to Identity 3 @RefID{Source1.3}, First{UVW}, Last{XYZ}, Suffix{JR}
matrix
false
	Compare Input 8 to Identity 3 @RefID{Source1.4}, First{UVW}, Last{XYZ}, Suffix{JR}
matrix
false
	Compare Input 8 to Identity 4 @RefID{Source1.1}, First{ABC}, Last{DEF}, Suffix{SR}
matrix
false
	Compare Input 8 to Identity 4 @RefID{Source1.2}, First{ABC}, Last{def}, Suffix{sr}
matrix
false
	New Entity R6L8ODRZ2BTQS2GT @RefID{Source1.7}, First{MNO}, Last{PQR}
	New Index: @RefID=Source1.7, First=MNO, Last=PQR, Input record: false, Current Traces: null, Previous Traces: []
	New LinkMap{Source1.7}, @RefID{Source1.7}, First{MNO}, Last{PQR}

Input: @RefID=Source1.8, First=MNO, Last=PQR, Input record: false, Current Traces: null, Previous Traces: []
	Candidate List:
		Source1.5=@RefID{Source1.5}, First{UVW}, Last{XYZ}, Suffix{SR}
		Source1.7=@RefID{Source1.7}, First{MNO}, Last{PQR}
		Source1.6=@RefID{Source1.6}, First{UVW}, Last{XYZ}
		Source1.3=@RefID{Source1.3}, First{UVW}, Last{XYZ}, Suffix{JR}
		Source1.3=@RefID{Source1.4}, First{UVW}, Last{XYZ}, Suffix{JR}
		Source1.2=@RefID{Source1.1}, First{ABC}, Last{DEF}, Suffix{SR}
		Source1.2=@RefID{Source1.2}, First{ABC}, Last{def}, Suffix{sr}

	Compare Input 9 to Identity 1 @RefID{Source1.5}, First{UVW}, Last{XYZ}, Suffix{SR}
matrix
false
	Compare Input 9 to Identity 2 @RefID{Source1.7}, First{MNO}, Last{PQR}
matrix
true
	Matched Rule:1

	Compare Input 9 to Identity 3 @RefID{Source1.6}, First{UVW}, Last{XYZ}
matrix
false
	Compare Input 9 to Identity 4 @RefID{Source1.3}, First{UVW}, Last{XYZ}, Suffix{JR}
matrix
false
	Compare Input 9 to Identity 4 @RefID{Source1.4}, First{UVW}, Last{XYZ}, Suffix{JR}
matrix
false
	Compare Input 9 to Identity 5 @RefID{Source1.1}, First{ABC}, Last{DEF}, Suffix{SR}
matrix
false
	Compare Input 9 to Identity 5 @RefID{Source1.2}, First{ABC}, Last{def}, Suffix{sr}
matrix
false

	Satisfies Rule 1
	Assign Entity Source1.7 to Input 9
	Update Entity: R6L8ODRZ2BTQS2GT @RefID{Source1.7|Source1.8}, First{MNO}, Last{PQR}
	             : OysterID: R6L8ODRZ2BTQS2GT
Creation Date: null
Size: 2
Persistant: false
Record 0: @RefID=Source1.7, First=MNO, Last=PQR, Input record: false, Current Traces: OID: R6L8ODRZ2BTQS2GT, RunID: 1, Rule: [@], Previous Traces: []
Record 1: @RefID=Source1.8, First=MNO, Last=PQR, Input record: false, Current Traces: OID: R6L8ODRZ2BTQS2GT, RunID: 1, Rule: [1], Previous Traces: []
Merges: {}
StrToStr: []
TruePositiveAttributes: RunID="null" Reviewer="" Transaction="null"
NegStrToStr: []

	Update Index: Source1.7 for ri @RefID=Source1.8, First=MNO, Last=PQR, Input record: false, Current Traces: null, Previous Traces: []
	Update LinkMap: R6L8ODRZ2BTQS2GT for [Source1.8, Source1.7]

**** DUMP START ****
entityMap
E7B1QDQPP3ZGXY2S	OysterID: E7B1QDQPP3ZGXY2S
Creation Date: null
Size: 2
Persistant: false
Record 0: @RefID=Source1.1, First=ABC, Last=DEF, Suffix=SR, Input record: false, Current Traces: OID: E7B1QDQPP3ZGXY2S, RunID: 1, Rule: [@], Previous Traces: []
Record 1: @RefID=Source1.2, First=ABC, Last=def, Suffix=sr, Input record: false, Current Traces: OID: E7B1QDQPP3ZGXY2S, RunID: 1, Rule: [1], Previous Traces: []
Merges: {}
StrToStr: []
TruePositiveAttributes: RunID="null" Reviewer="" Transaction="null"
NegStrToStr: []

42L2RNYUFFLC9BDI	OysterID: 42L2RNYUFFLC9BDI
Creation Date: null
Size: 2
Persistant: false
Record 0: @RefID=Source1.3, First=UVW, Last=XYZ, Suffix=JR, Input record: false, Current Traces: OID: 42L2RNYUFFLC9BDI, RunID: 1, Rule: [@], Previous Traces: []
Record 1: @RefID=Source1.4, First=UVW, Last=XYZ, Suffix=JR, Input record: false, Current Traces: OID: 42L2RNYUFFLC9BDI, RunID: 1, Rule: [1], Previous Traces: []
Merges: {}
StrToStr: []
TruePositiveAttributes: RunID="null" Reviewer="" Transaction="null"
NegStrToStr: []

8CJV0R736R2PE64T	OysterID: 8CJV0R736R2PE64T
Creation Date: null
Size: 1
Persistant: false
Record 0: @RefID=Source1.5, First=UVW, Last=XYZ, Suffix=SR, Input record: false, Current Traces: OID: 8CJV0R736R2PE64T, RunID: 1, Rule: [@], Previous Traces: []
Merges: {}
StrToStr: []
TruePositiveAttributes: RunID="null" Reviewer="" Transaction="null"
NegStrToStr: []

7L1GEHDMQB103B4O	OysterID: 7L1GEHDMQB103B4O
Creation Date: null
Size: 1
Persistant: false
Record 0: @RefID=Source1.6, First=UVW, Last=XYZ, Input record: false, Current Traces: OID: 7L1GEHDMQB103B4O, RunID: 1, Rule: [@], Previous Traces: []
Merges: {}
StrToStr: []
TruePositiveAttributes: RunID="null" Reviewer="" Transaction="null"
NegStrToStr: []

R6L8ODRZ2BTQS2GT	OysterID: R6L8ODRZ2BTQS2GT
Creation Date: null
Size: 2
Persistant: false
Record 0: @RefID=Source1.7, First=MNO, Last=PQR, Input record: false, Current Traces: OID: R6L8ODRZ2BTQS2GT, RunID: 1, Rule: [@], Previous Traces: []
Record 1: @RefID=Source1.8, First=MNO, Last=PQR, Input record: false, Current Traces: OID: R6L8ODRZ2BTQS2GT, RunID: 1, Rule: [1], Previous Traces: []
Merges: {}
StrToStr: []
TruePositiveAttributes: RunID="null" Reviewer="" Transaction="null"
NegStrToStr: []

entitySet
valueIndex
<null>	[Source1.1, Source1.2, Source1.3, Source1.4, Source1.5, Source1.6, Source1.7, Source1.8]
linkMap
Source1.8	R6L8ODRZ2BTQS2GT
Source1.5	8CJV0R736R2PE64T
Source1.4	42L2RNYUFFLC9BDI
Source1.7	R6L8ODRZ2BTQS2GT
Source1.6	7L1GEHDMQB103B4O
Source1.1	E7B1QDQPP3ZGXY2S
Source1.3	42L2RNYUFFLC9BDI
Source1.2	E7B1QDQPP3ZGXY2S
**** DUMP END ****

Records processed for ./ExactOrMissing/Scripts/ExactOrMissingSourceDescriptor.xml: 8(0)

# of Consolidation Steps: 0

Filtered Candidate List Frequencies
0	1
1	1
2	1
3	1
4	1
5	1
6	1
7	1


UnFiltered Candidate List Frequencies
0	1
1	1
2	1
3	1
4	1
5	1
6	1
7	1




###################
## Summary Stats ##
###################
Total Records Processed          :            8
Total Clusters                   :            5
Max Cluster Size                 :            2
Min Cluster Size > 1             :            2
Min Cluster Size                 :            1


###################
## Cluster Stats ##
###################
Cluster Size Distribution
Cluster Size     # of Clusters        # of Records
           1                 2                   2
           2                 3                   6

Clusters loaded                  :            0
References loaded                :            0
Avg # of Refs/Cluster            :          NaN


Average Cluster Grouping         :            1
Average Cluster by Count         :            2
Average Cluster Size             :      1.60000
Number of Duplicate Recs         :            3
Duplication Rate                 :      0.37500


Total Candidates Size            :           28
Total DeDup Candidates Size      :           18
Total # Candidates               :            7
Avg Candidates per Input         :      4.00000
Total Matched Count              :            3
Matches per Candidates Size      :      0.10714
Matches per DeDup Candidates Size:      0.16667
Matches per Candidates           :      0.42857


#########################
##   First Rule Stats  ##
#########################
Number of Rules: 0
Rule Firing Distribution
Rule                          Counts
1                                 3


############################
##   Complete Rule Stats  ##
############################
Rule Firing Distribution
Rule                          Counts
[1]                               3


###################
##  Index Stats  ##
###################
Keys                    :            1
Total tokens            :            8
Unique tokens           :            8
Max tokens per key      :            8
Min tokens per key      :            8
Min tokens > 1 per key  :            8

Total tokens per key    :      8.00000
Unique tokens per key   :      8.00000
Total per Unique tokens :      1.00000
Unique per Total tokens :      1.00000

Skewness                :          NaN
Kurtosis                :          NaN
Excess                  :          NaN

Max key                 : <null>

Top 10 keys             : 
8                        : <null>


Candidate Size     # of Candidates        # of Records


   Index Group          Index Size        # of Records
             8                   1                   8






####################
##  Timing Stats  ##
####################
Elapsed Seconds                  :                0
Throughput (records/hour)        :         Infinity
Average Matching Latency (ms)    :         0.750000
Max Matching Latency (ms)        :                2
Min Matching Latency (ms)        :                2
Average Non-Matching Latency (ms):          0.87500
Max Non-Matching Latency (ms)    :                2
Min Non-Matching Latency (ms)    :                0



Time process started at 2019-08-20 09.04.46
Time process ended at 2019-08-20 09.04.46
Total elapsed time 0 hour(s) 0 minute(s) 0 second(s)

